Log file open, 04/06/18 17:06:20
LogWindows: Failed to load 'aqProf.dll' (GetLastError=126)
LogWindows: File 'aqProf.dll' does not exist
LogWindows: Failed to load 'VSPerf140.dll' (GetLastError=126)
LogWindows: File 'VSPerf140.dll' does not exist
LogWindows: Failed to load 'VtuneApi.dll' (GetLastError=126)
LogWindows: File 'VtuneApi.dll' does not exist
LogWindows: Failed to load 'VtuneApi32e.dll' (GetLastError=126)
LogWindows: File 'VtuneApi32e.dll' does not exist
LogInit: Display: Running engine for game: Tetris
LogPlatformFile: Not using cached read wrapper
LogInit: Display: RandInit(-2134328866) SRandInit(-2134328866).
LogInit: Read version file with build ID '3944462'
LogInit: Overriding engine version to CL 3944462, compatible CL 3944462
LogInit: Registered custom module enumerator with build ID '3944462'
LogTaskGraph: Started task graph with 5 named threads and 23 total threads with 3 sets of task threads.
LogStats: Stats thread started at 0.250034
LogD3D11RHI: Aftermath initialized
LogICUInternationalization: Display: ICU TimeZone Detection - Raw Offset: -3:00, Platform Override: ''
LogPluginManager: Mounting plugin Paper2D
LogPluginManager: Mounting plugin LiveLink
LogPluginManager: Mounting plugin LightPropagationVolume
LogPluginManager: Mounting plugin CLionSourceCodeAccess
LogPluginManager: Mounting plugin CodeLiteSourceCodeAccess
LogPluginManager: Mounting plugin GitSourceControl
LogPluginManager: Mounting plugin KDevelopSourceCodeAccess
LogPluginManager: Mounting plugin NullSourceCodeAccess
LogPluginManager: Mounting plugin PerforceSourceControl
LogPluginManager: Mounting plugin SubversionSourceControl
LogPluginManager: Mounting plugin UObjectPlugin
LogPluginManager: Mounting plugin VisualStudioCodeSourceCodeAccess
LogPluginManager: Mounting plugin VisualStudioSourceCodeAccess
LogPluginManager: Mounting plugin XCodeSourceCodeAccess
LogPluginManager: Mounting plugin AssetManagerEditor
LogPluginManager: Mounting plugin CryptoKeys
LogPluginManager: Mounting plugin DataValidation
LogPluginManager: Mounting plugin FacialAnimation
LogPluginManager: Mounting plugin GameplayTagsEditor
LogPluginManager: Mounting plugin MobileLauncherProfileWizard
LogPluginManager: Mounting plugin PluginBrowser
LogPluginManager: Mounting plugin SpeedTreeImporter
LogPluginManager: Mounting plugin DatasmithContent
LogPluginManager: Mounting plugin AlembicImporter
LogPluginManager: Mounting plugin CharacterAI
LogPluginManager: Mounting plugin HTML5Networking
LogPluginManager: Mounting plugin AndroidMedia
LogPluginManager: Mounting plugin AvfMedia
LogPluginManager: Mounting plugin ImgMedia
LogPluginManager: Mounting plugin LinearTimecode
LogPluginManager: Mounting plugin MediaCompositing
LogPluginManager: Mounting plugin MediaPlayerEditor
LogPluginManager: Mounting plugin WmfMedia
LogPluginManager: Mounting plugin TcpMessaging
LogPluginManager: Mounting plugin UdpMessaging
LogPluginManager: Mounting plugin ActorSequence
LogPluginManager: Mounting plugin LevelSequenceEditor
LogPluginManager: Mounting plugin MatineeToLevelSequence
LogPluginManager: Mounting plugin NetcodeUnitTest
LogPluginManager: Mounting plugin NUTUnrealEngine4
LogPluginManager: Mounting plugin OnlineSubsystemGooglePlay
LogPluginManager: Mounting plugin OnlineSubsystemIOS
LogPluginManager: Mounting plugin OnlineSubsystem
LogPluginManager: Mounting plugin OnlineSubsystemNull
LogPluginManager: Mounting plugin OnlineSubsystemUtils
LogPluginManager: Mounting plugin AndroidDeviceProfileSelector
LogPluginManager: Mounting plugin AndroidMoviePlayer
LogPluginManager: Mounting plugin AndroidPermission
LogPluginManager: Mounting plugin AppleARKit
LogPluginManager: Mounting plugin AppleMoviePlayer
LogPluginManager: Mounting plugin ArchVisCharacter
LogPluginManager: Mounting plugin AudioCapture
LogPluginManager: Mounting plugin CableComponent
LogPluginManager: Mounting plugin CustomMeshComponent
LogPluginManager: Mounting plugin ExampleDeviceProfileSelector
LogPluginManager: Mounting plugin GoogleCloudMessaging
LogPluginManager: Mounting plugin ImmediatePhysics
LogPluginManager: Mounting plugin IOSDeviceProfileSelector
LogPluginManager: Mounting plugin LinuxDeviceProfileSelector
LogPluginManager: Mounting plugin LocationServicesBPLibrary
LogPluginManager: Mounting plugin MobilePatchingUtils
LogPluginManager: Mounting plugin OculusVR
LogPluginManager: Plugin shader directory ../../../Engine/Plugins/Runtime/Oculus/OculusVR/Shaders found
LogPluginManager: Mapping shader source directory ../../../Engine/Plugins/Runtime/Oculus/OculusVR/Shaders to virtual directory /Plugin/OculusVR
LogPluginManager: Mounting plugin PhysXVehicles
LogPluginManager: Mounting plugin ProceduralMeshComponent
LogPluginManager: Mounting plugin RuntimePhysXCooking
LogPluginManager: Mounting plugin SteamVR
LogPluginManager: Mounting plugin WindowsMoviePlayer
LogStreaming: Display: Took  0.419s to configure plugins.
LogModuleManager: Display: Found up-to-date module file D:/Tetris/Binaries/Win64/UE4Editor-Tetris.dll (API version 3944462).
LogModuleManager: Display: Found up-to-date module file ../../../Engine/Plugins/2D/Paper2D/Binaries/Win64/UE4Editor-Paper2D.dll (API version 3944462).
LogModuleManager: Display: Found up-to-date module file ../../../Engine/Plugins/2D/Paper2D/Binaries/Win64/UE4Editor-Paper2DEditor.dll (API version 3944462).
LogModuleManager: Display: Found up-to-date module file ../../../Engine/Plugins/2D/Paper2D/Binaries/Win64/UE4Editor-PaperSpriteSheetImporter.dll (API version 3944462).
LogModuleManager: Display: Found up-to-date module file ../../../Engine/Plugins/2D/Paper2D/Binaries/Win64/UE4Editor-PaperTiledImporter.dll (API version 3944462).
LogModuleManager: Display: Found up-to-date module file ../../../Engine/Plugins/2D/Paper2D/Binaries/Win64/UE4Editor-SmartSnapping.dll (API version 3944462).
LogModuleManager: Display: Found up-to-date module file ../../../Engine/Plugins/Animation/LiveLink/Binaries/Win64/UE4Editor-LiveLink.dll (API version 3944462).
LogModuleManager: Display: Found up-to-date module file ../../../Engine/Plugins/Animation/LiveLink/Binaries/Win64/UE4Editor-LiveLinkEditor.dll (API version 3944462).
LogModuleManager: Display: Found up-to-date module file ../../../Engine/Plugins/Blendables/LightPropagationVolume/Binaries/Win64/UE4Editor-LightPropagationVolumeRuntime.dll (API version 3944462).
LogModuleManager: Display: Found up-to-date module file ../../../Engine/Plugins/Blendables/LightPropagationVolume/Binaries/Win64/UE4Editor-LightPropagationVolumeEditor.dll (API version 3944462).
LogModuleManager: Display: Found up-to-date module file ../../../Engine/Plugins/Developer/CLionSourceCodeAccess/Binaries/Win64/UE4Editor-CLionSourceCodeAccess.dll (API version 3944462).
LogModuleManager: Display: Found up-to-date module file ../../../Engine/Plugins/Developer/GitSourceControl/Binaries/Win64/UE4Editor-GitSourceControl.dll (API version 3944462).
LogModuleManager: Display: Found up-to-date module file ../../../Engine/Plugins/Developer/PerforceSourceControl/Binaries/Win64/UE4Editor-PerforceSourceControl.dll (API version 3944462).
LogModuleManager: Display: Found up-to-date module file ../../../Engine/Plugins/Developer/SubversionSourceControl/Binaries/Win64/UE4Editor-SubversionSourceControl.dll (API version 3944462).
LogModuleManager: Display: Found up-to-date module file ../../../Engine/Plugins/Developer/UObjectPlugin/Binaries/Win64/UE4Editor-UObjectPlugin.dll (API version 3944462).
LogModuleManager: Display: Found up-to-date module file ../../../Engine/Plugins/Developer/VisualStudioCodeSourceCodeAccess/Binaries/Win64/UE4Editor-VisualStudioCodeSourceCodeAccess.dll (API version 3944462).
LogModuleManager: Display: Found up-to-date module file ../../../Engine/Plugins/Developer/VisualStudioSourceCodeAccess/Binaries/Win64/UE4Editor-VisualStudioSourceCodeAccess.dll (API version 3944462).
LogModuleManager: Display: Found up-to-date module file ../../../Engine/Plugins/Editor/AssetManagerEditor/Binaries/Win64/UE4Editor-AssetManagerEditor.dll (API version 3944462).
LogModuleManager: Display: Found up-to-date module file ../../../Engine/Plugins/Editor/CryptoKeys/Binaries/Win64/UE4Editor-CryptoKeys.dll (API version 3944462).
LogModuleManager: Display: Found up-to-date module file ../../../Engine/Plugins/Editor/CryptoKeys/Binaries/Win64/UE4Editor-CryptoKeysOpenSSL.dll (API version 3944462).
LogModuleManager: Display: Found up-to-date module file ../../../Engine/Plugins/Editor/DataValidation/Binaries/Win64/UE4Editor-DataValidation.dll (API version 3944462).
LogModuleManager: Display: Found up-to-date module file ../../../Engine/Plugins/Editor/FacialAnimation/Binaries/Win64/UE4Editor-FacialAnimation.dll (API version 3944462).
LogModuleManager: Display: Found up-to-date module file ../../../Engine/Plugins/Editor/FacialAnimation/Binaries/Win64/UE4Editor-FacialAnimationEditor.dll (API version 3944462).
LogModuleManager: Display: Found up-to-date module file ../../../Engine/Plugins/Editor/GameplayTagsEditor/Binaries/Win64/UE4Editor-GameplayTagsEditor.dll (API version 3944462).
LogModuleManager: Display: Found up-to-date module file ../../../Engine/Plugins/Editor/MobileLauncherProfileWizard/Binaries/Win64/UE4Editor-MobileLauncherProfileWizard.dll (API version 3944462).
LogModuleManager: Display: Found up-to-date module file ../../../Engine/Plugins/Editor/PluginBrowser/Binaries/Win64/UE4Editor-PluginBrowser.dll (API version 3944462).
LogModuleManager: Display: Found up-to-date module file ../../../Engine/Plugins/Editor/SpeedTreeImporter/Binaries/Win64/UE4Editor-SpeedTreeImporter.dll (API version 3944462).
LogModuleManager: Display: Found up-to-date module file ../../../Engine/Plugins/Enterprise/DatasmithContent/Binaries/Win64/UE4Editor-DatasmithContent.dll (API version 3944462).
LogModuleManager: Display: Found up-to-date module file ../../../Engine/Plugins/Experimental/AlembicImporter/Binaries/Win64/UE4Editor-AlembicImporter.dll (API version 3944462).
LogModuleManager: Display: Found up-to-date module file ../../../Engine/Plugins/Experimental/AlembicImporter/Binaries/Win64/UE4Editor-AlembicLibrary.dll (API version 3944462).
LogModuleManager: Display: Found up-to-date module file ../../../Engine/Plugins/Experimental/CharacterAI/Binaries/Win64/UE4Editor-CharacterAI.dll (API version 3944462).
LogModuleManager: Display: Found up-to-date module file ../../../Engine/Plugins/Experimental/HTML5Networking/Binaries/Win64/UE4Editor-HTML5Networking.dll (API version 3944462).
LogModuleManager: Display: Found up-to-date module file ../../../Engine/Plugins/Media/AndroidMedia/Binaries/Win64/UE4Editor-AndroidMediaEditor.dll (API version 3944462).
LogModuleManager: Display: Found up-to-date module file ../../../Engine/Plugins/Media/AndroidMedia/Binaries/Win64/UE4Editor-AndroidMediaFactory.dll (API version 3944462).
LogModuleManager: Display: Found up-to-date module file ../../../Engine/Plugins/Media/AvfMedia/Binaries/Win64/UE4Editor-AvfMediaEditor.dll (API version 3944462).
LogModuleManager: Display: Found up-to-date module file ../../../Engine/Plugins/Media/AvfMedia/Binaries/Win64/UE4Editor-AvfMediaFactory.dll (API version 3944462).
LogModuleManager: Display: Found up-to-date module file ../../../Engine/Plugins/Media/AvfMedia/Binaries/Win64/UE4Editor-AvfMediaFactory.dll (API version 3944462).
LogModuleManager: Display: Found up-to-date module file ../../../Engine/Plugins/Media/ImgMedia/Binaries/Win64/UE4Editor-ImgMedia.dll (API version 3944462).
LogModuleManager: Display: Found up-to-date module file ../../../Engine/Plugins/Media/ImgMedia/Binaries/Win64/UE4Editor-ImgMediaEditor.dll (API version 3944462).
LogModuleManager: Display: Found up-to-date module file ../../../Engine/Plugins/Media/ImgMedia/Binaries/Win64/UE4Editor-ImgMediaFactory.dll (API version 3944462).
LogModuleManager: Display: Found up-to-date module file ../../../Engine/Plugins/Media/ImgMedia/Binaries/Win64/UE4Editor-ImgMediaFactory.dll (API version 3944462).
LogModuleManager: Display: Found up-to-date module file ../../../Engine/Plugins/Media/ImgMedia/Binaries/Win64/UE4Editor-OpenExrWrapper.dll (API version 3944462).
LogModuleManager: Display: Found up-to-date module file ../../../Engine/Plugins/Media/LinearTimecode/Binaries/Win64/UE4Editor-LinearTimecode.dll (API version 3944462).
LogModuleManager: Display: Found up-to-date module file ../../../Engine/Plugins/Media/MediaCompositing/Binaries/Win64/UE4Editor-MediaCompositing.dll (API version 3944462).
LogModuleManager: Display: Found up-to-date module file ../../../Engine/Plugins/Media/MediaCompositing/Binaries/Win64/UE4Editor-MediaCompositingEditor.dll (API version 3944462).
LogModuleManager: Display: Found up-to-date module file ../../../Engine/Plugins/Media/MediaPlayerEditor/Binaries/Win64/UE4Editor-MediaPlayerEditor.dll (API version 3944462).
LogModuleManager: Display: Found up-to-date module file ../../../Engine/Plugins/Media/WmfMedia/Binaries/Win64/UE4Editor-WmfMedia.dll (API version 3944462).
LogModuleManager: Display: Found up-to-date module file ../../../Engine/Plugins/Media/WmfMedia/Binaries/Win64/UE4Editor-WmfMediaEditor.dll (API version 3944462).
LogModuleManager: Display: Found up-to-date module file ../../../Engine/Plugins/Media/WmfMedia/Binaries/Win64/UE4Editor-WmfMediaFactory.dll (API version 3944462).
LogModuleManager: Display: Found up-to-date module file ../../../Engine/Plugins/Media/WmfMedia/Binaries/Win64/UE4Editor-WmfMediaFactory.dll (API version 3944462).
LogModuleManager: Display: Found up-to-date module file ../../../Engine/Plugins/Messaging/TcpMessaging/Binaries/Win64/UE4Editor-TcpMessaging.dll (API version 3944462).
LogModuleManager: Display: Found up-to-date module file ../../../Engine/Plugins/Messaging/UdpMessaging/Binaries/Win64/UE4Editor-UdpMessaging.dll (API version 3944462).
LogModuleManager: Display: Found up-to-date module file ../../../Engine/Plugins/MovieScene/ActorSequence/Binaries/Win64/UE4Editor-ActorSequence.dll (API version 3944462).
LogModuleManager: Display: Found up-to-date module file ../../../Engine/Plugins/MovieScene/LevelSequenceEditor/Binaries/Win64/UE4Editor-LevelSequenceEditor.dll (API version 3944462).
LogModuleManager: Display: Found up-to-date module file ../../../Engine/Plugins/MovieScene/MatineeToLevelSequence/Binaries/Win64/UE4Editor-MatineeToLevelSequence.dll (API version 3944462).
LogModuleManager: Display: Found up-to-date module file ../../../Engine/Plugins/NetcodeUnitTest/NetcodeUnitTest/Binaries/Win64/UE4Editor-NetcodeUnitTest.dll (API version 3944462).
LogModuleManager: Display: Found up-to-date module file ../../../Engine/Plugins/NetcodeUnitTest/NUTUnrealEngine4/Binaries/Win64/UE4Editor-NUTUnrealEngine4.dll (API version 3944462).
LogModuleManager: Display: Found up-to-date module file ../../../Engine/Plugins/Online/OnlineSubsystem/Binaries/Win64/UE4Editor-OnlineSubsystem.dll (API version 3944462).
LogModuleManager: Display: Found up-to-date module file ../../../Engine/Plugins/Online/OnlineSubsystemNull/Binaries/Win64/UE4Editor-OnlineSubsystemNull.dll (API version 3944462).
LogModuleManager: Display: Found up-to-date module file ../../../Engine/Plugins/Online/OnlineSubsystemUtils/Binaries/Win64/UE4Editor-OnlineSubsystemUtils.dll (API version 3944462).
LogModuleManager: Display: Found up-to-date module file ../../../Engine/Plugins/Online/OnlineSubsystemUtils/Binaries/Win64/UE4Editor-OnlineBlueprintSupport.dll (API version 3944462).
LogModuleManager: Display: Found up-to-date module file ../../../Engine/Plugins/Runtime/AndroidDeviceProfileSelector/Binaries/Win64/UE4Editor-AndroidDeviceProfileSelector.dll (API version 3944462).
LogModuleManager: Display: Found up-to-date module file ../../../Engine/Plugins/Runtime/AndroidPermission/Binaries/Win64/UE4Editor-AndroidPermission.dll (API version 3944462).
LogModuleManager: Display: Found up-to-date module file ../../../Engine/Plugins/Runtime/AppleARKit/Binaries/Win64/UE4Editor-AppleARKit.dll (API version 3944462).
LogModuleManager: Display: Found up-to-date module file ../../../Engine/Plugins/Runtime/ArchVisCharacter/Binaries/Win64/UE4Editor-ArchVisCharacter.dll (API version 3944462).
LogModuleManager: Display: Found up-to-date module file ../../../Engine/Plugins/Runtime/AudioCapture/Binaries/Win64/UE4Editor-AudioCapture.dll (API version 3944462).
LogModuleManager: Display: Found up-to-date module file ../../../Engine/Plugins/Runtime/AudioCapture/Binaries/Win64/UE4Editor-AudioCaptureEditor.dll (API version 3944462).
LogModuleManager: Display: Found up-to-date module file ../../../Engine/Plugins/Runtime/CableComponent/Binaries/Win64/UE4Editor-CableComponent.dll (API version 3944462).
LogModuleManager: Display: Found up-to-date module file ../../../Engine/Plugins/Runtime/CustomMeshComponent/Binaries/Win64/UE4Editor-CustomMeshComponent.dll (API version 3944462).
LogModuleManager: Display: Found up-to-date module file ../../../Engine/Plugins/Runtime/ExampleDeviceProfileSelector/Binaries/Win64/UE4Editor-ExampleDeviceProfileSelector.dll (API version 3944462).
LogModuleManager: Display: Found up-to-date module file ../../../Engine/Plugins/Runtime/ImmediatePhysics/Binaries/Win64/UE4Editor-ImmediatePhysics.dll (API version 3944462).
LogModuleManager: Display: Found up-to-date module file ../../../Engine/Plugins/Runtime/ImmediatePhysics/Binaries/Win64/UE4Editor-ImmediatePhysicsEditor.dll (API version 3944462).
LogModuleManager: Display: Found up-to-date module file ../../../Engine/Plugins/Runtime/LocationServicesBPLibrary/Binaries/Win64/UE4Editor-LocationServicesBPLibrary.dll (API version 3944462).
LogModuleManager: Display: Found up-to-date module file ../../../Engine/Plugins/Runtime/MobilePatchingUtils/Binaries/Win64/UE4Editor-MobilePatchingUtils.dll (API version 3944462).
LogModuleManager: Display: Found up-to-date module file ../../../Engine/Plugins/Runtime/Oculus/OculusVR/Binaries/Win64/UE4Editor-OculusHMD.dll (API version 3944462).
LogModuleManager: Display: Found up-to-date module file ../../../Engine/Plugins/Runtime/Oculus/OculusVR/Binaries/Win64/UE4Editor-OculusInput.dll (API version 3944462).
LogModuleManager: Display: Found up-to-date module file ../../../Engine/Plugins/Runtime/Oculus/OculusVR/Binaries/Win64/UE4Editor-OculusEditor.dll (API version 3944462).
LogModuleManager: Display: Found up-to-date module file ../../../Engine/Plugins/Runtime/PhysXVehicles/Binaries/Win64/UE4Editor-PhysXVehicles.dll (API version 3944462).
LogModuleManager: Display: Found up-to-date module file ../../../Engine/Plugins/Runtime/PhysXVehicles/Binaries/Win64/UE4Editor-PhysXVehiclesEditor.dll (API version 3944462).
LogModuleManager: Display: Found up-to-date module file ../../../Engine/Plugins/Runtime/ProceduralMeshComponent/Binaries/Win64/UE4Editor-ProceduralMeshComponent.dll (API version 3944462).
LogModuleManager: Display: Found up-to-date module file ../../../Engine/Plugins/Runtime/ProceduralMeshComponent/Binaries/Win64/UE4Editor-ProceduralMeshComponentEditor.dll (API version 3944462).
LogModuleManager: Display: Found up-to-date module file ../../../Engine/Plugins/Runtime/RuntimePhysXCooking/Binaries/Win64/UE4Editor-RuntimePhysXCooking.dll (API version 3944462).
LogModuleManager: Display: Found up-to-date module file ../../../Engine/Plugins/Runtime/Steam/SteamVR/Binaries/Win64/UE4Editor-SteamVR.dll (API version 3944462).
LogModuleManager: Display: Found up-to-date module file ../../../Engine/Plugins/Runtime/Steam/SteamVR/Binaries/Win64/UE4Editor-SteamVRController.dll (API version 3944462).
LogModuleManager: Display: Found up-to-date module file ../../../Engine/Plugins/Runtime/WindowsMoviePlayer/Binaries/Win64/UE4Editor-WindowsMoviePlayer.dll (API version 3944462).
LogInit: Using libcurl 7.47.1
LogInit:  - built for x86_64-pc-win32
LogInit:  - supports SSL with OpenSSL/1.0.2g
LogInit:  - supports HTTP deflate (compression) using libz 1.2.8
LogInit:  - other features:
LogInit:      CURL_VERSION_SSL
LogInit:      CURL_VERSION_LIBZ
LogInit:      CURL_VERSION_IPV6
LogInit:      CURL_VERSION_ASYNCHDNS
LogInit:      CURL_VERSION_LARGEFILE
LogInit:      CURL_VERSION_IDN
LogInit:  CurlRequestOptions (configurable via config and command line):
LogInit:  - bVerifyPeer = false  - Libcurl will NOT verify peer certificate
LogInit:  - bUseHttpProxy = false  - Libcurl will NOT use HTTP proxy
LogInit:  - bDontReuseConnections = false  - Libcurl will reuse connections
LogInit:  - CertBundlePath = nullptr  - Libcurl will use whatever was configured at build time.
LogInit:  - MaxHostConnections = 16  - Libcurl will limit the number of connections to a host
LogInit:  - LocalHostAddr = Default
LogInit: WinSock: version 1.1 (2.2), MaxSocks=32767, MaxUdp=65467
LogInit: WinSock: I am labsoft26 (143.107.102.26:0)
LogInit: Build: ++UE4+Release-4.19-CL-3944462
LogInit: Engine Version: 4.19.0-3944462+++UE4+Release-4.19
LogInit: Compatible Engine Version: 4.19.0-3944462+++UE4+Release-4.19
LogInit: Net CL: 3944462
LogDevObjectVersion: Number of dev versions registered: 18
LogDevObjectVersion:   Dev-Blueprints (B0D832E4-1F89-4F0D-ACCF-7EB736FD4AA2): 10
LogDevObjectVersion:   Dev-Build (E1C64328-A22C-4D53-A36C-8E866417BD8C): 0
LogDevObjectVersion:   Dev-Core (375EC13C-06E4-48FB-B500-84F0262A717E): 2
LogDevObjectVersion:   Dev-Editor (E4B068ED-F494-42E9-A231-DA0B2E46BB41): 23
LogDevObjectVersion:   Dev-Framework (CFFC743F-43B0-4480-9391-14DF171D2073): 33
LogDevObjectVersion:   Dev-Mobile (B02B49B5-BB20-44E9-A304-32B752E40360): 2
LogDevObjectVersion:   Dev-Networking (A4E4105C-59A1-49B5-A7C5-40C4547EDFEE): 0
LogDevObjectVersion:   Dev-Online (39C831C9-5AE6-47DC-9A44-9C173E1C8E7C): 0
LogDevObjectVersion:   Dev-Physics (78F01B33-EBEA-4F98-B9B4-84EACCB95AA2): 0
LogDevObjectVersion:   Dev-Platform (6631380F-2D4D-43E0-8009-CF276956A95A): 0
LogDevObjectVersion:   Dev-Rendering (12F88B9F-8875-4AFC-A67C-D90C383ABD29): 25
LogDevObjectVersion:   Dev-Sequencer (7B5AE74C-D270-4C10-A958-57980B212A5A): 6
LogDevObjectVersion:   Dev-VR (D7296918-1DD6-4BDD-9DE2-64A83CC13884): 1
LogDevObjectVersion:   Dev-LoadTimes (C2A15278-BFE7-4AFE-6C17-90FF531DF755): 1
LogDevObjectVersion:   Private-Geometry (6EACA3D4-40EC-4CC1-B786-8BED09428FC5): 2
LogDevObjectVersion:   Dev-AnimPhys (29E575DD-E0A3-4627-9D10-D276232CDCEA): 16
LogDevObjectVersion:   Dev-ReflectionCapture (6B266CEC-1EC7-4B8F-A30B-E4D90942FC07): 1
LogDevObjectVersion:   Dev-Automation (0DF73D61-A23F-47EA-B727-89E90C41499A): 1
LogInit: Compiled (64-bit): Mar 13 2018 23:12:32
LogInit: Compiled with Visual C++: 19.00.24215.01
LogInit: Build Configuration: Development
LogInit: Branch Name: ++UE4+Release-4.19
LogInit: Command Line:  
LogInit: Base Directory: C:/Program Files/Epic Games/UE_4.19/Engine/Binaries/Win64/
LogInit: Installed Engine Build: 1
LogStreaming: Display: Took  0.004s to delete old logs.
LogInit: Presizing for max 8388607 objects, including 0 objects not considered by GC, pre-allocating 0 bytes for permanent pool.
LogInit: Object subsystem initialized
[2018.04.06-20.06.21:881][  0]LogInit: Selected Device Profile: [Windows]
[2018.04.06-20.06.21:881][  0]LogInit: Applying CVar settings loaded from the selected device profile: [Windows]
[2018.04.06-20.06.21:924][  0]LogInit: Computer: LABSOFT26
[2018.04.06-20.06.21:924][  0]LogInit: User: adm3
[2018.04.06-20.06.21:924][  0]LogInit: CPU Page size=4096, Cores=4
[2018.04.06-20.06.21:924][  0]LogInit: High frequency timer resolution =3.515622 MHz
[2018.04.06-20.06.21:924][  0]LogMemory: Memory total: Physical=7.9GB (8GB approx)
[2018.04.06-20.06.21:924][  0]LogMemory: Platform Memory Stats for Windows
[2018.04.06-20.06.21:924][  0]LogMemory: Process Physical Memory: 273.68 MB used, 273.68 MB peak
[2018.04.06-20.06.21:924][  0]LogMemory: Process Virtual Memory: 264.61 MB used, 264.61 MB peak
[2018.04.06-20.06.21:924][  0]LogMemory: Physical Memory: 3097.99 MB used,  5012.73 MB free, 8110.72 MB total
[2018.04.06-20.06.21:924][  0]LogMemory: Virtual Memory: 692.74 MB used,  5012.73 MB free, 134217728.00 MB total
[2018.04.06-20.06.21:935][  0]LogInit: Using OS detected language (en-US).
[2018.04.06-20.06.21:935][  0]LogInit: Using OS detected locale (pt-BR).
[2018.04.06-20.06.21:937][  0]LogTextLocalizationManager: No specific localization for 'en-US' exists, so the 'en' localization will be used.
[2018.04.06-20.06.22:277][  0]LogStreaming: Display: Took  0.341s to EndInitTextLocalization.
[2018.04.06-20.06.22:277][  0]LogInit: Setting process to per monitor DPI aware
[2018.04.06-20.06.22:312][  0]LogSlate: New Slate User Created.  User Index 0, Is Virtual User: 0
[2018.04.06-20.06.22:312][  0]LogSlate: Slate User Registered.  User Index 0, Is Virtual User: 0
[2018.04.06-20.06.22:450][  0]LogD3D11RHI: D3D11 adapters:
[2018.04.06-20.06.22:459][  0]LogD3D11RHI:    0. 'Intel(R) HD Graphics 630' (Feature Level 11_0)
[2018.04.06-20.06.22:459][  0]LogD3D11RHI:       128/0/4055 MB DedicatedVideo/DedicatedSystem/SharedSystem, Outputs:1, VendorId:0x8086
[2018.04.06-20.06.22:461][  0]LogD3D11RHI:    1. 'Microsoft Basic Render Driver' (Feature Level 11_0)
[2018.04.06-20.06.22:461][  0]LogD3D11RHI:       0/0/4055 MB DedicatedVideo/DedicatedSystem/SharedSystem, Outputs:0, VendorId:0x1414
[2018.04.06-20.06.22:461][  0]LogD3D11RHI: Chosen D3D11 Adapter: 0
[2018.04.06-20.06.22:465][  0]LogD3D11RHI: Creating new Direct3DDevice
[2018.04.06-20.06.22:465][  0]LogD3D11RHI:     GPU DeviceId: 0x5912 (for the marketing name, search the web for "GPU Device Id")
[2018.04.06-20.06.22:465][  0]LogWindows: EnumDisplayDevices:
[2018.04.06-20.06.22:465][  0]LogWindows:    0. 'Intel(R) HD Graphics 630' (P:1 D:1)
[2018.04.06-20.06.22:465][  0]LogWindows:    1. 'Intel(R) HD Graphics 630' (P:0 D:0)
[2018.04.06-20.06.22:466][  0]LogWindows:    2. 'Intel(R) HD Graphics 630' (P:0 D:0)
[2018.04.06-20.06.22:466][  0]LogWindows: DebugString: GetVideoDriverDetailsInvalid PrimaryIsNotTheChoosenAdapter GetVideoDriverDetailsInvalid PrimaryIsNotTheChoosenAdapter GetVideoDriverDetailsInvalid PrimaryIsNotTheChoosenAdapter FoundDriverCount:0 
[2018.04.06-20.06.22:466][  0]LogD3D11RHI:     Adapter Name: Intel(R) HD Graphics 630
[2018.04.06-20.06.22:466][  0]LogD3D11RHI:   Driver Version: Unknown (internal:Unknown, unified:Unknown)
[2018.04.06-20.06.22:466][  0]LogD3D11RHI:      Driver Date: Unknown
[2018.04.06-20.06.22:466][  0]LogRHI: Texture pool is 1508 MB (70% of 2155 MB)
[2018.04.06-20.06.22:473][  0]LogD3D11RHI: Async texture creation enabled
[2018.04.06-20.06.22:478][  0]LogD3D11RHI: GPU Timing Frequency: 12.000000 (Debug: 2 0)
[2018.04.06-20.06.22:479][  0]LogShaderCompilers: Guid format shader working directory is 36 characters bigger than the processId version (D:/Tetris/Intermediate/Shaders/WorkingDirectory/4236/).
[2018.04.06-20.06.22:479][  0]LogShaderCompilers: Cleaned the shader compiler working directory 'C:/Users/adm3/AppData/Local/Temp/UnrealShaderWorkingDir/5C41EC4E4FCC52E941441980EAA9B2E1/'.
[2018.04.06-20.06.22:639][  0]LogTemp: Display: Loaded TP AllDesktopTargetPlatform
[2018.04.06-20.06.22:650][  0]LogTemp: Display: Loaded TP MacClientTargetPlatform
[2018.04.06-20.06.22:661][  0]LogTemp: Display: Loaded TP MacNoEditorTargetPlatform
[2018.04.06-20.06.22:672][  0]LogTemp: Display: Loaded TP MacServerTargetPlatform
[2018.04.06-20.06.22:683][  0]LogTemp: Display: Loaded TP MacTargetPlatform
[2018.04.06-20.06.22:692][  0]LogTemp: Display: Loaded TP WindowsClientTargetPlatform
[2018.04.06-20.06.22:703][  0]LogTemp: Display: Loaded TP WindowsNoEditorTargetPlatform
[2018.04.06-20.06.22:713][  0]LogTemp: Display: Loaded TP WindowsServerTargetPlatform
[2018.04.06-20.06.22:719][  0]LogTemp: Display: Loaded TP WindowsTargetPlatform
[2018.04.06-20.06.22:728][  0]LogTemp: Display: Loaded TP Android_ASTCTargetPlatform
[2018.04.06-20.06.22:737][  0]LogTemp: Display: Loaded TP Android_ATCTargetPlatform
[2018.04.06-20.06.22:747][  0]LogTemp: Display: Loaded TP Android_DXTTargetPlatform
[2018.04.06-20.06.22:756][  0]LogTemp: Display: Loaded TP Android_ETC1aTargetPlatform
[2018.04.06-20.06.22:764][  0]LogTemp: Display: Loaded TP Android_ETC1TargetPlatform
[2018.04.06-20.06.22:773][  0]LogTemp: Display: Loaded TP Android_ETC2TargetPlatform
[2018.04.06-20.06.22:792][  0]LogTemp: Display: Loaded TP Android_MultiTargetPlatform
[2018.04.06-20.06.22:792][  0]LogTemp: Display: Loaded TP Android_PVRTCTargetPlatform
[2018.04.06-20.06.22:801][  0]LogTemp: Display: Loaded TP AndroidTargetPlatform
[2018.04.06-20.06.22:802][  0]LogTemp: Display: Loaded TP HTML5TargetPlatform
[2018.04.06-20.06.22:835][  0]LogTemp: Display: Loaded TP IOSTargetPlatform
[2018.04.06-20.06.22:843][  0]LogTemp: Display: Loaded TP TVOSTargetPlatform
[2018.04.06-20.06.22:852][  0]LogTemp: Display: Loaded TP LinuxClientTargetPlatform
[2018.04.06-20.06.22:861][  0]LogTemp: Display: Loaded TP LinuxNoEditorTargetPlatform
[2018.04.06-20.06.22:871][  0]LogTemp: Display: Loaded TP LinuxServerTargetPlatform
[2018.04.06-20.06.22:881][  0]LogTemp: Display: Loaded TP LinuxTargetPlatform
[2018.04.06-20.06.22:881][  0]LogTargetPlatformManager: Display: Building Assets For Windows
[2018.04.06-20.06.22:959][  0]LogXGEController: Cleaning working directory: C:/Users/adm3/AppData/Local/Temp/UnrealXGEWorkingDir/
[2018.04.06-20.06.22:959][  0]LogXGEController: Cannot use XGE Controller as Incredibuild is not installed on this machine.
[2018.04.06-20.06.22:959][  0]LogShaderCompilers: Cannot use XGE Shader Compiler as Incredibuild is not installed on this machine.
[2018.04.06-20.06.22:959][  0]LogShaderCompilers: Display: Using Local Shader Compiler.
[2018.04.06-20.06.23:504][  0]LogDerivedDataCache: Display: Max Cache Size: 512 MB
[2018.04.06-20.06.23:576][  0]LogDerivedDataCache: Loaded boot cache 0.07s 74MB C:/Users/adm3/AppData/Local/UnrealEngine/4.19/DerivedDataCache/Boot.ddc.
[2018.04.06-20.06.23:576][  0]LogDerivedDataCache: Display: Loaded Boot cache: C:/Users/adm3/AppData/Local/UnrealEngine/4.19/DerivedDataCache/Boot.ddc
[2018.04.06-20.06.23:577][  0]LogDerivedDataCache: FDerivedDataBackendGraph:  Pak pak cache file D:/Tetris/DerivedDataCache/DDC.ddp not found, will not use a pak cache.
[2018.04.06-20.06.23:577][  0]LogDerivedDataCache: Unable to find inner node Pak for hierarchical cache Hierarchy.
[2018.04.06-20.06.23:577][  0]LogDerivedDataCache: FDerivedDataBackendGraph:  CompressedPak pak cache file D:/Tetris/DerivedDataCache/Compressed.ddp not found, will not use a pak cache.
[2018.04.06-20.06.23:577][  0]LogDerivedDataCache: Unable to find inner node CompressedPak for hierarchical cache Hierarchy.
[2018.04.06-20.06.23:590][  0]LogDerivedDataCache: Display: Pak cache opened for reading ../../../Engine/DerivedDataCache/Compressed.ddp.
[2018.04.06-20.06.23:602][  0]LogDerivedDataCache: Using Local data cache path C:/Users/adm3/AppData/Local/UnrealEngine/Common/DerivedDataCache: Writable
[2018.04.06-20.06.23:611][  0]LogMaterial: Verifying Global Shaders for PCD3D_SM5
[2018.04.06-20.06.23:611][  0]LogSlate: Using Freetype 2.6.0
[2018.04.06-20.06.23:612][  0]LogSlate: SlateFontCache - WITH_FREETYPE: 1, WITH_HARFBUZZ: 1
[2018.04.06-20.06.23:612][  0]LogSlate: SlateFontCache - WITH_FREETYPE: 1, WITH_HARFBUZZ: 1
[2018.04.06-20.06.23:703][  0]LogAssetRegistry: FAssetRegistry took 0.0257 seconds to start up
[2018.04.06-20.06.23:973][  0]LogInit: Selected Device Profile: [Windows]
[2018.04.06-20.06.24:089][  0]LogSimplygon: Simplygon DLL not present - disabling.
[2018.04.06-20.06.24:091][  0]LogMeshReduction: Using SimplygonSwarm for distributed automatic mesh merging
[2018.04.06-20.06.24:091][  0]LogMeshReduction: Using QuadricMeshReduction for automatic static mesh reduction
[2018.04.06-20.06.24:091][  0]LogMeshReduction: No automatic skeletal mesh reduction module available
[2018.04.06-20.06.24:091][  0]LogMeshReduction: No automatic mesh merging module available
[2018.04.06-20.06.24:091][  0]LogMeshMerging: No automatic mesh merging module available
[2018.04.06-20.06.24:113][  0]LogNetVersion: Tetris , NetCL: 3944462, EngineNetVer: 2, GameNetVer: 0 (Checksum: 2064844523)
[2018.04.06-20.06.24:821][  0]LogPackageLocalizationCache: Processed 9 localized package path(s) for 2 prioritized culture(s) in 0.393959 seconds
[2018.04.06-20.06.24:827][  0]LogUObjectArray: 36728 objects as part of root set at end of initial load.
[2018.04.06-20.06.24:827][  0]LogUObjectAllocator: 7314304 out of 0 bytes used by permanent object pool.
[2018.04.06-20.06.24:827][  0]LogUObjectArray: CloseDisregardForGC: 0/0 objects in disregard for GC pool
[2018.04.06-20.06.25:832][  0]LogWmfMedia: Failed to load mf.dll
[2018.04.06-20.06.25:832][  0]LogWmfMedia: Failed to load required Windows Media Foundation libraries
[2018.04.06-20.06.25:845][  0]LogWindowsMoviePlayer: Could not load mf.dll. Library not found.
[2018.04.06-20.06.25:846][  0]LogWindowsMoviePlayer: Could not load mfplat.dll. Library not found.
[2018.04.06-20.06.25:846][  0]LogWindowsMoviePlayer: Could not load mfplay.dll. Library not found.
[2018.04.06-20.06.26:354][  0]LogTcpMessaging: Initializing TcpMessaging bridge
[2018.04.06-20.06.26:377][  0]LogUdpMessaging: Initializing bridge on interface 0.0.0.0:0 to multicast group 230.0.0.1:6666.
[2018.04.06-20.06.26:857][  0]SourceControl: Source control is disabled
[2018.04.06-20.06.26:857][  0]SourceControl: Source control is disabled
[2018.04.06-20.06.26:880][  0]SourceControl: Source control is disabled
[2018.04.06-20.06.26:891][  0]SourceControl: Source control is disabled
[2018.04.06-20.06.27:245][  0]LogAndroidPermission: UAndroidPermissionCallbackProxy::GetInstance
[2018.04.06-20.06.27:340][  0]LogOcInput: OculusInput pre-init called
[2018.04.06-20.06.27:418][  0]LogEngine: Initializing Engine...
[2018.04.06-20.06.27:419][  0]LogHMD: Failed to initialize OpenVR with code 110
[2018.04.06-20.06.27:420][  0]LogStats: UGameplayTagsManager::ConstructGameplayTagTree: Construct from data asset -  0.000 s
[2018.04.06-20.06.27:420][  0]LogStats: UGameplayTagsManager::ConstructGameplayTagTree: GameplayTagTreeChangedEvent.Broadcast -  0.000 s
[2018.04.06-20.06.27:618][  0]LogAIModule: Creating AISystem for world Untitled
[2018.04.06-20.06.27:644][  0]LogInit: XAudio2 using 'Realtek Digital Output (Realtek High Definition Audio)' : 2 channels at 48 kHz using 16 bits per sample (channel mask 0x3)
[2018.04.06-20.06.27:678][  0]LogInit: FAudioDevice initialized.
[2018.04.06-20.06.27:767][  0]LogDerivedDataCache: Saved boot cache 0.09s 74MB C:/Users/adm3/AppData/Local/UnrealEngine/4.19/DerivedDataCache/Boot.ddc.
[2018.04.06-20.06.27:779][  0]LogInit: Texture streaming: Enabled
[2018.04.06-20.06.27:791][  0]LogEngineSessionManager: EngineSessionManager initialized
[2018.04.06-20.06.27:800][  0]LogInit: Transaction tracking system initialized
[2018.04.06-20.06.27:818][  0]BlueprintLog: New page: Editor Load
[2018.04.06-20.06.27:876][  0]LocalizationService: Localization service is disabled
[2018.04.06-20.06.27:963][  0]LogConsoleResponse: Display: 
[2018.04.06-20.06.28:097][  0]LogCook: Display: Max memory allowance for cook 16384mb min free memory 0mb
[2018.04.06-20.06.28:097][  0]LogCook: Display: Mobile HDR setting 1
[2018.04.06-20.06.28:097][  0]LogGameplayTags: Display: UGameplayTagsManager::DoneAddingNativeTags. DelegateIsBound: 0
[2018.04.06-20.06.28:097][  0]LogStats: UGameplayTagsManager::ConstructGameplayTagTree: Construct from data asset -  0.000 s
[2018.04.06-20.06.28:097][  0]LogStats: UGameplayTagsManager::ConstructGameplayTagTree: GameplayTagTreeChangedEvent.Broadcast -  0.000 s
[2018.04.06-20.06.28:360][  0]LogFileCache: Scanning file cache for directory 'D:/Tetris/Content/' took 0.01s
[2018.04.06-20.06.28:360][  0]SourceControl: Source control is disabled
[2018.04.06-20.06.28:360][  0]Cmd: MAP LOAD FILE="../../../Engine/Content/Maps/Templates/Template_Default.umap" TEMPLATE=1 SHOWPROGRESS=1 FEATURELEVEL=3
[2018.04.06-20.06.28:361][  0]LightingResults: New page: Lighting Build
[2018.04.06-20.06.28:363][  0]MapCheck: New page: Map Check
[2018.04.06-20.06.28:363][  0]LightingResults: New page: Lighting Build
[2018.04.06-20.06.28:513][  0]LogAIModule: Creating AISystem for world Untitled_1
[2018.04.06-20.06.28:519][  0]LogEditorServer: Finished looking for orphan Actors (0.000 secs)
[2018.04.06-20.06.28:532][  0]Cmd: MAP CHECKDEP NOCLEARLOG
[2018.04.06-20.06.28:564][  0]MapCheck: Map check complete: 0 Error(s), 0 Warning(s), took 32,404ms to complete.
[2018.04.06-20.06.28:564][  0]LogFileHelpers: Loading map 'Template_Default' took 0.204
[2018.04.06-20.06.28:628][  0]LogWindowsTextInputMethodSystem: Display: IME system now deactivated.
[2018.04.06-20.06.28:686][  0]LogCollectionManager: Loaded 0 collections in 0.001346 seconds
[2018.04.06-20.06.28:731][  0]LogFileCache: Scanning file cache for directory 'D:/Tetris/Saved/Collections/' took 0.01s
[2018.04.06-20.06.28:731][  0]LogFileCache: Scanning file cache for directory 'D:/Tetris/Content/Developers/adm3/Collections/' took 0.01s
[2018.04.06-20.06.28:731][  0]LogFileCache: Scanning file cache for directory 'D:/Tetris/Content/Collections/' took 0.00s
[2018.04.06-20.06.28:731][  0]LogCollectionManager: Rebuilt the GUID cache for 0 collections in 0.000001 seconds
[2018.04.06-20.06.28:740][  0]LogContentBrowser: Native class hierarchy populated in 0.0081 seconds. Added 2453 classes and 560 folders.
[2018.04.06-20.06.28:745][  0]LogContentBrowser: Native class hierarchy updated for 'WidgetCarousel' in 0.0003 seconds. Added 0 classes and 0 folders.
[2018.04.06-20.06.28:775][  0]LogContentBrowser: Native class hierarchy updated for 'AddContentDialog' in 0.0003 seconds. Added 0 classes and 0 folders.
[2018.04.06-20.06.28:779][  0]LogContentBrowser: Native class hierarchy updated for 'SceneOutliner' in 0.0004 seconds. Added 1 classes and 2 folders.
[2018.04.06-20.06.28:794][  0]LogSlate: Took 0.000139 seconds to synchronously load lazily loaded font '../../../Engine/Content/Slate/Fonts/Roboto-Regular.ttf' (155K)
[2018.04.06-20.06.28:795][  0]LogSlate: Took 0.000105 seconds to synchronously load lazily loaded font '../../../Engine/Content/Slate/Fonts/Roboto-Bold.ttf' (160K)
[2018.04.06-20.06.28:799][  0]LogSlate: Took 0.000101 seconds to synchronously load lazily loaded font '../../../Engine/Content/Editor/Slate/Fonts/FontAwesome.ttf' (139K)
[2018.04.06-20.06.28:886][  0]LogRenderer: Reallocating scene render targets to support 904x456 Format 10 NumSamples 1 (Frame:1).
[2018.04.06-20.06.29:668][  0]LogContentBrowser: Native class hierarchy updated for 'HierarchicalLODOutliner' in 0.0004 seconds. Added 0 classes and 0 folders.
[2018.04.06-20.06.29:668][  0]LogLoad: (Engine Initialization) Total time: 10.62 seconds
[2018.04.06-20.06.29:668][  0]LogLoad: (Engine Initialization) Total Blueprint compile time: 0.00 seconds
[2018.04.06-20.06.29:693][  0]LogAssetRegistry: Asset discovery search completed in 6.0119 seconds
[2018.04.06-20.06.29:694][  0]LogCollectionManager: Rebuilt the object cache for 0 collections in 0.000000 seconds (found 0 objects)
[2018.04.06-20.06.29:694][  0]LogCollectionManager: Fixed up redirectors for 0 collections in 0.000037 seconds (updated 0 objects)
[2018.04.06-20.06.29:697][  0]LogContentStreaming: Texture pool size now 1000 MB
[2018.04.06-20.06.29:727][  0]LogSlate: Took 0.000135 seconds to synchronously load lazily loaded font '../../../Engine/Content/Slate/Fonts/Roboto-Light.ttf' (167K)
[2018.04.06-20.06.56:550][168]LogSlate: FSceneViewport::OnFocusLost() reason 0
[2018.04.06-20.06.56:694][179]LogMaterial: Missing cached shader map for material MT_Tetris_Chao, compiling. 
[2018.04.06-20.06.56:728][179]LogShaderCompilers: Display: Shaders left to compile 22
[2018.04.06-20.06.56:728][179]LogShaderCompilers: Display: Shaders left to compile 12
[2018.04.06-20.06.56:728][179]LogShaderCompilers: Display: Shaders left to compile 2
[2018.04.06-20.06.57:532][240]LogMaterial: Warning: Material /Game/Materials/MT_Tetris_Chao.MT_Tetris_Chao needed to have new flag set bUsedWithStaticLighting !
[2018.04.06-20.06.57:534][240]LogMaterial: Missing cached shader map for material MT_Tetris_Chao, compiling. 
[2018.04.06-20.06.57:573][240]LogShaderCompilers: Display: Shaders left to compile 31
[2018.04.06-20.06.57:573][240]LogShaderCompilers: Display: Shaders left to compile 21
[2018.04.06-20.06.58:610][268]LogEditorViewport: Clicking on Actor (LMB): StaticMeshActor (Floor)
[2018.04.06-20.07.00:156][293]LogSlate: FSceneViewport::OnFocusLost() reason 0
[2018.04.06-20.07.00:548][302]LogShaderCompilers: Display: Shaders left to compile 11
[2018.04.06-20.07.01:998][330]LogSlate: Window 'Select Path' being destroyed
[2018.04.06-20.07.02:058][331]LogShaderCompilers: Display: Shaders left to compile 1
[2018.04.06-20.07.02:659][343]LogEditorViewport: Clicking on Actor (LMB): StaticMeshActor (Floor)
[2018.04.06-20.07.02:770][344]LogEditorViewport: Clicking on Component (LMB): StaticMeshComponent (StaticMeshComponent0)
[2018.04.06-20.07.04:849][387]LogSlate: FSceneViewport::OnFocusLost() reason 2
[2018.04.06-20.07.04:892][387]LogSlate: Took 0.000346 seconds to synchronously load lazily loaded font '../../../Engine/Content/Slate/Fonts/Roboto-Light.ttf' (167K)
[2018.04.06-20.07.09:795][808]LogMaterial: Missing cached shader map for material MT_Tetris_Chao, compiling. 
[2018.04.06-20.07.10:459][808]LogMaterial: Missing cached shader map for material MT_Tetris_Chao, compiling. 
[2018.04.06-20.07.10:468][808]LogMaterial: Missing cached shader map for material MT_Tetris_Chao, compiling. 
[2018.04.06-20.07.10:488][808]LogShaderCompilers: Display: Shaders left to compile 18
[2018.04.06-20.07.10:488][808]LogShaderCompilers: Display: Shaders left to compile 17
[2018.04.06-20.07.10:488][808]LogShaderCompilers: Display: Shaders left to compile 16
[2018.04.06-20.07.10:488][808]LogShaderCompilers: Display: Shaders left to compile 15
[2018.04.06-20.07.10:502][808]LogMaterial: Missing cached shader map for material FMatExpressionPreview MaterialExpressionConstant3Vector_0, compiling. 
[2018.04.06-20.07.10:514][808]LogSlate: Took 0.001794 seconds to synchronously load lazily loaded font '../../../Engine/Content/Slate/Fonts/Roboto-BoldCondensed.ttf' (158K)
[2018.04.06-20.07.10:727][809]LogShaderCompilers: Display: Shaders left to compile 16
[2018.04.06-20.07.10:727][809]LogShaderCompilers: Display: Shaders left to compile 15
[2018.04.06-20.07.10:791][810]LogShaderCompilers: Display: Shaders left to compile 14
[2018.04.06-20.07.10:791][810]LogShaderCompilers: Display: Shaders left to compile 13
[2018.04.06-20.07.11:048][814]LogShaderCompilers: Display: Shaders left to compile 12
[2018.04.06-20.07.11:167][816]LogShaderCompilers: Display: Shaders left to compile 11
[2018.04.06-20.07.11:218][817]LogShaderCompilers: Display: Shaders left to compile 10
[2018.04.06-20.07.11:843][828]LogShaderCompilers: Display: Shaders left to compile 9
[2018.04.06-20.07.12:252][834]LogShaderCompilers: Display: Shaders left to compile 8
[2018.04.06-20.07.12:301][834]LogShaderCompilers: Display: Shaders left to compile 7
[2018.04.06-20.07.12:365][836]LogShaderCompilers: Display: Shaders left to compile 6
[2018.04.06-20.07.12:430][837]LogShaderCompilers: Display: Shaders left to compile 5
[2018.04.06-20.07.12:967][846]LogShaderCompilers: Display: Shaders left to compile 4
[2018.04.06-20.07.13:436][855]LogShaderCompilers: Display: Shaders left to compile 3
[2018.04.06-20.07.13:463][856]LogShaderCompilers: Display: Shaders left to compile 2
[2018.04.06-20.07.13:531][859]LogShaderCompilers: Display: Shaders left to compile 1
[2018.04.06-20.07.14:330][907]LogMaterial: Missing cached shader map for material MT_Tetris_Chao, compiling. 
[2018.04.06-20.07.14:342][907]LogShaderCompilers: Display: Shaders left to compile 18
[2018.04.06-20.07.14:342][907]LogShaderCompilers: Display: Shaders left to compile 17
[2018.04.06-20.07.14:342][907]LogShaderCompilers: Display: Shaders left to compile 16
[2018.04.06-20.07.14:342][907]LogShaderCompilers: Display: Shaders left to compile 15
[2018.04.06-20.07.14:342][907]LogMaterial: Missing cached shader map for material FMatExpressionPreview MaterialExpressionConstant3Vector_0, compiling. 
[2018.04.06-20.07.14:715][913]LogShaderCompilers: Display: Shaders left to compile 16
[2018.04.06-20.07.14:827][915]LogShaderCompilers: Display: Shaders left to compile 15
[2018.04.06-20.07.14:871][916]LogShaderCompilers: Display: Shaders left to compile 14
[2018.04.06-20.07.14:871][916]LogShaderCompilers: Display: Shaders left to compile 13
[2018.04.06-20.07.14:921][917]LogMaterial: Missing cached shader map for material MT_Tetris_Chao, compiling. 
[2018.04.06-20.07.14:941][917]LogMaterial: Missing cached shader map for material FMatExpressionPreview MaterialExpressionConstant3Vector_0, compiling. 
[2018.04.06-20.07.14:967][917]LogSlate: Window 'Color Picker' being destroyed
[2018.04.06-20.07.15:028][918]LogShaderCompilers: Display: Shaders left to compile 20
[2018.04.06-20.07.15:147][920]LogShaderCompilers: Display: Shaders left to compile 19
[2018.04.06-20.07.15:199][921]LogShaderCompilers: Display: Shaders left to compile 18
[2018.04.06-20.07.15:601][928]LogShaderCompilers: Display: Shaders left to compile 17
[2018.04.06-20.07.15:771][931]LogShaderCompilers: Display: Shaders left to compile 16
[2018.04.06-20.07.15:771][931]LogShaderCompilers: Display: Shaders left to compile 15
[2018.04.06-20.07.15:830][932]LogShaderCompilers: Display: Shaders left to compile 14
[2018.04.06-20.07.16:049][936]LogShaderCompilers: Display: Shaders left to compile 13
[2018.04.06-20.07.16:050][936]LogMaterialEditor: Applying material MT_Tetris_Chao
[2018.04.06-20.07.16:615][936]LogShaderCompilers: Display: Shaders left to compile 12
[2018.04.06-20.07.16:615][936]LogShaderCompilers: Display: Shaders left to compile 11
[2018.04.06-20.07.16:615][936]LogShaderCompilers: Display: Shaders left to compile 10
[2018.04.06-20.07.16:615][936]LogShaderCompilers: Display: Shaders left to compile 9
[2018.04.06-20.07.16:615][936]LogShaderCompilers: Display: Shaders left to compile 8
[2018.04.06-20.07.16:615][936]LogShaderCompilers: Display: Shaders left to compile 7
[2018.04.06-20.07.16:615][936]LogShaderCompilers: Display: Shaders left to compile 6
[2018.04.06-20.07.16:615][936]LogShaderCompilers: Display: Shaders left to compile 5
[2018.04.06-20.07.16:632][936]LogMaterial: Missing cached shader map for material MT_Tetris_Chao, compiling. 
[2018.04.06-20.07.16:662][936]LogShaderCompilers: Display: Shaders left to compile 2
[2018.04.06-20.07.16:688][936]LogMaterial: Missing cached shader map for material MT_Tetris_Chao, compiling. 
[2018.04.06-20.07.16:716][936]LogMaterial: Missing cached shader map for material MT_Tetris_Chao, compiling. 
[2018.04.06-20.07.16:746][936]LogMaterial: Missing cached shader map for material FDebugViewModeMaterialProxy MT_Tetris_Chao, compiling. 
[2018.04.06-20.07.17:779][936]LogShaderCompilers: Display: Shaders left to compile 51
[2018.04.06-20.07.17:779][936]LogShaderCompilers: Display: Shaders left to compile 50
[2018.04.06-20.07.17:779][936]LogShaderCompilers: Display: Shaders left to compile 49
[2018.04.06-20.07.17:779][936]LogShaderCompilers: Display: Shaders left to compile 48
[2018.04.06-20.07.17:779][936]LogShaderCompilers: Display: Shaders left to compile 47
[2018.04.06-20.07.17:779][936]LogShaderCompilers: Display: Shaders left to compile 46
[2018.04.06-20.07.17:779][936]LogShaderCompilers: Display: Shaders left to compile 45
[2018.04.06-20.07.17:779][936]LogShaderCompilers: Display: Shaders left to compile 44
[2018.04.06-20.07.17:779][936]LogShaderCompilers: Display: Shaders left to compile 43
[2018.04.06-20.07.17:779][936]LogShaderCompilers: Display: Shaders left to compile 42
[2018.04.06-20.07.17:779][936]LogShaderCompilers: Display: Shaders left to compile 41
[2018.04.06-20.07.17:779][936]LogShaderCompilers: Display: Shaders left to compile 40
[2018.04.06-20.07.17:779][936]LogShaderCompilers: Display: Shaders left to compile 39
[2018.04.06-20.07.17:779][936]LogShaderCompilers: Display: Shaders left to compile 38
[2018.04.06-20.07.17:779][936]LogShaderCompilers: Display: Shaders left to compile 37
[2018.04.06-20.07.17:779][936]LogShaderCompilers: Display: Shaders left to compile 36
[2018.04.06-20.07.17:779][936]LogShaderCompilers: Display: Shaders left to compile 35
[2018.04.06-20.07.17:779][936]LogShaderCompilers: Display: Shaders left to compile 34
[2018.04.06-20.07.17:779][936]LogShaderCompilers: Display: Shaders left to compile 33
[2018.04.06-20.07.17:779][936]LogShaderCompilers: Display: Shaders left to compile 32
[2018.04.06-20.07.17:779][936]LogShaderCompilers: Display: Shaders left to compile 31
[2018.04.06-20.07.17:779][936]LogShaderCompilers: Display: Shaders left to compile 21
[2018.04.06-20.07.17:782][936]TextureStreamingBuild: Display: Compiling optional shaders took 1.042 seconds.
[2018.04.06-20.07.17:839][938]LogShaderCompilers: Display: Shaders left to compile 11
[2018.04.06-20.07.17:887][938]LogShaderCompilers: Display: Shaders left to compile 1
[2018.04.06-20.07.19:335][961]LogSlate: FSceneViewport::OnFocusLost() reason 0
[2018.04.06-20.07.19:443][963]LogSlate: Window 'MT_Tetris_Chao*' being destroyed
[2018.04.06-20.07.19:454][963]LogSlate: Window 'MT_Tetris_Chao*' being destroyed
[2018.04.06-20.07.25:540][125]LogSlate: FSceneViewport::OnFocusLost() reason 0
[2018.04.06-20.07.29:097][246]LogSlate: FSceneViewport::OnFocusLost() reason 0
[2018.04.06-20.07.30:415][290]LogEditorActor: Deleted Actor: BP_Sky_Sphere_C
[2018.04.06-20.07.30:521][290]LogEditorActor: Deleted 1 Actors (0.111 secs)
[2018.04.06-20.07.31:772][335]LogEditorActor: Deleted Actor: SkyLight
[2018.04.06-20.07.31:791][335]LogEditorActor: Deleted 1 Actors (0.022 secs)
[2018.04.06-20.07.35:531][494]LogEditorActor: Deleted Actor: AtmosphericFog
[2018.04.06-20.07.35:553][494]LogEditorActor: Deleted 1 Actors (0.024 secs)
[2018.04.06-20.11.20:990][593]LogSlate: FSceneViewport::OnFocusLost() reason 0
[2018.04.06-20.16.30:308][531]Cmd: OBJ SAVEPACKAGE PACKAGE="/Temp/Untitled_1" FILE="D:/Tetris/Saved/Autosaves/Temp/Untitled_1_Auto1.umap" SILENT=true AUTOSAVING=true KEEPDIRTY=false
[2018.04.06-20.16.31:105][531]LogSavePackage: Save=796.09ms
[2018.04.06-20.16.31:105][531]LogSavePackage: Moving 'D:/Tetris/Saved/Untitled_1_Auto1B0A7A94E4B4B3E34D264A2AE4F0E7A7A.tmp' to 'D:/Tetris/Saved/Autosaves/Temp/Untitled_1_Auto1.umap'
[2018.04.06-20.16.31:113][531]LogSavePackage: Display: Finished SavePackage D:/Tetris/Saved/Autosaves/Temp/Untitled_1_Auto1.umap
[2018.04.06-20.16.31:126][531]LogFileHelpers: Editor autosave (incl. sublevels) for '/Temp/Untitled_1' took 0.838
[2018.04.06-20.16.31:126][531]LogFileHelpers: Editor autosave (incl. sublevels) for all levels took 0.838
[2018.04.06-20.16.31:139][531]OBJ SavePackage: Generating thumbnails for [1] asset(s) in package [/Game/Materials/MT_Tetris_Chao] ([1] browsable assets)...
[2018.04.06-20.16.31:176][531]OBJ SavePackage:     Rendered thumbnail for [Material /Game/Materials/MT_Tetris_Chao.MT_Tetris_Chao]
[2018.04.06-20.16.31:176][531]OBJ SavePackage: Finished generating thumbnails for package [/Game/Materials/MT_Tetris_Chao]
[2018.04.06-20.16.31:176][531]Cmd: OBJ SAVEPACKAGE PACKAGE="/Game/Materials/MT_Tetris_Chao" FILE="D:/Tetris/Saved/Autosaves/Game/Materials/MT_Tetris_Chao_Auto1.uasset" SILENT=false AUTOSAVING=true
[2018.04.06-20.16.31:284][531]LogSavePackage: Save=38.21ms
[2018.04.06-20.16.31:284][531]LogSavePackage: Moving 'D:/Tetris/Saved/MT_Tetris_Chao_Auto1401554A14BC917453B0E8AA37ECD7B31.tmp' to 'D:/Tetris/Saved/Autosaves/Game/Materials/MT_Tetris_Chao_Auto1.uasset'
[2018.04.06-20.16.31:292][531]LogSavePackage: Display: Finished SavePackage D:/Tetris/Saved/Autosaves/Game/Materials/MT_Tetris_Chao_Auto1.uasset
[2018.04.06-20.16.31:292][531]LogFileHelpers: Auto-saving content packages took 0.163
[2018.04.06-20.19.39:820][268]LogSlate: FSceneViewport::OnFocusLost() reason 0
[2018.04.06-20.20.25:291][ 12]LogSlate: FSceneViewport::OnFocusLost() reason 0
[2018.04.06-20.20.59:609][456]LogSlate: FSceneViewport::OnFocusLost() reason 0
[2018.04.06-20.24.30:077][176]LogSlate: FSceneViewport::OnFocusLost() reason 0
[2018.04.06-20.24.32:850][288]LogMaterial: Missing cached shader map for material MT_Tetris_Quadrado, compiling. 
[2018.04.06-20.24.32:866][288]LogShaderCompilers: Display: Shaders left to compile 22
[2018.04.06-20.24.32:866][288]LogShaderCompilers: Display: Shaders left to compile 12
[2018.04.06-20.24.32:866][288]LogShaderCompilers: Display: Shaders left to compile 2
[2018.04.06-20.24.34:715][336]LogSlate: FSceneViewport::OnFocusLost() reason 0
[2018.04.06-20.24.38:065][431]LogSlate: FSceneViewport::OnFocusLost() reason 0
[2018.04.06-20.24.45:581][692]LogSlate: Took 0.001882 seconds to synchronously load lazily loaded font '../../../Engine/Content/Slate/Fonts/Roboto-Italic.ttf' (157K)
[2018.04.06-20.24.46:497][723]LogEditorViewport: Clicking Background
[2018.04.06-20.24.47:760][769]LogEditorViewport: Clicking on Actor (LMB): BP_Tetris_Quadrado_C (BP_Tetris_Quadrado)
[2018.04.06-20.24.51:293][892]LogEditorViewport: Clicking on Actor (LMB): StaticMeshActor (Floor)
[2018.04.06-20.24.51:863][909]LogEditorViewport: Clicking Background
[2018.04.06-20.25.02:531][262]LogEditorViewport: Clicking on Actor (LMB): BP_Tetris_Quadrado_C (BP_Tetris_Quadrado)
[2018.04.06-20.26.24:052][250]LogSlate: FSceneViewport::OnFocusLost() reason 0
[2018.04.06-20.27.26:081][603]Cmd: OBJ SAVEPACKAGE PACKAGE="/Temp/Untitled_1" FILE="D:/Tetris/Saved/Autosaves/Temp/Untitled_1_Auto2.umap" SILENT=true AUTOSAVING=true KEEPDIRTY=false
[2018.04.06-20.27.28:491][603]LogSavePackage: Save=2409.85ms
[2018.04.06-20.27.28:491][603]LogSavePackage: Moving 'D:/Tetris/Saved/Untitled_1_Auto2B47500F94FC37BECBE21BE90943C9EEB.tmp' to 'D:/Tetris/Saved/Autosaves/Temp/Untitled_1_Auto2.umap'
[2018.04.06-20.27.28:499][603]LogSavePackage: Display: Finished SavePackage D:/Tetris/Saved/Autosaves/Temp/Untitled_1_Auto2.umap
[2018.04.06-20.27.28:514][603]LogFileHelpers: Editor autosave (incl. sublevels) for '/Temp/Untitled_1' took 2.443
[2018.04.06-20.27.28:514][603]LogFileHelpers: Editor autosave (incl. sublevels) for all levels took 2.443
