Log file open, 04/06/18 15:30:23
LogWindows: Failed to load 'aqProf.dll' (GetLastError=126)
LogWindows: File 'aqProf.dll' does not exist
LogWindows: Failed to load 'VSPerf140.dll' (GetLastError=126)
LogWindows: File 'VSPerf140.dll' does not exist
LogWindows: Failed to load 'VtuneApi.dll' (GetLastError=126)
LogWindows: File 'VtuneApi.dll' does not exist
LogWindows: Failed to load 'VtuneApi32e.dll' (GetLastError=126)
LogWindows: File 'VtuneApi32e.dll' does not exist
LogInit: Display: Running engine for game: Tetris
LogPlatformFile: Not using cached read wrapper
LogInit: Display: RandInit(1137766414) SRandInit(1137766415).
LogInit: Read version file with build ID '3944462'
LogInit: Overriding engine version to CL 3944462, compatible CL 3944462
LogInit: Registered custom module enumerator with build ID '3944462'
LogTaskGraph: Started task graph with 5 named threads and 11 total threads with 3 sets of task threads.
LogStats: Stats thread started at 0.340681
LogD3D11RHI: Aftermath initialized
LogICUInternationalization: Display: ICU TimeZone Detection - Raw Offset: -3:00, Platform Override: ''
LogConfig: Warning: Failed to saved backup for config[Engine]
LogConfig: Warning: Failed to saved backup for config[Game]
LogConfig: Warning: Failed to saved backup for config[Input]
LogConfig: Warning: Failed to saved backup for config[EditorPerProjectUserSettings]
LogConfig: Warning: Failed to saved backup for config[EditorSettings]
LogConfig: Warning: Failed to saved backup for config[EditorKeyBindings]
LogConfig: Warning: Failed to saved backup for config[Scalability]
LogPluginManager: Mounting plugin Paper2D
LogConfig: Warning: Failed to saved backup for config[Paper2D]
LogPluginManager: Mounting plugin LiveLink
LogPluginManager: Mounting plugin LightPropagationVolume
LogPluginManager: Mounting plugin CLionSourceCodeAccess
LogPluginManager: Mounting plugin CodeLiteSourceCodeAccess
LogConfig: Warning: Failed to saved backup for config[CodeLiteSourceCodeAccess]
LogPluginManager: Mounting plugin GitSourceControl
LogPluginManager: Mounting plugin KDevelopSourceCodeAccess
LogPluginManager: Mounting plugin NullSourceCodeAccess
LogConfig: Warning: Failed to saved backup for config[NullSourceCodeAccess]
LogPluginManager: Mounting plugin PerforceSourceControl
LogConfig: Warning: Failed to saved backup for config[PerforceSourceControl]
LogPluginManager: Mounting plugin SubversionSourceControl
LogPluginManager: Mounting plugin UObjectPlugin
LogPluginManager: Mounting plugin VisualStudioCodeSourceCodeAccess
LogPluginManager: Mounting plugin VisualStudioSourceCodeAccess
LogPluginManager: Mounting plugin XCodeSourceCodeAccess
LogPluginManager: Mounting plugin AssetManagerEditor
LogPluginManager: Mounting plugin CryptoKeys
LogPluginManager: Mounting plugin DataValidation
LogPluginManager: Mounting plugin FacialAnimation
LogPluginManager: Mounting plugin GameplayTagsEditor
LogPluginManager: Mounting plugin MobileLauncherProfileWizard
LogPluginManager: Mounting plugin PluginBrowser
LogPluginManager: Mounting plugin SpeedTreeImporter
LogPluginManager: Mounting plugin DatasmithContent
LogPluginManager: Mounting plugin AlembicImporter
LogPluginManager: Mounting plugin CharacterAI
LogPluginManager: Mounting plugin HTML5Networking
LogPluginManager: Mounting plugin AndroidMedia
LogPluginManager: Mounting plugin AvfMedia
LogPluginManager: Mounting plugin ImgMedia
LogPluginManager: Mounting plugin LinearTimecode
LogPluginManager: Mounting plugin MediaCompositing
LogPluginManager: Mounting plugin MediaPlayerEditor
LogPluginManager: Mounting plugin WmfMedia
LogPluginManager: Mounting plugin TcpMessaging
LogPluginManager: Mounting plugin UdpMessaging
LogPluginManager: Mounting plugin ActorSequence
LogPluginManager: Mounting plugin LevelSequenceEditor
LogPluginManager: Mounting plugin MatineeToLevelSequence
LogPluginManager: Mounting plugin NetcodeUnitTest
LogPluginManager: Mounting plugin NUTUnrealEngine4
LogPluginManager: Mounting plugin OnlineSubsystemGooglePlay
LogPluginManager: Mounting plugin OnlineSubsystemIOS
LogPluginManager: Mounting plugin OnlineSubsystem
LogPluginManager: Mounting plugin OnlineSubsystemNull
LogPluginManager: Mounting plugin OnlineSubsystemUtils
LogPluginManager: Mounting plugin AndroidDeviceProfileSelector
LogPluginManager: Mounting plugin AndroidMoviePlayer
LogPluginManager: Mounting plugin AndroidPermission
LogPluginManager: Mounting plugin AppleARKit
LogPluginManager: Mounting plugin AppleMoviePlayer
LogPluginManager: Mounting plugin ArchVisCharacter
LogPluginManager: Mounting plugin AudioCapture
LogPluginManager: Mounting plugin CableComponent
LogPluginManager: Mounting plugin CustomMeshComponent
LogPluginManager: Mounting plugin ExampleDeviceProfileSelector
LogPluginManager: Mounting plugin GoogleCloudMessaging
LogPluginManager: Mounting plugin ImmediatePhysics
LogPluginManager: Mounting plugin IOSDeviceProfileSelector
LogPluginManager: Mounting plugin LinuxDeviceProfileSelector
LogPluginManager: Mounting plugin LocationServicesBPLibrary
LogPluginManager: Mounting plugin MobilePatchingUtils
LogPluginManager: Mounting plugin OculusVR
LogPluginManager: Plugin shader directory ../../../Engine/Plugins/Runtime/Oculus/OculusVR/Shaders found
LogPluginManager: Mapping shader source directory ../../../Engine/Plugins/Runtime/Oculus/OculusVR/Shaders to virtual directory /Plugin/OculusVR
LogConfig: Warning: Failed to saved backup for config[OculusVR]
LogPluginManager: Mounting plugin PhysXVehicles
LogPluginManager: Mounting plugin ProceduralMeshComponent
LogPluginManager: Mounting plugin RuntimePhysXCooking
LogPluginManager: Mounting plugin SteamVR
LogPluginManager: Mounting plugin WindowsMoviePlayer
LogStreaming: Display: Took  1.216s to configure plugins.
LogModuleManager: Display: Found up-to-date module file E:/Tetris/Binaries/Win64/UE4Editor-Tetris.dll (API version 3944462).
LogModuleManager: Display: Found up-to-date module file ../../../Engine/Plugins/2D/Paper2D/Binaries/Win64/UE4Editor-Paper2D.dll (API version 3944462).
LogModuleManager: Display: Found up-to-date module file ../../../Engine/Plugins/2D/Paper2D/Binaries/Win64/UE4Editor-Paper2DEditor.dll (API version 3944462).
LogModuleManager: Display: Found up-to-date module file ../../../Engine/Plugins/2D/Paper2D/Binaries/Win64/UE4Editor-PaperSpriteSheetImporter.dll (API version 3944462).
LogModuleManager: Display: Found up-to-date module file ../../../Engine/Plugins/2D/Paper2D/Binaries/Win64/UE4Editor-PaperTiledImporter.dll (API version 3944462).
LogModuleManager: Display: Found up-to-date module file ../../../Engine/Plugins/2D/Paper2D/Binaries/Win64/UE4Editor-SmartSnapping.dll (API version 3944462).
LogModuleManager: Display: Found up-to-date module file ../../../Engine/Plugins/Animation/LiveLink/Binaries/Win64/UE4Editor-LiveLink.dll (API version 3944462).
LogModuleManager: Display: Found up-to-date module file ../../../Engine/Plugins/Animation/LiveLink/Binaries/Win64/UE4Editor-LiveLinkEditor.dll (API version 3944462).
LogModuleManager: Display: Found up-to-date module file ../../../Engine/Plugins/Blendables/LightPropagationVolume/Binaries/Win64/UE4Editor-LightPropagationVolumeRuntime.dll (API version 3944462).
LogModuleManager: Display: Found up-to-date module file ../../../Engine/Plugins/Blendables/LightPropagationVolume/Binaries/Win64/UE4Editor-LightPropagationVolumeEditor.dll (API version 3944462).
LogModuleManager: Display: Found up-to-date module file ../../../Engine/Plugins/Developer/CLionSourceCodeAccess/Binaries/Win64/UE4Editor-CLionSourceCodeAccess.dll (API version 3944462).
LogModuleManager: Display: Found up-to-date module file ../../../Engine/Plugins/Developer/GitSourceControl/Binaries/Win64/UE4Editor-GitSourceControl.dll (API version 3944462).
LogModuleManager: Display: Found up-to-date module file ../../../Engine/Plugins/Developer/PerforceSourceControl/Binaries/Win64/UE4Editor-PerforceSourceControl.dll (API version 3944462).
LogModuleManager: Display: Found up-to-date module file ../../../Engine/Plugins/Developer/SubversionSourceControl/Binaries/Win64/UE4Editor-SubversionSourceControl.dll (API version 3944462).
LogModuleManager: Display: Found up-to-date module file ../../../Engine/Plugins/Developer/UObjectPlugin/Binaries/Win64/UE4Editor-UObjectPlugin.dll (API version 3944462).
LogModuleManager: Display: Found up-to-date module file ../../../Engine/Plugins/Developer/VisualStudioCodeSourceCodeAccess/Binaries/Win64/UE4Editor-VisualStudioCodeSourceCodeAccess.dll (API version 3944462).
LogModuleManager: Display: Found up-to-date module file ../../../Engine/Plugins/Developer/VisualStudioSourceCodeAccess/Binaries/Win64/UE4Editor-VisualStudioSourceCodeAccess.dll (API version 3944462).
LogModuleManager: Display: Found up-to-date module file ../../../Engine/Plugins/Editor/AssetManagerEditor/Binaries/Win64/UE4Editor-AssetManagerEditor.dll (API version 3944462).
LogModuleManager: Display: Found up-to-date module file ../../../Engine/Plugins/Editor/CryptoKeys/Binaries/Win64/UE4Editor-CryptoKeys.dll (API version 3944462).
LogModuleManager: Display: Found up-to-date module file ../../../Engine/Plugins/Editor/CryptoKeys/Binaries/Win64/UE4Editor-CryptoKeysOpenSSL.dll (API version 3944462).
LogModuleManager: Display: Found up-to-date module file ../../../Engine/Plugins/Editor/DataValidation/Binaries/Win64/UE4Editor-DataValidation.dll (API version 3944462).
LogModuleManager: Display: Found up-to-date module file ../../../Engine/Plugins/Editor/FacialAnimation/Binaries/Win64/UE4Editor-FacialAnimation.dll (API version 3944462).
LogModuleManager: Display: Found up-to-date module file ../../../Engine/Plugins/Editor/FacialAnimation/Binaries/Win64/UE4Editor-FacialAnimationEditor.dll (API version 3944462).
LogModuleManager: Display: Found up-to-date module file ../../../Engine/Plugins/Editor/GameplayTagsEditor/Binaries/Win64/UE4Editor-GameplayTagsEditor.dll (API version 3944462).
LogModuleManager: Display: Found up-to-date module file ../../../Engine/Plugins/Editor/MobileLauncherProfileWizard/Binaries/Win64/UE4Editor-MobileLauncherProfileWizard.dll (API version 3944462).
LogModuleManager: Display: Found up-to-date module file ../../../Engine/Plugins/Editor/PluginBrowser/Binaries/Win64/UE4Editor-PluginBrowser.dll (API version 3944462).
LogModuleManager: Display: Found up-to-date module file ../../../Engine/Plugins/Editor/SpeedTreeImporter/Binaries/Win64/UE4Editor-SpeedTreeImporter.dll (API version 3944462).
LogModuleManager: Display: Found up-to-date module file ../../../Engine/Plugins/Enterprise/DatasmithContent/Binaries/Win64/UE4Editor-DatasmithContent.dll (API version 3944462).
LogModuleManager: Display: Found up-to-date module file ../../../Engine/Plugins/Experimental/AlembicImporter/Binaries/Win64/UE4Editor-AlembicImporter.dll (API version 3944462).
LogModuleManager: Display: Found up-to-date module file ../../../Engine/Plugins/Experimental/AlembicImporter/Binaries/Win64/UE4Editor-AlembicLibrary.dll (API version 3944462).
LogModuleManager: Display: Found up-to-date module file ../../../Engine/Plugins/Experimental/CharacterAI/Binaries/Win64/UE4Editor-CharacterAI.dll (API version 3944462).
LogModuleManager: Display: Found up-to-date module file ../../../Engine/Plugins/Experimental/HTML5Networking/Binaries/Win64/UE4Editor-HTML5Networking.dll (API version 3944462).
LogModuleManager: Display: Found up-to-date module file ../../../Engine/Plugins/Media/AndroidMedia/Binaries/Win64/UE4Editor-AndroidMediaEditor.dll (API version 3944462).
LogModuleManager: Display: Found up-to-date module file ../../../Engine/Plugins/Media/AndroidMedia/Binaries/Win64/UE4Editor-AndroidMediaFactory.dll (API version 3944462).
LogModuleManager: Display: Found up-to-date module file ../../../Engine/Plugins/Media/AvfMedia/Binaries/Win64/UE4Editor-AvfMediaEditor.dll (API version 3944462).
LogModuleManager: Display: Found up-to-date module file ../../../Engine/Plugins/Media/AvfMedia/Binaries/Win64/UE4Editor-AvfMediaFactory.dll (API version 3944462).
LogModuleManager: Display: Found up-to-date module file ../../../Engine/Plugins/Media/AvfMedia/Binaries/Win64/UE4Editor-AvfMediaFactory.dll (API version 3944462).
LogModuleManager: Display: Found up-to-date module file ../../../Engine/Plugins/Media/ImgMedia/Binaries/Win64/UE4Editor-ImgMedia.dll (API version 3944462).
LogModuleManager: Display: Found up-to-date module file ../../../Engine/Plugins/Media/ImgMedia/Binaries/Win64/UE4Editor-ImgMediaEditor.dll (API version 3944462).
LogModuleManager: Display: Found up-to-date module file ../../../Engine/Plugins/Media/ImgMedia/Binaries/Win64/UE4Editor-ImgMediaFactory.dll (API version 3944462).
LogModuleManager: Display: Found up-to-date module file ../../../Engine/Plugins/Media/ImgMedia/Binaries/Win64/UE4Editor-ImgMediaFactory.dll (API version 3944462).
LogModuleManager: Display: Found up-to-date module file ../../../Engine/Plugins/Media/ImgMedia/Binaries/Win64/UE4Editor-OpenExrWrapper.dll (API version 3944462).
LogModuleManager: Display: Found up-to-date module file ../../../Engine/Plugins/Media/LinearTimecode/Binaries/Win64/UE4Editor-LinearTimecode.dll (API version 3944462).
LogModuleManager: Display: Found up-to-date module file ../../../Engine/Plugins/Media/MediaCompositing/Binaries/Win64/UE4Editor-MediaCompositing.dll (API version 3944462).
LogModuleManager: Display: Found up-to-date module file ../../../Engine/Plugins/Media/MediaCompositing/Binaries/Win64/UE4Editor-MediaCompositingEditor.dll (API version 3944462).
LogModuleManager: Display: Found up-to-date module file ../../../Engine/Plugins/Media/MediaPlayerEditor/Binaries/Win64/UE4Editor-MediaPlayerEditor.dll (API version 3944462).
LogModuleManager: Display: Found up-to-date module file ../../../Engine/Plugins/Media/WmfMedia/Binaries/Win64/UE4Editor-WmfMedia.dll (API version 3944462).
LogModuleManager: Display: Found up-to-date module file ../../../Engine/Plugins/Media/WmfMedia/Binaries/Win64/UE4Editor-WmfMediaEditor.dll (API version 3944462).
LogModuleManager: Display: Found up-to-date module file ../../../Engine/Plugins/Media/WmfMedia/Binaries/Win64/UE4Editor-WmfMediaFactory.dll (API version 3944462).
LogModuleManager: Display: Found up-to-date module file ../../../Engine/Plugins/Media/WmfMedia/Binaries/Win64/UE4Editor-WmfMediaFactory.dll (API version 3944462).
LogModuleManager: Display: Found up-to-date module file ../../../Engine/Plugins/Messaging/TcpMessaging/Binaries/Win64/UE4Editor-TcpMessaging.dll (API version 3944462).
LogModuleManager: Display: Found up-to-date module file ../../../Engine/Plugins/Messaging/UdpMessaging/Binaries/Win64/UE4Editor-UdpMessaging.dll (API version 3944462).
LogModuleManager: Display: Found up-to-date module file ../../../Engine/Plugins/MovieScene/ActorSequence/Binaries/Win64/UE4Editor-ActorSequence.dll (API version 3944462).
LogModuleManager: Display: Found up-to-date module file ../../../Engine/Plugins/MovieScene/LevelSequenceEditor/Binaries/Win64/UE4Editor-LevelSequenceEditor.dll (API version 3944462).
LogModuleManager: Display: Found up-to-date module file ../../../Engine/Plugins/MovieScene/MatineeToLevelSequence/Binaries/Win64/UE4Editor-MatineeToLevelSequence.dll (API version 3944462).
LogModuleManager: Display: Found up-to-date module file ../../../Engine/Plugins/NetcodeUnitTest/NetcodeUnitTest/Binaries/Win64/UE4Editor-NetcodeUnitTest.dll (API version 3944462).
LogModuleManager: Display: Found up-to-date module file ../../../Engine/Plugins/NetcodeUnitTest/NUTUnrealEngine4/Binaries/Win64/UE4Editor-NUTUnrealEngine4.dll (API version 3944462).
LogModuleManager: Display: Found up-to-date module file ../../../Engine/Plugins/Online/OnlineSubsystem/Binaries/Win64/UE4Editor-OnlineSubsystem.dll (API version 3944462).
LogModuleManager: Display: Found up-to-date module file ../../../Engine/Plugins/Online/OnlineSubsystemNull/Binaries/Win64/UE4Editor-OnlineSubsystemNull.dll (API version 3944462).
LogModuleManager: Display: Found up-to-date module file ../../../Engine/Plugins/Online/OnlineSubsystemUtils/Binaries/Win64/UE4Editor-OnlineSubsystemUtils.dll (API version 3944462).
LogModuleManager: Display: Found up-to-date module file ../../../Engine/Plugins/Online/OnlineSubsystemUtils/Binaries/Win64/UE4Editor-OnlineBlueprintSupport.dll (API version 3944462).
LogModuleManager: Display: Found up-to-date module file ../../../Engine/Plugins/Runtime/AndroidDeviceProfileSelector/Binaries/Win64/UE4Editor-AndroidDeviceProfileSelector.dll (API version 3944462).
LogModuleManager: Display: Found up-to-date module file ../../../Engine/Plugins/Runtime/AndroidPermission/Binaries/Win64/UE4Editor-AndroidPermission.dll (API version 3944462).
LogModuleManager: Display: Found up-to-date module file ../../../Engine/Plugins/Runtime/AppleARKit/Binaries/Win64/UE4Editor-AppleARKit.dll (API version 3944462).
LogModuleManager: Display: Found up-to-date module file ../../../Engine/Plugins/Runtime/ArchVisCharacter/Binaries/Win64/UE4Editor-ArchVisCharacter.dll (API version 3944462).
LogModuleManager: Display: Found up-to-date module file ../../../Engine/Plugins/Runtime/AudioCapture/Binaries/Win64/UE4Editor-AudioCapture.dll (API version 3944462).
LogModuleManager: Display: Found up-to-date module file ../../../Engine/Plugins/Runtime/AudioCapture/Binaries/Win64/UE4Editor-AudioCaptureEditor.dll (API version 3944462).
LogModuleManager: Display: Found up-to-date module file ../../../Engine/Plugins/Runtime/CableComponent/Binaries/Win64/UE4Editor-CableComponent.dll (API version 3944462).
LogModuleManager: Display: Found up-to-date module file ../../../Engine/Plugins/Runtime/CustomMeshComponent/Binaries/Win64/UE4Editor-CustomMeshComponent.dll (API version 3944462).
LogModuleManager: Display: Found up-to-date module file ../../../Engine/Plugins/Runtime/ExampleDeviceProfileSelector/Binaries/Win64/UE4Editor-ExampleDeviceProfileSelector.dll (API version 3944462).
LogModuleManager: Display: Found up-to-date module file ../../../Engine/Plugins/Runtime/ImmediatePhysics/Binaries/Win64/UE4Editor-ImmediatePhysics.dll (API version 3944462).
LogModuleManager: Display: Found up-to-date module file ../../../Engine/Plugins/Runtime/ImmediatePhysics/Binaries/Win64/UE4Editor-ImmediatePhysicsEditor.dll (API version 3944462).
LogModuleManager: Display: Found up-to-date module file ../../../Engine/Plugins/Runtime/LocationServicesBPLibrary/Binaries/Win64/UE4Editor-LocationServicesBPLibrary.dll (API version 3944462).
LogModuleManager: Display: Found up-to-date module file ../../../Engine/Plugins/Runtime/MobilePatchingUtils/Binaries/Win64/UE4Editor-MobilePatchingUtils.dll (API version 3944462).
LogModuleManager: Display: Found up-to-date module file ../../../Engine/Plugins/Runtime/Oculus/OculusVR/Binaries/Win64/UE4Editor-OculusHMD.dll (API version 3944462).
LogModuleManager: Display: Found up-to-date module file ../../../Engine/Plugins/Runtime/Oculus/OculusVR/Binaries/Win64/UE4Editor-OculusInput.dll (API version 3944462).
LogModuleManager: Display: Found up-to-date module file ../../../Engine/Plugins/Runtime/Oculus/OculusVR/Binaries/Win64/UE4Editor-OculusEditor.dll (API version 3944462).
LogModuleManager: Display: Found up-to-date module file ../../../Engine/Plugins/Runtime/PhysXVehicles/Binaries/Win64/UE4Editor-PhysXVehicles.dll (API version 3944462).
LogModuleManager: Display: Found up-to-date module file ../../../Engine/Plugins/Runtime/PhysXVehicles/Binaries/Win64/UE4Editor-PhysXVehiclesEditor.dll (API version 3944462).
LogModuleManager: Display: Found up-to-date module file ../../../Engine/Plugins/Runtime/ProceduralMeshComponent/Binaries/Win64/UE4Editor-ProceduralMeshComponent.dll (API version 3944462).
LogModuleManager: Display: Found up-to-date module file ../../../Engine/Plugins/Runtime/ProceduralMeshComponent/Binaries/Win64/UE4Editor-ProceduralMeshComponentEditor.dll (API version 3944462).
LogModuleManager: Display: Found up-to-date module file ../../../Engine/Plugins/Runtime/RuntimePhysXCooking/Binaries/Win64/UE4Editor-RuntimePhysXCooking.dll (API version 3944462).
LogModuleManager: Display: Found up-to-date module file ../../../Engine/Plugins/Runtime/Steam/SteamVR/Binaries/Win64/UE4Editor-SteamVR.dll (API version 3944462).
LogModuleManager: Display: Found up-to-date module file ../../../Engine/Plugins/Runtime/Steam/SteamVR/Binaries/Win64/UE4Editor-SteamVRController.dll (API version 3944462).
LogModuleManager: Display: Found up-to-date module file ../../../Engine/Plugins/Runtime/WindowsMoviePlayer/Binaries/Win64/UE4Editor-WindowsMoviePlayer.dll (API version 3944462).
LogInit: Using libcurl 7.47.1
LogInit:  - built for x86_64-pc-win32
LogInit:  - supports SSL with OpenSSL/1.0.2g
LogInit:  - supports HTTP deflate (compression) using libz 1.2.8
LogInit:  - other features:
LogInit:      CURL_VERSION_SSL
LogInit:      CURL_VERSION_LIBZ
LogInit:      CURL_VERSION_IPV6
LogInit:      CURL_VERSION_ASYNCHDNS
LogInit:      CURL_VERSION_LARGEFILE
LogInit:      CURL_VERSION_IDN
LogInit:  CurlRequestOptions (configurable via config and command line):
LogInit:  - bVerifyPeer = false  - Libcurl will NOT verify peer certificate
LogInit:  - bUseHttpProxy = false  - Libcurl will NOT use HTTP proxy
LogInit:  - bDontReuseConnections = false  - Libcurl will reuse connections
LogInit:  - CertBundlePath = nullptr  - Libcurl will use whatever was configured at build time.
LogInit:  - MaxHostConnections = 16  - Libcurl will limit the number of connections to a host
LogInit:  - LocalHostAddr = Default
LogInit: WinSock: version 1.1 (2.2), MaxSocks=32767, MaxUdp=65467
LogInit: WinSock: I am pc-eliana (10.145.99.227:0)
LogInit: Build: ++UE4+Release-4.19-CL-3944462
LogInit: Engine Version: 4.19.0-3944462+++UE4+Release-4.19
LogInit: Compatible Engine Version: 4.19.0-3944462+++UE4+Release-4.19
LogInit: Net CL: 3944462
LogDevObjectVersion: Number of dev versions registered: 18
LogDevObjectVersion:   Dev-Blueprints (B0D832E4-1F89-4F0D-ACCF-7EB736FD4AA2): 10
LogDevObjectVersion:   Dev-Build (E1C64328-A22C-4D53-A36C-8E866417BD8C): 0
LogDevObjectVersion:   Dev-Core (375EC13C-06E4-48FB-B500-84F0262A717E): 2
LogDevObjectVersion:   Dev-Editor (E4B068ED-F494-42E9-A231-DA0B2E46BB41): 23
LogDevObjectVersion:   Dev-Framework (CFFC743F-43B0-4480-9391-14DF171D2073): 33
LogDevObjectVersion:   Dev-Mobile (B02B49B5-BB20-44E9-A304-32B752E40360): 2
LogDevObjectVersion:   Dev-Networking (A4E4105C-59A1-49B5-A7C5-40C4547EDFEE): 0
LogDevObjectVersion:   Dev-Online (39C831C9-5AE6-47DC-9A44-9C173E1C8E7C): 0
LogDevObjectVersion:   Dev-Physics (78F01B33-EBEA-4F98-B9B4-84EACCB95AA2): 0
LogDevObjectVersion:   Dev-Platform (6631380F-2D4D-43E0-8009-CF276956A95A): 0
LogDevObjectVersion:   Dev-Rendering (12F88B9F-8875-4AFC-A67C-D90C383ABD29): 25
LogDevObjectVersion:   Dev-Sequencer (7B5AE74C-D270-4C10-A958-57980B212A5A): 6
LogDevObjectVersion:   Dev-VR (D7296918-1DD6-4BDD-9DE2-64A83CC13884): 1
LogDevObjectVersion:   Dev-LoadTimes (C2A15278-BFE7-4AFE-6C17-90FF531DF755): 1
LogDevObjectVersion:   Private-Geometry (6EACA3D4-40EC-4CC1-B786-8BED09428FC5): 2
LogDevObjectVersion:   Dev-AnimPhys (29E575DD-E0A3-4627-9D10-D276232CDCEA): 16
LogDevObjectVersion:   Dev-ReflectionCapture (6B266CEC-1EC7-4B8F-A30B-E4D90942FC07): 1
LogDevObjectVersion:   Dev-Automation (0DF73D61-A23F-47EA-B727-89E90C41499A): 1
LogInit: Compiled (64-bit): Mar 13 2018 23:12:32
LogInit: Compiled with Visual C++: 19.00.24215.01
LogInit: Build Configuration: Development
LogInit: Branch Name: ++UE4+Release-4.19
LogInit: Command Line:  
LogInit: Base Directory: C:/Program Files/Epic Games/UE_4.19/Engine/Binaries/Win64/
LogInit: Installed Engine Build: 1
LogStreaming: Display: Took  0.038s to delete old logs.
LogInit: Presizing for max 8388607 objects, including 0 objects not considered by GC, pre-allocating 0 bytes for permanent pool.
LogInit: Object subsystem initialized
[2018.04.06-18.31.12:267][  0]LogInit: Selected Device Profile: [Windows]
[2018.04.06-18.31.12:268][  0]LogInit: Applying CVar settings loaded from the selected device profile: [Windows]
[2018.04.06-18.31.12:369][  0]LogConfig: Warning: Failed to saved backup for config[DeviceProfiles]
[2018.04.06-18.31.12:599][  0]LogInit: Computer: PC-ELIANA
[2018.04.06-18.31.12:599][  0]LogInit: User: giova000
[2018.04.06-18.31.12:599][  0]LogInit: CPU Page size=4096, Cores=2
[2018.04.06-18.31.12:599][  0]LogInit: High frequency timer resolution =2.338336 MHz
[2018.04.06-18.31.12:626][  0]LogMemory: Memory total: Physical=7.9GB (8GB approx)
[2018.04.06-18.31.12:626][  0]LogMemory: Platform Memory Stats for Windows
[2018.04.06-18.31.12:626][  0]LogMemory: Process Physical Memory: 270.25 MB used, 270.25 MB peak
[2018.04.06-18.31.12:626][  0]LogMemory: Process Virtual Memory: 268.02 MB used, 268.02 MB peak
[2018.04.06-18.31.12:626][  0]LogMemory: Physical Memory: 3270.39 MB used,  4802.57 MB free, 8072.96 MB total
[2018.04.06-18.31.12:627][  0]LogMemory: Virtual Memory: 632.50 MB used,  4802.57 MB free, 134217728.00 MB total
[2018.04.06-18.31.22:381][  0]LogInit: Using OS detected language (pt-BR).
[2018.04.06-18.31.22:382][  0]LogInit: Using OS detected locale (pt-BR).
[2018.04.06-18.31.32:884][  0]LogStreaming: Display: Took 10.428s to EndInitTextLocalization.
[2018.04.06-18.31.32:885][  0]LogInit: Setting process to per monitor DPI aware
[2018.04.06-18.31.36:529][  0]LogSlate: New Slate User Created.  User Index 0, Is Virtual User: 0
[2018.04.06-18.31.36:529][  0]LogSlate: Slate User Registered.  User Index 0, Is Virtual User: 0
[2018.04.06-18.31.56:164][  0]LogD3D11RHI: D3D11 adapters:
[2018.04.06-18.31.56:242][  0]LogD3D11RHI:    0. 'Intel(R) HD Graphics Family' (Feature Level 11_0)
[2018.04.06-18.31.56:242][  0]LogD3D11RHI:       2190/0/4036 MB DedicatedVideo/DedicatedSystem/SharedSystem, Outputs:1, VendorId:0x8086
[2018.04.06-18.31.56:250][  0]LogD3D11RHI:    1. 'Microsoft Basic Render Driver' (Feature Level 11_0)
[2018.04.06-18.31.56:250][  0]LogD3D11RHI:       0/0/256 MB DedicatedVideo/DedicatedSystem/SharedSystem, Outputs:0, VendorId:0x1414
[2018.04.06-18.31.56:250][  0]LogD3D11RHI: Chosen D3D11 Adapter: 0
[2018.04.06-18.31.56:266][  0]LogD3D11RHI: Creating new Direct3DDevice
[2018.04.06-18.31.56:266][  0]LogD3D11RHI:     GPU DeviceId: 0xa16 (for the marketing name, search the web for "GPU Device Id")
[2018.04.06-18.31.56:267][  0]LogWindows: EnumDisplayDevices:
[2018.04.06-18.31.56:267][  0]LogWindows:    0. 'Intel(R) HD Graphics Family' (P:1 D:1)
[2018.04.06-18.31.56:269][  0]LogWindows:    1. 'Intel(R) HD Graphics Family' (P:0 D:0)
[2018.04.06-18.31.56:270][  0]LogWindows:    2. 'Intel(R) HD Graphics Family' (P:0 D:0)
[2018.04.06-18.31.56:271][  0]LogWindows: DebugString: FoundDriverCount:3 
[2018.04.06-18.31.56:271][  0]LogD3D11RHI:     Adapter Name: Intel(R) HD Graphics Family
[2018.04.06-18.31.56:271][  0]LogD3D11RHI:   Driver Version: 10.18.14.4264 (internal:10.18.14.4264, unified:10.18.14.4264)
[2018.04.06-18.31.56:271][  0]LogD3D11RHI:      Driver Date: 8-4-2015
[2018.04.06-18.31.56:271][  0]LogRHI: Texture pool is 2945 MB (70% of 4208 MB)
[2018.04.06-18.31.56:336][  0]LogD3D11RHI: Async texture creation enabled
[2018.04.06-18.31.58:253][  0]LogD3D11RHI: GPU Timing Frequency: 12.500000 (Debug: 2 0)
[2018.04.06-18.31.58:920][  0]LogShaderCompilers: Guid format shader working directory is 41 characters bigger than the processId version (E:/Tetris/Intermediate/Shaders/WorkingDirectory/6520/).
[2018.04.06-18.31.59:021][  0]LogShaderCompilers: Cleaned the shader compiler working directory 'C:/Users/giova_000/AppData/Local/Temp/UnrealShaderWorkingDir/6057AC0245B108E1EE685AAA5D445741/'.
[2018.04.06-18.32.09:222][  0]LogTemp: Display: Loaded TP AllDesktopTargetPlatform
[2018.04.06-18.32.09:446][  0]LogTemp: Display: Loaded TP MacClientTargetPlatform
[2018.04.06-18.32.09:623][  0]LogTemp: Display: Loaded TP MacNoEditorTargetPlatform
[2018.04.06-18.32.10:134][  0]LogTemp: Display: Loaded TP MacServerTargetPlatform
[2018.04.06-18.32.10:475][  0]LogTemp: Display: Loaded TP MacTargetPlatform
[2018.04.06-18.32.10:884][  0]LogTemp: Display: Loaded TP WindowsClientTargetPlatform
[2018.04.06-18.32.11:146][  0]LogTemp: Display: Loaded TP WindowsNoEditorTargetPlatform
[2018.04.06-18.32.11:333][  0]LogTemp: Display: Loaded TP WindowsServerTargetPlatform
[2018.04.06-18.32.11:708][  0]LogTemp: Display: Loaded TP WindowsTargetPlatform
[2018.04.06-18.32.12:082][  0]LogTemp: Display: Loaded TP Android_ASTCTargetPlatform
[2018.04.06-18.32.12:434][  0]LogTemp: Display: Loaded TP Android_ATCTargetPlatform
[2018.04.06-18.32.12:918][  0]LogTemp: Display: Loaded TP Android_DXTTargetPlatform
[2018.04.06-18.32.13:211][  0]LogTemp: Display: Loaded TP Android_ETC1aTargetPlatform
[2018.04.06-18.32.13:418][  0]LogTemp: Display: Loaded TP Android_ETC1TargetPlatform
[2018.04.06-18.32.13:621][  0]LogTemp: Display: Loaded TP Android_ETC2TargetPlatform
[2018.04.06-18.32.15:025][  0]LogTemp: Display: Loaded TP Android_MultiTargetPlatform
[2018.04.06-18.32.15:025][  0]LogTemp: Display: Loaded TP Android_PVRTCTargetPlatform
[2018.04.06-18.32.15:357][  0]LogTemp: Display: Loaded TP AndroidTargetPlatform
[2018.04.06-18.32.15:475][  0]LogTemp: Display: Loaded TP HTML5TargetPlatform
[2018.04.06-18.32.16:289][  0]LogTemp: Display: Loaded TP IOSTargetPlatform
[2018.04.06-18.32.16:588][  0]LogTemp: Display: Loaded TP TVOSTargetPlatform
[2018.04.06-18.32.16:864][  0]LogTemp: Display: Loaded TP LinuxClientTargetPlatform
[2018.04.06-18.32.17:002][  0]LogTemp: Display: Loaded TP LinuxNoEditorTargetPlatform
[2018.04.06-18.32.17:295][  0]LogTemp: Display: Loaded TP LinuxServerTargetPlatform
[2018.04.06-18.32.17:536][  0]LogTemp: Display: Loaded TP LinuxTargetPlatform
[2018.04.06-18.32.17:536][  0]LogTargetPlatformManager: Display: Building Assets For Windows
[2018.04.06-18.32.29:651][  0]LogXGEController: Cannot use XGE Controller as Incredibuild is not installed on this machine.
[2018.04.06-18.32.29:735][  0]LogShaderCompilers: Cannot use XGE Shader Compiler as Incredibuild is not installed on this machine.
[2018.04.06-18.32.29:735][  0]LogShaderCompilers: Display: Using Local Shader Compiler.
[2018.04.06-18.33.00:326][  0]LogDerivedDataCache: Display: Max Cache Size: 512 MB
[2018.04.06-18.33.20:856][  0]LogDerivedDataCache: Loaded boot cache 20.53s 74MB C:/Users/giova_000/AppData/Local/UnrealEngine/4.19/DerivedDataCache/Boot.ddc.
[2018.04.06-18.33.20:857][  0]LogDerivedDataCache: Display: Loaded Boot cache: C:/Users/giova_000/AppData/Local/UnrealEngine/4.19/DerivedDataCache/Boot.ddc
[2018.04.06-18.33.20:857][  0]LogDerivedDataCache: FDerivedDataBackendGraph:  Pak pak cache file E:/Tetris/DerivedDataCache/DDC.ddp not found, will not use a pak cache.
[2018.04.06-18.33.20:857][  0]LogDerivedDataCache: Unable to find inner node Pak for hierarchical cache Hierarchy.
[2018.04.06-18.33.20:858][  0]LogDerivedDataCache: FDerivedDataBackendGraph:  CompressedPak pak cache file E:/Tetris/DerivedDataCache/Compressed.ddp not found, will not use a pak cache.
[2018.04.06-18.33.20:858][  0]LogDerivedDataCache: Unable to find inner node CompressedPak for hierarchical cache Hierarchy.
[2018.04.06-18.33.21:270][  0]LogDerivedDataCache: Display: Pak cache opened for reading ../../../Engine/DerivedDataCache/Compressed.ddp.
[2018.04.06-18.33.21:292][  0]LogDerivedDataCache: Using Local data cache path C:/Users/giova_000/AppData/Local/UnrealEngine/Common/DerivedDataCache: Writable
[2018.04.06-18.33.21:736][  0]LogMaterial: Verifying Global Shaders for PCD3D_SM5
[2018.04.06-18.33.22:030][  0]LogSlate: Using Freetype 2.6.0
[2018.04.06-18.33.22:217][  0]LogSlate: SlateFontCache - WITH_FREETYPE: 1, WITH_HARFBUZZ: 1
[2018.04.06-18.33.22:218][  0]LogSlate: SlateFontCache - WITH_FREETYPE: 1, WITH_HARFBUZZ: 1
[2018.04.06-18.33.41:233][  0]LogAssetRegistry: FAssetRegistry took 0.0982 seconds to start up
[2018.04.06-18.33.48:170][  0]LogInit: Selected Device Profile: [Windows]
[2018.04.06-18.33.56:259][  0]LogSimplygon: Simplygon DLL not present - disabling.
[2018.04.06-18.33.56:623][  0]LogMeshReduction: Using SimplygonSwarm for distributed automatic mesh merging
[2018.04.06-18.33.56:623][  0]LogMeshReduction: Using QuadricMeshReduction for automatic static mesh reduction
[2018.04.06-18.33.56:623][  0]LogMeshReduction: No automatic skeletal mesh reduction module available
[2018.04.06-18.33.56:623][  0]LogMeshReduction: No automatic mesh merging module available
[2018.04.06-18.33.56:623][  0]LogMeshMerging: No automatic mesh merging module available
[2018.04.06-18.33.58:477][  0]LogNetVersion: Tetris , NetCL: 3944462, EngineNetVer: 2, GameNetVer: 0 (Checksum: 2064844523)
[2018.04.06-18.34.22:035][  0]LogAssetRegistry: Error: Failed to open file for write E:/Tetris/Intermediate/AssetRegistryCache/7a1554cf.bin
[2018.04.06-18.34.22:207][  0]LogFileManager: Warning: DeleteFile was unable to delete 'E:/Tetris/Intermediate/AssetRegistryCache/1c1156c6.bin', retrying in .5s...
[2018.04.06-18.34.22:726][  0]LogFileManager: Warning: DeleteFile recovered during retry!
[2018.04.06-18.34.22:729][  0]LogFileManager: Warning: MoveFile was unable to move 'E:/Tetris/Intermediate/AssetRegistryCache/1c1156c6.bin.tmp' to 'E:/Tetris/Intermediate/AssetRegistryCache/1c1156c6.bin', retrying in .5s...
[2018.04.06-18.34.23:245][  0]LogFileManager: Warning: MoveFile was unable to move 'E:/Tetris/Intermediate/AssetRegistryCache/1c1156c6.bin.tmp' to 'E:/Tetris/Intermediate/AssetRegistryCache/1c1156c6.bin', retrying in .5s...
[2018.04.06-18.34.23:746][  0]LogFileManager: Warning: MoveFile was unable to move 'E:/Tetris/Intermediate/AssetRegistryCache/1c1156c6.bin.tmp' to 'E:/Tetris/Intermediate/AssetRegistryCache/1c1156c6.bin', retrying in .5s...
[2018.04.06-18.34.24:247][  0]LogFileManager: Warning: MoveFile was unable to move 'E:/Tetris/Intermediate/AssetRegistryCache/1c1156c6.bin.tmp' to 'E:/Tetris/Intermediate/AssetRegistryCache/1c1156c6.bin', retrying in .5s...
[2018.04.06-18.34.24:748][  0]LogFileManager: Warning: MoveFile was unable to move 'E:/Tetris/Intermediate/AssetRegistryCache/1c1156c6.bin.tmp' to 'E:/Tetris/Intermediate/AssetRegistryCache/1c1156c6.bin', retrying in .5s...
[2018.04.06-18.34.25:248][  0]LogFileManager: Warning: MoveFile was unable to move 'E:/Tetris/Intermediate/AssetRegistryCache/1c1156c6.bin.tmp' to 'E:/Tetris/Intermediate/AssetRegistryCache/1c1156c6.bin', retrying in .5s...
[2018.04.06-18.34.25:749][  0]LogFileManager: Warning: MoveFile was unable to move 'E:/Tetris/Intermediate/AssetRegistryCache/1c1156c6.bin.tmp' to 'E:/Tetris/Intermediate/AssetRegistryCache/1c1156c6.bin', retrying in .5s...
[2018.04.06-18.34.26:250][  0]LogFileManager: Warning: MoveFile was unable to move 'E:/Tetris/Intermediate/AssetRegistryCache/1c1156c6.bin.tmp' to 'E:/Tetris/Intermediate/AssetRegistryCache/1c1156c6.bin', retrying in .5s...
[2018.04.06-18.34.26:751][  0]LogFileManager: Warning: MoveFile was unable to move 'E:/Tetris/Intermediate/AssetRegistryCache/1c1156c6.bin.tmp' to 'E:/Tetris/Intermediate/AssetRegistryCache/1c1156c6.bin', retrying in .5s...
[2018.04.06-18.34.27:251][  0]LogFileManager: Warning: MoveFile was unable to move 'E:/Tetris/Intermediate/AssetRegistryCache/1c1156c6.bin.tmp' to 'E:/Tetris/Intermediate/AssetRegistryCache/1c1156c6.bin', retrying in .5s...
[2018.04.06-18.34.27:753][  0]LogFileManager: Error: Error moving file 'E:/Tetris/Intermediate/AssetRegistryCache/1c1156c6.bin.tmp' to 'E:/Tetris/Intermediate/AssetRegistryCache/1c1156c6.bin'.
[2018.04.06-18.34.28:629][  0]LogPackageLocalizationCache: Processed 9 localized package path(s) for 2 prioritized culture(s) in 6.638788 seconds
[2018.04.06-18.34.28:657][  0]LogUObjectArray: 36728 objects as part of root set at end of initial load.
[2018.04.06-18.34.28:657][  0]LogUObjectAllocator: 7314304 out of 0 bytes used by permanent object pool.
[2018.04.06-18.34.28:657][  0]LogUObjectArray: CloseDisregardForGC: 0/0 objects in disregard for GC pool
[2018.04.06-18.38.10:675][  0]LogAssetRegistry: Error: Failed to open file for write E:/Tetris/Intermediate/CachedAssetRegistry.bin
[2018.04.06-18.38.38:969][  0]LogTcpMessaging: Initializing TcpMessaging bridge
[2018.04.06-18.38.39:496][  0]LogUdpMessaging: Initializing bridge on interface 0.0.0.0:0 to multicast group 230.0.0.1:6666.
[2018.04.06-18.38.53:181][  0]SourceControl: Controle de origem desativado
[2018.04.06-18.38.53:182][  0]SourceControl: Controle de origem desativado
[2018.04.06-18.38.54:115][  0]SourceControl: Controle de origem desativado
[2018.04.06-18.38.54:493][  0]SourceControl: Controle de origem desativado
[2018.04.06-18.39.10:682][  0]LogAndroidPermission: UAndroidPermissionCallbackProxy::GetInstance
[2018.04.06-18.39.13:710][  0]LogOcInput: OculusInput pre-init called
[2018.04.06-18.39.22:338][  0]LogAutomationTest: Warning: Smoke tests took > 2s to run: 2.74s
[2018.04.06-18.39.22:758][  0]LogEngine: Initializing Engine...
[2018.04.06-18.39.22:807][  0]LogHMD: Failed to initialize OpenVR with code 110
[2018.04.06-18.39.22:811][  0]LogStats: UGameplayTagsManager::ConstructGameplayTagTree: Construct from data asset -  0.000 s
[2018.04.06-18.39.22:812][  0]LogStats: UGameplayTagsManager::ConstructGameplayTagTree: GameplayTagTreeChangedEvent.Broadcast -  0.000 s
[2018.04.06-18.39.30:135][  0]LogAIModule: Creating AISystem for world Untitled
[2018.04.06-18.39.34:982][  0]LogInit: XAudio2 using 'Alto-falantes (Realtek High Definition Audio)' : 2 channels at 48 kHz using 32 bits per sample (channel mask 0x3)
[2018.04.06-18.39.35:202][  0]LogInit: FAudioDevice initialized.
[2018.04.06-18.39.35:368][  0]LogDerivedDataCache: Error: Could not save memory cache C:/Users/giova_000/AppData/Local/UnrealEngine/4.19/DerivedDataCache/Boot.ddc.
[2018.04.06-18.39.35:412][  0]LogInit: Texture streaming: Enabled
[2018.04.06-18.39.36:905][  0]LogEngineSessionManager: EngineSessionManager initialized
[2018.04.06-18.39.36:969][  0]LogEngineSessionManager: EngineSessionManager sent abnormal shutdown report. Type=AbnormalShutdown, SessionId={F439BCFB-4462-FFA7-CEE1-3A8B318BF4F4}
[2018.04.06-18.39.40:583][  0]LogInit: Transaction tracking system initialized
[2018.04.06-18.39.46:233][  0]BlueprintLog: New page: Carregar Editor
[2018.04.06-18.40.09:124][  0]LogConfig: Warning: Failed to saved backup for config[LocalizationServiceSettings]
[2018.04.06-18.40.09:135][  0]LocalizationService: Localization service is disabled
[2018.04.06-18.40.22:963][  0]LogConsoleResponse: Display: 
[2018.04.06-18.40.38:178][  0]LogFileCache: Scanning file cache for directory 'E:/Tetris/Content/' took 0.02s
[2018.04.06-18.40.38:178][  0]LogCook: Display: Max memory allowance for cook 16384mb min free memory 0mb
[2018.04.06-18.40.38:253][  0]LogCook: Display: Mobile HDR setting 1
[2018.04.06-18.40.38:254][  0]LogGameplayTags: Display: UGameplayTagsManager::DoneAddingNativeTags. DelegateIsBound: 0
[2018.04.06-18.40.38:254][  0]LogStats: UGameplayTagsManager::ConstructGameplayTagTree: Construct from data asset -  0.000 s
[2018.04.06-18.40.38:254][  0]LogStats: UGameplayTagsManager::ConstructGameplayTagTree: GameplayTagTreeChangedEvent.Broadcast -  0.000 s
[2018.04.06-18.41.00:365][  0]SourceControl: Controle de origem desativado
[2018.04.06-18.41.01:082][  0]Cmd: MAP LOAD FILE="../../../Engine/Content/Maps/Templates/Template_Default.umap" TEMPLATE=1 SHOWPROGRESS=1 FEATURELEVEL=3
[2018.04.06-18.41.01:966][  0]LightingResults: New page: Compilação de Iluminação
[2018.04.06-18.41.04:767][  0]MapCheck: New page: Verificação de Mapa
[2018.04.06-18.41.04:767][  0]LightingResults: New page: Compilação de Iluminação
[2018.04.06-18.41.27:503][  0]LogAIModule: Creating AISystem for world Untitled_1
[2018.04.06-18.41.33:068][  0]LogEditorServer: Finished looking for orphan Actors (0.000 secs)
[2018.04.06-18.41.36:584][  0]Cmd: MAP CHECKDEP NOCLEARLOG
[2018.04.06-18.41.37:644][  0]MapCheck: Map check complete: 0 Error(s), 0 Warning(s), took 1.028,772ms to complete.
[2018.04.06-18.41.37:686][  0]LogFileHelpers: Loading map 'Template_Default' took 37.219
[2018.04.06-18.41.42:896][  0]LogCollectionManager: Loaded 0 collections in 0.031371 seconds
[2018.04.06-18.41.44:050][  0]LogFileCache: Scanning file cache for directory 'E:/Tetris/Saved/Collections/' took 0.05s
[2018.04.06-18.41.44:050][  0]LogFileCache: Scanning file cache for directory 'E:/Tetris/Content/Developers/giova000/Collections/' took 0.10s
[2018.04.06-18.41.44:050][  0]LogFileCache: Scanning file cache for directory 'E:/Tetris/Content/Collections/' took 0.02s
[2018.04.06-18.41.44:050][  0]LogCollectionManager: Rebuilt the GUID cache for 0 collections in 0.000000 seconds
[2018.04.06-18.41.44:672][  0]LogContentBrowser: Native class hierarchy populated in 0.2132 seconds. Added 2453 classes and 560 folders.
[2018.04.06-18.41.44:947][  0]LogContentBrowser: Native class hierarchy updated for 'WidgetCarousel' in 0.0024 seconds. Added 0 classes and 0 folders.
[2018.04.06-18.41.52:708][  0]LogContentBrowser: Native class hierarchy updated for 'AddContentDialog' in 0.0030 seconds. Added 0 classes and 0 folders.
[2018.04.06-18.41.53:078][  0]LogContentBrowser: Native class hierarchy updated for 'SceneOutliner' in 0.0044 seconds. Added 1 classes and 2 folders.
[2018.04.06-18.41.56:803][  0]LogSlate: Took 0.025454 seconds to synchronously load lazily loaded font '../../../Engine/Content/Slate/Fonts/Roboto-Regular.ttf' (155K)
[2018.04.06-18.41.57:067][  0]LogSlate: Took 0.194725 seconds to synchronously load lazily loaded font '../../../Engine/Content/Slate/Fonts/Roboto-Bold.ttf' (160K)
[2018.04.06-18.41.57:615][  0]LogSlate: Took 0.137645 seconds to synchronously load lazily loaded font '../../../Engine/Content/Editor/Slate/Fonts/FontAwesome.ttf' (139K)
[2018.04.06-18.42.05:505][  0]LogRenderer: Reallocating scene render targets to support 856x396 Format 10 NumSamples 1 (Frame:1).
[2018.04.06-18.42.29:940][  0]LogSlate: FSceneViewport::OnFocusLost() reason 2
[2018.04.06-18.42.31:288][  0]LogSlate: Window 'Tutoriais' being destroyed
[2018.04.06-18.42.32:361][  0]LogContentBrowser: Native class hierarchy updated for 'HierarchicalLODOutliner' in 0.0038 seconds. Added 0 classes and 0 folders.
[2018.04.06-18.42.32:361][  0]LogLoad: (Engine Initialization) Total time: 798.07 seconds
[2018.04.06-18.42.32:362][  0]LogLoad: (Engine Initialization) Total Blueprint compile time: 0.00 seconds
[2018.04.06-18.42.36:098][  0]LogContentStreaming: Texture pool size now 1000 MB
[2018.04.06-18.43.42:536][ 13]LogAssetRegistry: Asset discovery search completed in 601.3664 seconds
[2018.04.06-18.43.42:545][ 13]LogCollectionManager: Rebuilt the object cache for 0 collections in 0.000002 seconds (found 0 objects)
[2018.04.06-18.43.42:545][ 13]LogCollectionManager: Fixed up redirectors for 0 collections in 0.000246 seconds (updated 0 objects)
[2018.04.06-18.43.45:996][ 18]LogSlate: Took 0.044111 seconds to synchronously load lazily loaded font '../../../Engine/Content/Slate/Fonts/Roboto-Light.ttf' (167K)
[2018.04.06-18.45.09:654][298]LogSlate: FSceneViewport::OnFocusLost() reason 0
[2018.04.06-18.45.26:313][506]LogSlate: FSceneViewport::OnFocusLost() reason 0
[2018.04.06-18.45.27:251][508]LogMaterial: Missing cached shader map for material MT_Tetris_Chao, compiling. 
[2018.04.06-18.45.29:058][508]LogShaderCompilers: Display: Shaders left to compile 22
[2018.04.06-18.45.29:058][508]LogShaderCompilers: Display: Shaders left to compile 12
[2018.04.06-18.45.29:058][508]LogShaderCompilers: Display: Shaders left to compile 2
[2018.04.06-18.45.32:808][508]LogMaterial: Warning: Material /Game/Materials/MT_Tetris_Chao.MT_Tetris_Chao needed to have new flag set bUsedWithStaticLighting !
[2018.04.06-18.45.32:839][508]LogMaterial: Missing cached shader map for material MT_Tetris_Chao, compiling. 
[2018.04.06-18.45.51:214][592]LogSlate: FSceneViewport::OnFocusLost() reason 0
[2018.04.06-18.45.54:315][677]LogSlate: FSceneViewport::OnFocusLost() reason 0
[2018.04.06-18.45.54:536][681]LogShaderCompilers: Display: Shaders left to compile 31
[2018.04.06-18.45.57:879][729]LogShaderCompilers: Display: Shaders left to compile 21
[2018.04.06-18.45.58:452][739]LogShaderCompilers: Display: Shaders left to compile 11
[2018.04.06-18.45.59:730][751]LogShaderCompilers: Display: Shaders left to compile 1
[2018.04.06-18.45.59:790][751]LogSlate: Took 0.000368 seconds to synchronously load lazily loaded font '../../../Engine/Content/Slate/Fonts/Roboto-Light.ttf' (167K)
[2018.04.06-18.46.00:437][751]LogMaterial: Missing cached shader map for material MT_Tetris_Chao, compiling. 
[2018.04.06-18.46.01:123][751]LogShaderCompilers: Display: Shaders left to compile 18
[2018.04.06-18.46.14:489][751]LogMaterial: Missing cached shader map for material MT_Tetris_Chao, compiling. 
[2018.04.06-18.46.14:865][751]LogShaderCompilers: Display: Shaders left to compile 18
[2018.04.06-18.46.14:866][751]LogShaderCompilers: Display: Shaders left to compile 17
[2018.04.06-18.46.14:866][751]LogShaderCompilers: Display: Shaders left to compile 16
[2018.04.06-18.46.14:887][751]LogMaterial: Missing cached shader map for material MT_Tetris_Chao, compiling. 
[2018.04.06-18.46.14:997][751]LogMaterial: Missing cached shader map for material FMatExpressionPreview MaterialExpressionConstant3Vector_0, compiling. 
[2018.04.06-18.46.15:626][751]LogSlate: Took 0.278946 seconds to synchronously load lazily loaded font '../../../Engine/Content/Slate/Fonts/Roboto-BoldCondensed.ttf' (158K)
[2018.04.06-18.46.19:746][752]LogShaderCompilers: Display: Shaders left to compile 20
[2018.04.06-18.46.19:746][752]LogShaderCompilers: Display: Shaders left to compile 19
[2018.04.06-18.46.19:746][752]LogShaderCompilers: Display: Shaders left to compile 18
[2018.04.06-18.46.19:746][752]LogShaderCompilers: Display: Shaders left to compile 17
[2018.04.06-18.46.19:746][752]LogShaderCompilers: Display: Shaders left to compile 16
[2018.04.06-18.46.19:746][752]LogShaderCompilers: Display: Shaders left to compile 15
[2018.04.06-18.46.19:746][752]LogShaderCompilers: Display: Shaders left to compile 14
[2018.04.06-18.46.19:746][752]LogShaderCompilers: Display: Shaders left to compile 13
[2018.04.06-18.46.19:746][752]LogShaderCompilers: Display: Shaders left to compile 12
[2018.04.06-18.46.19:746][752]LogShaderCompilers: Display: Shaders left to compile 11
[2018.04.06-18.46.19:746][752]LogShaderCompilers: Display: Shaders left to compile 10
[2018.04.06-18.46.19:746][752]LogShaderCompilers: Display: Shaders left to compile 9
[2018.04.06-18.46.19:746][752]LogShaderCompilers: Display: Shaders left to compile 8
[2018.04.06-18.46.19:746][752]LogShaderCompilers: Display: Shaders left to compile 7
[2018.04.06-18.46.19:746][752]LogShaderCompilers: Display: Shaders left to compile 6
[2018.04.06-18.46.19:746][752]LogShaderCompilers: Display: Shaders left to compile 5
[2018.04.06-18.46.19:746][752]LogShaderCompilers: Display: Shaders left to compile 4
[2018.04.06-18.46.19:746][752]LogShaderCompilers: Display: Shaders left to compile 3
[2018.04.06-18.46.19:934][753]LogShaderCompilers: Display: Shaders left to compile 2
[2018.04.06-18.46.19:934][753]LogShaderCompilers: Display: Shaders left to compile 1
[2018.04.06-18.46.20:879][755]MaterialEditorStats: Base pass shader: 99 instructions
[2018.04.06-18.46.20:880][755]MaterialEditorStats: Base pass shader with Surface Lightmap: 116 instructions
[2018.04.06-18.46.20:880][755]MaterialEditorStats: Base pass shader with Volumetric Lightmap: 172 instructions
[2018.04.06-18.46.20:880][755]MaterialEditorStats: Vertex shader: 34 instructions
[2018.04.06-18.46.20:880][755]MaterialEditorStats: Texture samplers: 3/16
[2018.04.06-18.46.29:517][805]LogSlate: Window 'Seletor de Cor' being destroyed
[2018.04.06-18.46.31:530][836]LogMaterial: Missing cached shader map for material MT_Tetris_Chao, compiling. 
[2018.04.06-18.46.31:588][836]LogShaderCompilers: Display: Shaders left to compile 18
[2018.04.06-18.46.31:589][836]LogShaderCompilers: Display: Shaders left to compile 17
[2018.04.06-18.46.31:589][836]LogShaderCompilers: Display: Shaders left to compile 16
[2018.04.06-18.46.31:598][836]LogMaterial: Missing cached shader map for material FMatExpressionPreview MaterialExpressionConstant3Vector_0, compiling. 
[2018.04.06-18.46.33:311][861]LogMaterial: Missing cached shader map for material MT_Tetris_Chao, compiling. 
[2018.04.06-18.46.33:351][861]LogMaterial: Missing cached shader map for material FMatExpressionPreview MaterialExpressionConstant3Vector_0, compiling. 
[2018.04.06-18.46.33:384][861]LogSlate: Window 'Seletor de Cor' being destroyed
[2018.04.06-18.46.34:292][873]LogShaderCompilers: Display: Shaders left to compile 20
[2018.04.06-18.46.34:317][874]LogShaderCompilers: Display: Shaders left to compile 19
[2018.04.06-18.46.34:411][875]LogShaderCompilers: Display: Shaders left to compile 18
[2018.04.06-18.46.34:900][883]LogShaderCompilers: Display: Shaders left to compile 17
[2018.04.06-18.46.34:905][883]LogShaderCompilers: Display: Shaders left to compile 16
[2018.04.06-18.46.34:910][883]LogShaderCompilers: Display: Shaders left to compile 15
[2018.04.06-18.46.35:296][889]LogShaderCompilers: Display: Shaders left to compile 14
[2018.04.06-18.46.35:304][889]LogShaderCompilers: Display: Shaders left to compile 13
[2018.04.06-18.46.35:421][891]LogShaderCompilers: Display: Shaders left to compile 12
[2018.04.06-18.46.35:593][892]LogShaderCompilers: Display: Shaders left to compile 11
[2018.04.06-18.46.36:211][901]LogShaderCompilers: Display: Shaders left to compile 10
[2018.04.06-18.46.36:217][901]LogShaderCompilers: Display: Shaders left to compile 9
[2018.04.06-18.46.36:416][906]LogShaderCompilers: Display: Shaders left to compile 8
[2018.04.06-18.46.36:646][909]LogShaderCompilers: Display: Shaders left to compile 7
[2018.04.06-18.46.37:046][915]LogShaderCompilers: Display: Shaders left to compile 6
[2018.04.06-18.46.37:190][917]LogMaterialEditor: Applying material MT_Tetris_Chao
[2018.04.06-18.46.50:566][917]LogShaderCompilers: Display: Shaders left to compile 5
[2018.04.06-18.46.50:567][917]LogShaderCompilers: Display: Shaders left to compile 4
[2018.04.06-18.46.50:567][917]LogShaderCompilers: Display: Shaders left to compile 3
[2018.04.06-18.46.50:567][917]LogShaderCompilers: Display: Shaders left to compile 2
[2018.04.06-18.46.50:567][917]LogShaderCompilers: Display: Shaders left to compile 1
[2018.04.06-18.46.50:630][917]LogMaterial: Missing cached shader map for material MT_Tetris_Chao, compiling. 
[2018.04.06-18.46.50:772][917]LogShaderCompilers: Display: Shaders left to compile 18
[2018.04.06-18.46.50:773][917]LogShaderCompilers: Display: Shaders left to compile 17
[2018.04.06-18.46.50:773][917]LogShaderCompilers: Display: Shaders left to compile 16
[2018.04.06-18.46.50:968][917]LogMaterial: Missing cached shader map for material MT_Tetris_Chao, compiling. 
[2018.04.06-18.46.51:178][917]LogMaterial: Missing cached shader map for material MT_Tetris_Chao, compiling. 
[2018.04.06-18.46.52:621][917]LogShaderCompilers: Display: Shaders left to compile 46
[2018.04.06-18.46.52:813][917]LogShaderCompilers: Display: Shaders left to compile 45
[2018.04.06-18.46.52:813][917]LogShaderCompilers: Display: Shaders left to compile 44
[2018.04.06-18.46.52:813][917]LogMaterial: Missing cached shader map for material FDebugViewModeMaterialProxy MT_Tetris_Chao, compiling. 
[2018.04.06-18.46.55:658][917]LogShaderCompilers: Display: Shaders left to compile 44
[2018.04.06-18.46.55:658][917]LogShaderCompilers: Display: Shaders left to compile 43
[2018.04.06-18.46.55:658][917]LogShaderCompilers: Display: Shaders left to compile 42
[2018.04.06-18.46.55:658][917]LogShaderCompilers: Display: Shaders left to compile 41
[2018.04.06-18.46.55:658][917]LogShaderCompilers: Display: Shaders left to compile 40
[2018.04.06-18.46.55:658][917]LogShaderCompilers: Display: Shaders left to compile 39
[2018.04.06-18.46.55:658][917]LogShaderCompilers: Display: Shaders left to compile 38
[2018.04.06-18.46.55:658][917]LogShaderCompilers: Display: Shaders left to compile 37
[2018.04.06-18.46.55:658][917]LogShaderCompilers: Display: Shaders left to compile 36
[2018.04.06-18.46.55:658][917]LogShaderCompilers: Display: Shaders left to compile 35
[2018.04.06-18.46.55:658][917]LogShaderCompilers: Display: Shaders left to compile 34
[2018.04.06-18.46.55:658][917]LogShaderCompilers: Display: Shaders left to compile 33
[2018.04.06-18.46.55:658][917]LogShaderCompilers: Display: Shaders left to compile 32
[2018.04.06-18.46.55:658][917]LogShaderCompilers: Display: Shaders left to compile 31
[2018.04.06-18.46.55:658][917]LogShaderCompilers: Display: Shaders left to compile 21
[2018.04.06-18.46.55:658][917]LogShaderCompilers: Display: Shaders left to compile 11
[2018.04.06-18.46.55:813][917]TextureStreamingBuild: Display: Compiling optional shaders took 3.190 seconds.
[2018.04.06-18.46.58:345][925]LogShaderCompilers: Display: Shaders left to compile 1
[2018.04.06-18.47.00:317][930]MaterialEditorStats: Base pass shader: 99 instructions
[2018.04.06-18.47.00:317][930]MaterialEditorStats: Base pass shader with Surface Lightmap: 116 instructions
[2018.04.06-18.47.00:317][930]MaterialEditorStats: Base pass shader with Volumetric Lightmap: 172 instructions
[2018.04.06-18.47.00:317][930]MaterialEditorStats: Vertex shader: 34 instructions
[2018.04.06-18.47.00:317][930]MaterialEditorStats: Texture samplers: 3/16
[2018.04.06-18.47.24:639][ 21]LogSlate: Window 'MT_Tetris_Chao*' being destroyed
[2018.04.06-18.47.24:712][ 21]LogSlate: Window 'MT_Tetris_Chao*' being destroyed
[2018.04.06-18.47.27:039][ 21]LogSlate: Window 'Salvar Conteúdo' being destroyed
[2018.04.06-18.47.27:788][ 21]LogSlate: Window 'Tetris - Editor do Unreal' being destroyed
[2018.04.06-18.47.28:405][ 22]Cmd: QUIT_EDITOR
[2018.04.06-18.47.28:475][ 22]LogWindowsTextInputMethodSystem: Display: IME system now deactivated.
[2018.04.06-18.47.28:520][ 22]LogSlate: Slate User Destroyed.  User Index 0, Is Virtual User: 0
[2018.04.06-18.47.28:520][ 22]LogExit: Preparing to exit.
[2018.04.06-18.47.29:124][ 22]LogExit: Editor shut down
[2018.04.06-18.47.29:144][ 22]LogExit: Transaction tracking system shut down
[2018.04.06-18.47.31:995][ 22]LogDirectoryWatcher: A directory notification for '../../../Engine/Content/' was aborted.
[2018.04.06-18.47.31:996][ 22]LogDirectoryWatcher: A directory notification for 'E:/Tetris/Content/' was aborted.
[2018.04.06-18.47.31:996][ 22]LogDirectoryWatcher: A directory notification for '../../Plugins/2D/Paper2D/Content/' was aborted.
[2018.04.06-18.47.31:996][ 22]LogDirectoryWatcher: A directory notification for '../../Plugins/Enterprise/DatasmithContent/Content/' was aborted.
[2018.04.06-18.47.31:997][ 22]LogDirectoryWatcher: A directory notification for '../../Plugins/Media/MediaCompositing/Content/' was aborted.
[2018.04.06-18.47.31:997][ 22]LogDirectoryWatcher: A directory notification for '../../Plugins/Runtime/AppleARKit/Content/' was aborted.
[2018.04.06-18.47.31:998][ 22]LogDirectoryWatcher: A directory notification for '../../Plugins/Runtime/Oculus/OculusVR/Content/' was aborted.
[2018.04.06-18.47.31:998][ 22]LogDirectoryWatcher: A directory notification for '../../Plugins/Runtime/Steam/SteamVR/Content/' was aborted.
[2018.04.06-18.47.32:237][ 22]LogExit: Object subsystem successfully closed.
[2018.04.06-18.47.32:259][ 22]LogShaderCompilers: Display: Shaders left to compile 0
[2018.04.06-18.47.32:261][ 22]LogD3D11RHI: Shutdown
[2018.04.06-18.47.32:261][ 22]LogD3D11RHI: CleanupD3DDevice
[2018.04.06-18.47.32:278][ 22]LogD3D11RHI: ~FD3D11DynamicRHI
[2018.04.06-18.47.32:413][ 22]LogModuleManager: Shutting down and abandoning module HierarchicalLODOutliner (578)
[2018.04.06-18.47.32:414][ 22]LogModuleManager: Shutting down and abandoning module DesktopPlatform (576)
[2018.04.06-18.47.32:414][ 22]LogModuleManager: Shutting down and abandoning module SceneOutliner (574)
[2018.04.06-18.47.32:414][ 22]LogModuleManager: Shutting down and abandoning module AddContentDialog (572)
[2018.04.06-18.47.32:414][ 22]LogDirectoryWatcher: A directory notification for 'C:/Program Files/Epic Games/UE_4.19/FeaturePacks/' was aborted.
[2018.04.06-18.47.32:417][ 22]LogModuleManager: Shutting down and abandoning module WidgetCarousel (571)
[2018.04.06-18.47.32:418][ 22]LogModuleManager: Shutting down and abandoning module EditorWidgets (568)
[2018.04.06-18.47.32:418][ 22]LogModuleManager: Shutting down and abandoning module CollectionManager (566)
[2018.04.06-18.47.32:418][ 22]LogDirectoryWatcher: A directory notification for 'E:/Tetris/Content/Collections/' was aborted.
[2018.04.06-18.47.32:418][ 22]LogDirectoryWatcher: A directory notification for 'E:/Tetris/Content/Developers/giova000/Collections/' was aborted.
[2018.04.06-18.47.32:418][ 22]LogDirectoryWatcher: A directory notification for 'E:/Tetris/Saved/Collections/' was aborted.
[2018.04.06-18.47.32:419][ 22]LogModuleManager: Shutting down and abandoning module HierarchicalLODUtilities (564)
[2018.04.06-18.47.32:419][ 22]LogModuleManager: Shutting down and abandoning module StatsViewer (562)
[2018.04.06-18.47.32:419][ 22]LogModuleManager: Shutting down and abandoning module FoliageEdit (560)
[2018.04.06-18.47.32:419][ 22]LogModuleManager: Shutting down and abandoning module LandscapeEditor (558)
[2018.04.06-18.47.32:419][ 22]LogModuleManager: Shutting down and abandoning module MeshPaintMode (556)
[2018.04.06-18.47.32:419][ 22]LogModuleManager: Shutting down and abandoning module SceneDepthPickerMode (554)
[2018.04.06-18.47.32:419][ 22]LogModuleManager: Shutting down and abandoning module ActorPickerMode (552)
[2018.04.06-18.47.32:419][ 22]LogModuleManager: Shutting down and abandoning module GeometryMode (550)
[2018.04.06-18.47.32:420][ 22]LogModuleManager: Shutting down and abandoning module TextureAlignMode (548)
[2018.04.06-18.47.32:420][ 22]LogModuleManager: Shutting down and abandoning module BspMode (546)
[2018.04.06-18.47.32:420][ 22]LogModuleManager: Shutting down and abandoning module PIEPreviewDeviceProfileSelector (544)
[2018.04.06-18.47.32:420][ 22]LogModuleManager: Shutting down and abandoning module HardwareSurvey (542)
[2018.04.06-18.47.32:420][ 22]LogModuleManager: Shutting down and abandoning module SequenceRecorderSections (540)
[2018.04.06-18.47.32:420][ 22]LogModuleManager: Shutting down and abandoning module AutomationWorker (538)
[2018.04.06-18.47.32:420][ 22]LogModuleManager: Shutting down and abandoning module AudioCaptureEditor (536)
[2018.04.06-18.47.32:420][ 22]LogModuleManager: Shutting down and abandoning module SequenceRecorder (535)
[2018.04.06-18.47.32:420][ 22]LogModuleManager: Shutting down and abandoning module MatineeToLevelSequence (532)
[2018.04.06-18.47.32:420][ 22]LogModuleManager: Shutting down and abandoning module LevelSequenceEditor (530)
[2018.04.06-18.47.32:420][ 22]LogModuleManager: Shutting down and abandoning module PlacementMode (529)
[2018.04.06-18.47.32:421][ 22]LogModuleManager: Shutting down and abandoning module MaterialEditor (528)
[2018.04.06-18.47.32:421][ 22]LogModuleManager: Shutting down and abandoning module WmfMediaFactory (524)
[2018.04.06-18.47.32:421][ 22]LogModuleManager: Shutting down and abandoning module WmfMediaEditor (522)
[2018.04.06-18.47.32:421][ 22]LogModuleManager: Shutting down and abandoning module MediaPlayerEditor (520)
[2018.04.06-18.47.32:421][ 22]LogModuleManager: Shutting down and abandoning module OpenExrWrapper (518)
[2018.04.06-18.47.32:421][ 22]LogModuleManager: Shutting down and abandoning module ImgMediaFactory (516)
[2018.04.06-18.47.32:421][ 22]LogModuleManager: Shutting down and abandoning module ImgMediaEditor (514)
[2018.04.06-18.47.32:421][ 22]LogModuleManager: Shutting down and abandoning module AvfMediaFactory (512)
[2018.04.06-18.47.32:421][ 22]LogModuleManager: Shutting down and abandoning module AvfMediaEditor (510)
[2018.04.06-18.47.32:421][ 22]LogModuleManager: Shutting down and abandoning module AndroidMediaFactory (508)
[2018.04.06-18.47.32:421][ 22]LogModuleManager: Shutting down and abandoning module AndroidMediaEditor (506)
[2018.04.06-18.47.32:422][ 22]LogModuleManager: Shutting down and abandoning module CharacterAI (504)
[2018.04.06-18.47.32:422][ 22]LogModuleManager: Shutting down and abandoning module SmartSnapping (502)
[2018.04.06-18.47.32:422][ 22]LogModuleManager: Shutting down and abandoning module SessionServices (500)
[2018.04.06-18.47.32:422][ 22]LogModuleManager: Shutting down and abandoning module ViewportSnapping (498)
[2018.04.06-18.47.32:422][ 22]LogModuleManager: Shutting down and abandoning module ViewportInteraction (496)
[2018.04.06-18.47.32:422][ 22]LogModuleManager: Shutting down and abandoning module ClothPainter (494)
[2018.04.06-18.47.32:422][ 22]LogModuleManager: Shutting down and abandoning module SkeletalMeshEditor (493)
[2018.04.06-18.47.32:422][ 22]LogModuleManager: Shutting down and abandoning module LogVisualizer (490)
[2018.04.06-18.47.32:423][ 22]LogModuleManager: Shutting down and abandoning module IntroTutorials (488)
[2018.04.06-18.47.32:423][ 22]LogModuleManager: Shutting down and abandoning module GameProjectGeneration (487)
[2018.04.06-18.47.32:423][ 22]LogModuleManager: Shutting down and abandoning module IOSPlatformEditor (484)
[2018.04.06-18.47.32:423][ 22]LogModuleManager: Shutting down and abandoning module HTML5PlatformEditor (482)
[2018.04.06-18.47.32:423][ 22]LogModuleManager: Shutting down and abandoning module AndroidPlatformEditor (480)
[2018.04.06-18.47.32:424][ 22]LogModuleManager: Shutting down and abandoning module AndroidDeviceDetection (479)
[2018.04.06-18.47.33:392][ 22]LogModuleManager: Shutting down and abandoning module WindowsPlatformEditor (476)
[2018.04.06-18.47.33:392][ 22]LogModuleManager: Shutting down and abandoning module IOSRuntimeSettings (474)
[2018.04.06-18.47.33:393][ 22]LogModuleManager: Shutting down and abandoning module AndroidRuntimeSettings (472)
[2018.04.06-18.47.33:393][ 22]LogModuleManager: Shutting down and abandoning module InputBindingEditor (470)
[2018.04.06-18.47.33:393][ 22]LogModuleManager: Shutting down and abandoning module MergeActors (468)
[2018.04.06-18.47.33:393][ 22]LogModuleManager: Shutting down and abandoning module LocalizationDashboard (466)
[2018.04.06-18.47.33:393][ 22]LogModuleManager: Shutting down and abandoning module LocalizationService (465)
[2018.04.06-18.47.33:393][ 22]LogModuleManager: Shutting down and abandoning module HardwareTargeting (462)
[2018.04.06-18.47.33:393][ 22]LogModuleManager: Shutting down and abandoning module DeviceProfileEditor (460)
[2018.04.06-18.47.33:393][ 22]LogModuleManager: Shutting down and abandoning module UndoHistory (458)
[2018.04.06-18.47.33:393][ 22]LogModuleManager: Shutting down and abandoning module XmlParser (456)
[2018.04.06-18.47.33:393][ 22]LogModuleManager: Shutting down and abandoning module Blutility (454)
[2018.04.06-18.47.33:394][ 22]LogModuleManager: Shutting down and abandoning module ProjectSettingsViewer (452)
[2018.04.06-18.47.33:394][ 22]LogModuleManager: Shutting down and abandoning module ProjectTargetPlatformEditor (451)
[2018.04.06-18.47.33:394][ 22]LogModuleManager: Shutting down and abandoning module EditorSettingsViewer (448)
[2018.04.06-18.47.33:394][ 22]LogModuleManager: Shutting down and abandoning module SettingsEditor (446)
[2018.04.06-18.47.33:394][ 22]LogModuleManager: Shutting down and abandoning module ProjectLauncher (444)
[2018.04.06-18.47.33:394][ 22]LogModuleManager: Shutting down and abandoning module SessionFrontend (442)
[2018.04.06-18.47.33:394][ 22]LogModuleManager: Shutting down and abandoning module ProfilerClient (440)
[2018.04.06-18.47.33:395][ 22]LogModuleManager: Shutting down and abandoning module DeviceManager (438)
[2018.04.06-18.47.33:395][ 22]LogModuleManager: Shutting down and abandoning module TargetDeviceServices (437)
[2018.04.06-18.47.33:450][ 22]LogModuleManager: Shutting down and abandoning module AutomationController (434)
[2018.04.06-18.47.33:450][ 22]LogModuleManager: Shutting down and abandoning module AutomationWindow (432)
[2018.04.06-18.47.33:450][ 22]LogModuleManager: Shutting down and abandoning module Layers (430)
[2018.04.06-18.47.33:450][ 22]LogModuleManager: Shutting down and abandoning module ComponentVisualizers (428)
[2018.04.06-18.47.33:450][ 22]LogModuleManager: Shutting down and abandoning module DetailCustomizations (426)
[2018.04.06-18.47.33:450][ 22]LogModuleManager: Shutting down and abandoning module PackagesDialog (424)
[2018.04.06-18.47.33:451][ 22]LogModuleManager: Shutting down and abandoning module Persona (422)
[2018.04.06-18.47.33:452][ 22]LogModuleManager: Shutting down and abandoning module AdvancedPreviewScene (421)
[2018.04.06-18.47.33:452][ 22]LogModuleManager: Shutting down and abandoning module AnimGraph (419)
[2018.04.06-18.47.33:452][ 22]LogModuleManager: Shutting down and abandoning module Kismet (416)
[2018.04.06-18.47.33:453][ 22]LogModuleManager: Shutting down and abandoning module GraphEditor (414)
[2018.04.06-18.47.33:454][ 22]LogModuleManager: Shutting down and abandoning module ClassViewer (412)
[2018.04.06-18.47.33:454][ 22]LogModuleManager: Shutting down and abandoning module Toolbox (410)
[2018.04.06-18.47.33:454][ 22]LogModuleManager: Shutting down and abandoning module ModuleUI (408)
[2018.04.06-18.47.33:454][ 22]LogModuleManager: Shutting down and abandoning module MovieSceneTools (406)
[2018.04.06-18.47.33:454][ 22]LogModuleManager: Shutting down and abandoning module OutputLog (404)
[2018.04.06-18.47.33:454][ 22]LogModuleManager: Shutting down and abandoning module GammaUI (402)
[2018.04.06-18.47.33:455][ 22]LogModuleManager: Shutting down and abandoning module Documentation (400)
[2018.04.06-18.47.33:455][ 22]LogModuleManager: Shutting down and abandoning module MovieSceneTracks (398)
[2018.04.06-18.47.33:455][ 22]LogModuleManager: Shutting down and abandoning module MovieScene (396)
[2018.04.06-18.47.33:455][ 22]LogModuleManager: Shutting down and abandoning module StreamingPauseRendering (394)
[2018.04.06-18.47.33:455][ 22]LogModuleManager: Shutting down and abandoning module LauncherPlatform (392)
[2018.04.06-18.47.33:456][ 22]LogModuleManager: Shutting down and abandoning module AnalyticsET (390)
[2018.04.06-18.47.33:456][ 22]LogModuleManager: Shutting down and abandoning module PortalServices (388)
[2018.04.06-18.47.33:456][ 22]LogModuleManager: Shutting down and abandoning module PortalRpc (386)
[2018.04.06-18.47.33:456][ 22]LogModuleManager: Shutting down and abandoning module MessagingRpc (384)
[2018.04.06-18.47.33:456][ 22]LogModuleManager: Shutting down and abandoning module AIModule (382)
[2018.04.06-18.47.33:456][ 22]LogModuleManager: Shutting down and abandoning module GameplayDebugger (381)
[2018.04.06-18.47.33:456][ 22]LogModuleManager: Shutting down and abandoning module AITestSuite (379)
[2018.04.06-18.47.33:457][ 22]LogModuleManager: Shutting down and abandoning module ProfilerService (376)
[2018.04.06-18.47.33:627][ 22]LogModuleManager: Shutting down and abandoning module TaskGraph (374)
[2018.04.06-18.47.33:627][ 22]LogModuleManager: Shutting down and abandoning module SteamVRController (372)
[2018.04.06-18.47.33:627][ 22]LogModuleManager: Shutting down and abandoning module ProceduralMeshComponentEditor (370)
[2018.04.06-18.47.33:628][ 22]LogModuleManager: Shutting down and abandoning module ProceduralMeshComponent (368)
[2018.04.06-18.47.33:628][ 22]LogModuleManager: Shutting down and abandoning module OculusInput (366)
[2018.04.06-18.47.33:628][ 22]LogModuleManager: Shutting down and abandoning module MobilePatchingUtils (364)
[2018.04.06-18.47.33:628][ 22]LogModuleManager: Shutting down and abandoning module CustomMeshComponent (362)
[2018.04.06-18.47.33:628][ 22]LogModuleManager: Shutting down and abandoning module CableComponent (360)
[2018.04.06-18.47.33:628][ 22]LogModuleManager: Shutting down and abandoning module AudioCapture (358)
[2018.04.06-18.47.33:628][ 22]LogModuleManager: Shutting down and abandoning module ArchVisCharacter (356)
[2018.04.06-18.47.33:628][ 22]LogModuleManager: Shutting down and abandoning module AndroidPermission (354)
[2018.04.06-18.47.33:628][ 22]LogModuleManager: Shutting down and abandoning module NUTUnrealEngine4 (350)
[2018.04.06-18.47.33:629][ 22]LogModuleManager: Shutting down and abandoning module NetcodeUnitTest (348)
[2018.04.06-18.47.33:629][ 22]LogModuleManager: Shutting down and abandoning module MediaCompositingEditor (346)
[2018.04.06-18.47.33:629][ 22]LogModuleManager: Shutting down and abandoning module MediaCompositing (344)
[2018.04.06-18.47.33:629][ 22]LogModuleManager: Shutting down and abandoning module LinearTimecode (342)
[2018.04.06-18.47.33:629][ 22]LogModuleManager: Shutting down and abandoning module ImgMedia (340)
[2018.04.06-18.47.33:639][ 22]LogModuleManager: Shutting down and abandoning module HTML5Networking (338)
[2018.04.06-18.47.33:639][ 22]LogModuleManager: Shutting down and abandoning module AlembicImporter (336)
[2018.04.06-18.47.33:640][ 22]LogModuleManager: Shutting down and abandoning module AlembicLibrary (335)
[2018.04.06-18.47.33:640][ 22]LogModuleManager: Shutting down and abandoning module GeometryCache (334)
[2018.04.06-18.47.33:640][ 22]LogModuleManager: Shutting down and abandoning module GeometryCacheEd (333)
[2018.04.06-18.47.33:640][ 22]LogModuleManager: Shutting down and abandoning module DatasmithContent (328)
[2018.04.06-18.47.33:640][ 22]LogModuleManager: Shutting down and abandoning module SpeedTreeImporter (326)
[2018.04.06-18.47.33:640][ 22]LogModuleManager: Shutting down and abandoning module PluginBrowser (324)
[2018.04.06-18.47.33:640][ 22]LogModuleManager: Shutting down and abandoning module MobileLauncherProfileWizard (322)
[2018.04.06-18.47.33:640][ 22]LogModuleManager: Shutting down and abandoning module CryptoKeysOpenSSL (320)
[2018.04.06-18.47.33:641][ 22]LogModuleManager: Shutting down and abandoning module CryptoKeys (318)
[2018.04.06-18.47.33:641][ 22]LogModuleManager: Shutting down and abandoning module VisualStudioSourceCodeAccess (316)
[2018.04.06-18.47.33:641][ 22]LogModuleManager: Shutting down and abandoning module VisualStudioCodeSourceCodeAccess (314)
[2018.04.06-18.47.33:642][ 22]LogModuleManager: Shutting down and abandoning module UObjectPlugin (312)
[2018.04.06-18.47.33:642][ 22]LogModuleManager: Shutting down and abandoning module SubversionSourceControl (310)
[2018.04.06-18.47.33:642][ 22]LogModuleManager: Shutting down and abandoning module PerforceSourceControl (308)
[2018.04.06-18.47.33:642][ 22]LogModuleManager: Shutting down and abandoning module GitSourceControl (306)
[2018.04.06-18.47.33:642][ 22]LogModuleManager: Shutting down and abandoning module SourceControl (305)
[2018.04.06-18.47.33:642][ 22]LogModuleManager: Shutting down and abandoning module CLionSourceCodeAccess (302)
[2018.04.06-18.47.33:643][ 22]LogModuleManager: Shutting down and abandoning module LightPropagationVolumeEditor (300)
[2018.04.06-18.47.33:643][ 22]LogModuleManager: Shutting down and abandoning module PaperTiledImporter (298)
[2018.04.06-18.47.33:643][ 22]LogModuleManager: Shutting down and abandoning module PaperSpriteSheetImporter (296)
[2018.04.06-18.47.33:643][ 22]LogModuleManager: Shutting down and abandoning module Paper2DEditor (294)
[2018.04.06-18.47.33:643][ 22]LogModuleManager: Shutting down and abandoning module MeshPaint (293)
[2018.04.06-18.47.33:643][ 22]LogModuleManager: Shutting down and abandoning module Tetris (290)
[2018.04.06-18.47.33:643][ 22]LogModuleManager: Shutting down and abandoning module RuntimePhysXCooking (288)
[2018.04.06-18.47.33:643][ 22]LogModuleManager: Shutting down and abandoning module PhysXVehiclesEditor (286)
[2018.04.06-18.47.33:643][ 22]LogModuleManager: Shutting down and abandoning module PhysXVehicles (284)
[2018.04.06-18.47.33:643][ 22]LogModuleManager: Shutting down and abandoning module OculusEditor (282)
[2018.04.06-18.47.33:643][ 22]LogModuleManager: Shutting down and abandoning module LocationServicesBPLibrary (280)
[2018.04.06-18.47.33:644][ 22]LogModuleManager: Shutting down and abandoning module ImmediatePhysicsEditor (278)
[2018.04.06-18.47.33:644][ 22]LogModuleManager: Shutting down and abandoning module ImmediatePhysics (276)
[2018.04.06-18.47.33:644][ 22]LogModuleManager: Shutting down and abandoning module ActorSequence (274)
[2018.04.06-18.47.33:644][ 22]LogModuleManager: Shutting down and abandoning module UdpMessaging (272)
[2018.04.06-18.47.33:745][ 22]LogModuleManager: Shutting down and abandoning module TcpMessaging (270)
[2018.04.06-18.47.33:847][ 22]LogModuleManager: Shutting down and abandoning module GameplayTagsEditor (268)
[2018.04.06-18.47.33:847][ 22]LogModuleManager: Shutting down and abandoning module FacialAnimationEditor (266)
[2018.04.06-18.47.33:847][ 22]LogModuleManager: Shutting down and abandoning module FacialAnimation (264)
[2018.04.06-18.47.33:847][ 22]LogModuleManager: Shutting down and abandoning module DataValidation (262)
[2018.04.06-18.47.33:847][ 22]LogModuleManager: Shutting down and abandoning module AssetManagerEditor (260)
[2018.04.06-18.47.33:848][ 22]LogModuleManager: Shutting down and abandoning module LevelEditor (259)
[2018.04.06-18.47.33:852][ 22]LogModuleManager: Shutting down and abandoning module PixelInspectorModule (258)
[2018.04.06-18.47.33:852][ 22]LogModuleManager: Shutting down and abandoning module CommonMenuExtensions (256)
[2018.04.06-18.47.33:853][ 22]LogModuleManager: Shutting down and abandoning module MainFrame (254)
[2018.04.06-18.47.33:854][ 22]LogModuleManager: Shutting down and abandoning module HotReload (253)
[2018.04.06-18.47.33:854][ 22]LogDirectoryWatcher: A directory notification for 'E:/Tetris/Binaries/Win64' was aborted.
[2018.04.06-18.47.33:858][ 22]LogModuleManager: Shutting down and abandoning module ContentBrowser (249)
[2018.04.06-18.47.33:867][ 22]LogModuleManager: Shutting down and abandoning module TreeMap (247)
[2018.04.06-18.47.33:868][ 22]LogModuleManager: Shutting down and abandoning module LightPropagationVolumeRuntime (244)
[2018.04.06-18.47.33:868][ 22]LogModuleManager: Shutting down and abandoning module LiveLinkEditor (242)
[2018.04.06-18.47.33:868][ 22]LogModuleManager: Shutting down and abandoning module LiveLink (240)
[2018.04.06-18.47.34:823][ 22]LogModuleManager: Shutting down and abandoning module Paper2D (238)
[2018.04.06-18.47.34:823][ 22]LogModuleManager: Shutting down and abandoning module WindowsMoviePlayer (236)
[2018.04.06-18.47.34:824][ 22]LogModuleManager: Shutting down and abandoning module WmfMedia (234)
[2018.04.06-18.47.34:824][ 22]LogModuleManager: Shutting down and abandoning module PacketHandler (232)
[2018.04.06-18.47.34:824][ 22]LogModuleManager: Shutting down and abandoning module ClothingSystemEditor (230)
[2018.04.06-18.47.34:824][ 22]LogModuleManager: Shutting down and abandoning module ClothingSystemRuntime (228)
[2018.04.06-18.47.34:824][ 22]LogModuleManager: Shutting down and abandoning module MediaAssets (226)
[2018.04.06-18.47.34:824][ 22]LogModuleManager: Shutting down and abandoning module Media (225)
[2018.04.06-18.47.34:831][ 22]LogModuleManager: Shutting down and abandoning module Overlay (222)
[2018.04.06-18.47.34:831][ 22]LogModuleManager: Shutting down and abandoning module OverlayEditor (221)
[2018.04.06-18.47.34:831][ 22]LogModuleManager: Shutting down and abandoning module VREditor (218)
[2018.04.06-18.47.34:832][ 22]LogModuleManager: Shutting down and abandoning module StringTableEditor (216)
[2018.04.06-18.47.34:832][ 22]LogModuleManager: Shutting down and abandoning module GameplayTasksEditor (214)
[2018.04.06-18.47.34:832][ 22]LogModuleManager: Shutting down and abandoning module BehaviorTreeEditor (212)
[2018.04.06-18.47.34:832][ 22]LogModuleManager: Shutting down and abandoning module FunctionalTesting (210)
[2018.04.06-18.47.34:832][ 22]LogModuleManager: Shutting down and abandoning module CollisionAnalyzer (208)
[2018.04.06-18.47.34:832][ 22]LogModuleManager: Shutting down and abandoning module WorkspaceMenuStructure (207)
[2018.04.06-18.47.34:833][ 22]LogModuleManager: Shutting down and abandoning module UMG (204)
[2018.04.06-18.47.34:833][ 22]LogModuleManager: Shutting down and abandoning module UMGEditor (203)
[2018.04.06-18.47.34:833][ 22]LogModuleManager: Shutting down and abandoning module Sequencer (202)
[2018.04.06-18.47.34:833][ 22]LogModuleManager: Shutting down and abandoning module MessageLog (199)
[2018.04.06-18.47.34:834][ 22]LogModuleManager: Shutting down and abandoning module SlateReflector (194)
[2018.04.06-18.47.34:834][ 22]LogModuleManager: Shutting down and abandoning module Slate (192)
[2018.04.06-18.47.34:834][ 22]LogModuleManager: Shutting down and abandoning module EditorStyle (190)
[2018.04.06-18.47.34:843][ 22]LogModuleManager: Shutting down and abandoning module MRMesh (188)
[2018.04.06-18.47.34:844][ 22]LogModuleManager: Shutting down and abandoning module SourceCodeAccess (186)
[2018.04.06-18.47.34:844][ 22]LogModuleManager: Shutting down and abandoning module HeadMountedDisplay (184)
[2018.04.06-18.47.34:844][ 22]LogModuleManager: Shutting down and abandoning module XAudio2 (182)
[2018.04.06-18.47.34:844][ 22]LogModuleManager: Shutting down and abandoning module Networking (180)
[2018.04.06-18.47.34:844][ 22]LogModuleManager: Shutting down and abandoning module Core (178)
[2018.04.06-18.47.34:844][ 22]LogModuleManager: Shutting down and abandoning module LevelSequence (176)
[2018.04.06-18.47.34:844][ 22]LogModuleManager: Shutting down and abandoning module KismetCompiler (174)
[2018.04.06-18.47.34:844][ 22]LogModuleManager: Shutting down and abandoning module MeshUtilities (172)
[2018.04.06-18.47.34:844][ 22]LogModuleManager: Shutting down and abandoning module MeshMergeUtilities (171)
[2018.04.06-18.47.34:844][ 22]LogModuleManager: Shutting down and abandoning module MeshReductionInterface (170)
[2018.04.06-18.47.34:844][ 22]LogModuleManager: Shutting down and abandoning module SimplygonSwarm (169)
[2018.04.06-18.47.34:845][ 22]LogModuleManager: Shutting down and abandoning module SimplygonMeshReduction (167)
[2018.04.06-18.47.34:845][ 22]LogModuleManager: Shutting down and abandoning module QuadricMeshReduction (165)
[2018.04.06-18.47.34:845][ 22]LogModuleManager: Shutting down and abandoning module MaterialBaking (161)
[2018.04.06-18.47.34:845][ 22]LogModuleManager: Shutting down and abandoning module DirectoryWatcher (157)
[2018.04.06-18.47.34:848][ 22]LogModuleManager: Shutting down and abandoning module DerivedDataCache (154)
[2018.04.06-18.47.34:893][ 22]LogDerivedDataCache: Shutdown
[2018.04.06-18.47.34:893][ 22]LogModuleManager: Shutting down and abandoning module XGEController (152)
[2018.04.06-18.47.34:893][ 22]LogModuleManager: Shutting down and abandoning module TargetPlatform (150)
[2018.04.06-18.47.34:893][ 22]LogModuleManager: Shutting down and abandoning module VulkanShaderFormat (149)
[2018.04.06-18.47.34:894][ 22]LogModuleManager: Shutting down and abandoning module ShaderFormatVectorVM (147)
[2018.04.06-18.47.34:894][ 22]LogModuleManager: Shutting down and abandoning module ShaderFormatOpenGL (145)
[2018.04.06-18.47.34:894][ 22]LogModuleManager: Shutting down and abandoning module ShaderFormatD3D (143)
[2018.04.06-18.47.34:894][ 22]LogModuleManager: Shutting down and abandoning module MetalShaderFormat (141)
[2018.04.06-18.47.34:894][ 22]LogModuleManager: Shutting down and abandoning module TextureFormatUncompressed (139)
[2018.04.06-18.47.34:894][ 22]LogModuleManager: Shutting down and abandoning module TextureFormatPVR (137)
[2018.04.06-18.47.34:894][ 22]LogModuleManager: Shutting down and abandoning module TextureFormatDXT (135)
[2018.04.06-18.47.34:894][ 22]LogModuleManager: Shutting down and abandoning module TextureFormatIntelISPCTexComp (133)
[2018.04.06-18.47.34:894][ 22]LogModuleManager: Shutting down and abandoning module TextureFormatASTC (131)
[2018.04.06-18.47.34:894][ 22]LogModuleManager: Shutting down and abandoning module ImageWrapper (130)
[2018.04.06-18.47.34:894][ 22]LogModuleManager: Shutting down and abandoning module TextureFormatAndroid (127)
[2018.04.06-18.47.34:894][ 22]LogModuleManager: Shutting down and abandoning module AudioFormatOpus (125)
[2018.04.06-18.47.34:894][ 22]LogModuleManager: Shutting down and abandoning module AudioFormatOgg (123)
[2018.04.06-18.47.34:895][ 22]LogModuleManager: Shutting down and abandoning module AudioFormatADPCM (121)
[2018.04.06-18.47.34:895][ 22]LogModuleManager: Shutting down and abandoning module LinuxTargetPlatform (119)
[2018.04.06-18.47.34:895][ 22]LogModuleManager: Shutting down and abandoning module LinuxServerTargetPlatform (117)
[2018.04.06-18.47.34:895][ 22]LogModuleManager: Shutting down and abandoning module LinuxNoEditorTargetPlatform (115)
[2018.04.06-18.47.34:895][ 22]LogModuleManager: Shutting down and abandoning module LinuxClientTargetPlatform (113)
[2018.04.06-18.47.34:895][ 22]LogModuleManager: Shutting down and abandoning module TVOSTargetPlatform (111)
[2018.04.06-18.47.34:895][ 22]LogModuleManager: Shutting down and abandoning module Messaging (109)
[2018.04.06-18.47.34:895][ 22]LogModuleManager: Shutting down and abandoning module IOSTargetPlatform (107)
[2018.04.06-18.47.34:895][ 22]LogModuleManager: Shutting down and abandoning module HTML5TargetPlatform (105)
[2018.04.06-18.47.34:895][ 22]LogModuleManager: Shutting down and abandoning module AndroidTargetPlatform (103)
[2018.04.06-18.47.34:895][ 22]LogModuleManager: Shutting down and abandoning module Android_PVRTCTargetPlatform (101)
[2018.04.06-18.47.34:895][ 22]LogModuleManager: Shutting down and abandoning module Android_MultiTargetPlatform (99)
[2018.04.06-18.47.34:895][ 22]LogModuleManager: Shutting down and abandoning module Android_ETC2TargetPlatform (97)
[2018.04.06-18.47.34:895][ 22]LogModuleManager: Shutting down and abandoning module Android_ETC1TargetPlatform (95)
[2018.04.06-18.47.34:895][ 22]LogModuleManager: Shutting down and abandoning module Android_ETC1aTargetPlatform (93)
[2018.04.06-18.47.34:895][ 22]LogModuleManager: Shutting down and abandoning module Android_DXTTargetPlatform (91)
[2018.04.06-18.47.34:895][ 22]LogModuleManager: Shutting down and abandoning module Android_ATCTargetPlatform (89)
[2018.04.06-18.47.34:896][ 22]LogModuleManager: Shutting down and abandoning module Android_ASTCTargetPlatform (87)
[2018.04.06-18.47.34:896][ 22]LogModuleManager: Shutting down and abandoning module WindowsTargetPlatform (85)
[2018.04.06-18.47.34:896][ 22]LogModuleManager: Shutting down and abandoning module WindowsServerTargetPlatform (83)
[2018.04.06-18.47.34:896][ 22]LogModuleManager: Shutting down and abandoning module WindowsNoEditorTargetPlatform (81)
[2018.04.06-18.47.34:896][ 22]LogModuleManager: Shutting down and abandoning module WindowsClientTargetPlatform (79)
[2018.04.06-18.47.34:896][ 22]LogModuleManager: Shutting down and abandoning module MacTargetPlatform (77)
[2018.04.06-18.47.34:896][ 22]LogModuleManager: Shutting down and abandoning module MacServerTargetPlatform (75)
[2018.04.06-18.47.34:896][ 22]LogModuleManager: Shutting down and abandoning module MacNoEditorTargetPlatform (73)
[2018.04.06-18.47.34:896][ 22]LogModuleManager: Shutting down and abandoning module MacClientTargetPlatform (71)
[2018.04.06-18.47.34:896][ 22]LogModuleManager: Shutting down and abandoning module AllDesktopTargetPlatform (69)
[2018.04.06-18.47.34:896][ 22]LogModuleManager: Shutting down and abandoning module InputCore (66)
[2018.04.06-18.47.34:896][ 22]LogModuleManager: Shutting down and abandoning module Settings (64)
[2018.04.06-18.47.34:896][ 22]LogModuleManager: Shutting down and abandoning module PhysXCooking (62)
[2018.04.06-18.47.34:896][ 22]LogModuleManager: Shutting down and abandoning module SteamVR (60)
[2018.04.06-18.47.34:896][ 22]LogModuleManager: Shutting down and abandoning module OculusHMD (58)
[2018.04.06-18.47.34:896][ 22]LogModuleManager: Shutting down and abandoning module ExampleDeviceProfileSelector (56)
[2018.04.06-18.47.34:897][ 22]LogModuleManager: Shutting down and abandoning module AppleARKit (54)
[2018.04.06-18.47.34:897][ 22]LogModuleManager: Shutting down and abandoning module AugmentedReality (51)
[2018.04.06-18.47.34:897][ 22]LogModuleManager: Shutting down and abandoning module OnlineBlueprintSupport (48)
[2018.04.06-18.47.34:897][ 22]LogModuleManager: Shutting down and abandoning module OnlineSubsystem (44)
[2018.04.06-18.47.34:897][ 22]LogModuleManager: Shutting down and abandoning module XMPP (43)
[2018.04.06-18.47.34:897][ 22]LogModuleManager: Shutting down and abandoning module HTTP (41)
[2018.04.06-18.47.34:897][ 22]LogHttp: Display: Http module shutting down, but needs to wait on 1 outstanding Http requests:
[2018.04.06-18.47.34:897][ 22]LogHttp: Display: 	verb=[POST] url=[https://datarouter.ol.epicgames.com/datarouter/api/v1/public/data?SessionID=%7B5E29AB00-4FC0-5EB0-FA50-599DC157303E%7D&AppID=UEEditor.Rocket.Release&AppVersion=4.19.0-3944462%2B%2B%2BUE4%2BRelease-4.19&UserID=bf38ee124798726b437637881924f4d5%7C33656181d0aa4c2ba336a6f4ade9f1e4%7Cc0d60dc0-1b38-4b7e-a15f-1e47788a1d8b&AppEnvironment=datacollector-binary&UploadType=eteventstream] status=Processing
[2018.04.06-18.47.34:903][ 22]LogModuleManager: Shutting down and abandoning module SSL (40)
[2018.04.06-18.47.34:906][ 22]LogModuleManager: Shutting down and abandoning module AnimationModifiers (36)
[2018.04.06-18.47.34:906][ 22]LogModuleManager: Shutting down and abandoning module PropertyEditor (35)
[2018.04.06-18.47.34:907][ 22]LogModuleManager: Shutting down and abandoning module AudioEditor (32)
[2018.04.06-18.47.34:907][ 22]LogModuleManager: Shutting down and abandoning module TextureCompressor (30)
[2018.04.06-18.47.34:907][ 22]LogModuleManager: Shutting down and abandoning module ShaderCore (28)
[2018.04.06-18.47.34:907][ 22]LogModuleManager: Shutting down and abandoning module Landscape (26)
[2018.04.06-18.47.34:907][ 22]LogModuleManager: Shutting down and abandoning module SlateRHIRenderer (24)
[2018.04.06-18.47.34:910][ 22]LogModuleManager: Shutting down and abandoning module OpenGLDrv (22)
[2018.04.06-18.47.34:911][ 22]LogModuleManager: Shutting down and abandoning module D3D11RHI (20)
[2018.04.06-18.47.34:911][ 22]LogModuleManager: Shutting down and abandoning module AnimGraphRuntime (18)
[2018.04.06-18.47.34:911][ 22]LogModuleManager: Shutting down and abandoning module Renderer (16)
[2018.04.06-18.47.34:911][ 22]LogModuleManager: Shutting down and abandoning module Engine (14)
[2018.04.06-18.47.34:911][ 22]LogModuleManager: Shutting down and abandoning module CoreUObject (12)
[2018.04.06-18.47.34:911][ 22]LogModuleManager: Shutting down and abandoning module NetworkFile (10)
[2018.04.06-18.47.34:912][ 22]LogModuleManager: Shutting down and abandoning module CookedIterativeFile (8)
[2018.04.06-18.47.34:912][ 22]LogModuleManager: Shutting down and abandoning module StreamingFile (6)
[2018.04.06-18.47.34:912][ 22]LogModuleManager: Shutting down and abandoning module SandboxFile (4)
[2018.04.06-18.47.34:912][ 22]LogModuleManager: Shutting down and abandoning module PakFile (2)
[2018.04.06-18.47.34:919][ 22]LogExit: Exiting.
[2018.04.06-18.47.34:983][ 22]Log file closed, 04/06/18 15:47:34
