Log file open, 04/06/18 15:13:23
LogWindows: Failed to load 'aqProf.dll' (GetLastError=126)
LogWindows: File 'aqProf.dll' does not exist
LogWindows: Failed to load 'VSPerf140.dll' (GetLastError=126)
LogWindows: File 'VSPerf140.dll' does not exist
LogWindows: Failed to load 'VtuneApi.dll' (GetLastError=126)
LogWindows: File 'VtuneApi.dll' does not exist
LogWindows: Failed to load 'VtuneApi32e.dll' (GetLastError=126)
LogWindows: File 'VtuneApi32e.dll' does not exist
LogInit: Display: Running engine for game: Tetris
LogPlatformFile: Not using cached read wrapper
LogInit: Display: RandInit(436255382) SRandInit(436255383).
LogInit: Read version file with build ID '3944462'
LogInit: Overriding engine version to CL 3944462, compatible CL 3944462
LogInit: Registered custom module enumerator with build ID '3944462'
LogTaskGraph: Started task graph with 5 named threads and 11 total threads with 3 sets of task threads.
LogStats: Stats thread started at 0.722122
LogD3D11RHI: Aftermath initialized
LogICUInternationalization: Display: ICU TimeZone Detection - Raw Offset: -3:00, Platform Override: ''
LogPluginManager: Mounting plugin Paper2D
LogPluginManager: Mounting plugin LiveLink
LogPluginManager: Mounting plugin LightPropagationVolume
LogPluginManager: Mounting plugin CLionSourceCodeAccess
LogPluginManager: Mounting plugin CodeLiteSourceCodeAccess
LogPluginManager: Mounting plugin GitSourceControl
LogPluginManager: Mounting plugin KDevelopSourceCodeAccess
LogPluginManager: Mounting plugin NullSourceCodeAccess
LogPluginManager: Mounting plugin PerforceSourceControl
LogPluginManager: Mounting plugin SubversionSourceControl
LogPluginManager: Mounting plugin UObjectPlugin
LogPluginManager: Mounting plugin VisualStudioCodeSourceCodeAccess
LogPluginManager: Mounting plugin VisualStudioSourceCodeAccess
LogPluginManager: Mounting plugin XCodeSourceCodeAccess
LogPluginManager: Mounting plugin AssetManagerEditor
LogPluginManager: Mounting plugin CryptoKeys
LogPluginManager: Mounting plugin DataValidation
LogPluginManager: Mounting plugin FacialAnimation
LogPluginManager: Mounting plugin GameplayTagsEditor
LogPluginManager: Mounting plugin MobileLauncherProfileWizard
LogPluginManager: Mounting plugin PluginBrowser
LogPluginManager: Mounting plugin SpeedTreeImporter
LogPluginManager: Mounting plugin DatasmithContent
LogPluginManager: Mounting plugin AlembicImporter
LogPluginManager: Mounting plugin CharacterAI
LogPluginManager: Mounting plugin HTML5Networking
LogPluginManager: Mounting plugin AndroidMedia
LogPluginManager: Mounting plugin AvfMedia
LogPluginManager: Mounting plugin ImgMedia
LogPluginManager: Mounting plugin LinearTimecode
LogPluginManager: Mounting plugin MediaCompositing
LogPluginManager: Mounting plugin MediaPlayerEditor
LogPluginManager: Mounting plugin WmfMedia
LogPluginManager: Mounting plugin TcpMessaging
LogPluginManager: Mounting plugin UdpMessaging
LogPluginManager: Mounting plugin ActorSequence
LogPluginManager: Mounting plugin LevelSequenceEditor
LogPluginManager: Mounting plugin MatineeToLevelSequence
LogPluginManager: Mounting plugin NetcodeUnitTest
LogPluginManager: Mounting plugin NUTUnrealEngine4
LogPluginManager: Mounting plugin OnlineSubsystemGooglePlay
LogPluginManager: Mounting plugin OnlineSubsystemIOS
LogPluginManager: Mounting plugin OnlineSubsystem
LogPluginManager: Mounting plugin OnlineSubsystemNull
LogPluginManager: Mounting plugin OnlineSubsystemUtils
LogPluginManager: Mounting plugin AndroidDeviceProfileSelector
LogPluginManager: Mounting plugin AndroidMoviePlayer
LogPluginManager: Mounting plugin AndroidPermission
LogPluginManager: Mounting plugin AppleARKit
LogPluginManager: Mounting plugin AppleMoviePlayer
LogPluginManager: Mounting plugin ArchVisCharacter
LogPluginManager: Mounting plugin AudioCapture
LogPluginManager: Mounting plugin CableComponent
LogPluginManager: Mounting plugin CustomMeshComponent
LogPluginManager: Mounting plugin ExampleDeviceProfileSelector
LogPluginManager: Mounting plugin GoogleCloudMessaging
LogPluginManager: Mounting plugin ImmediatePhysics
LogPluginManager: Mounting plugin IOSDeviceProfileSelector
LogPluginManager: Mounting plugin LinuxDeviceProfileSelector
LogPluginManager: Mounting plugin LocationServicesBPLibrary
LogPluginManager: Mounting plugin MobilePatchingUtils
LogPluginManager: Mounting plugin OculusVR
LogPluginManager: Plugin shader directory ../../../Engine/Plugins/Runtime/Oculus/OculusVR/Shaders found
LogPluginManager: Mapping shader source directory ../../../Engine/Plugins/Runtime/Oculus/OculusVR/Shaders to virtual directory /Plugin/OculusVR
LogPluginManager: Mounting plugin PhysXVehicles
LogPluginManager: Mounting plugin ProceduralMeshComponent
LogPluginManager: Mounting plugin RuntimePhysXCooking
LogPluginManager: Mounting plugin SteamVR
LogPluginManager: Mounting plugin WindowsMoviePlayer
LogStreaming: Display: Took  1.419s to configure plugins.
LogModuleManager: Display: Found up-to-date module file E:/Tetris/Binaries/Win64/UE4Editor-Tetris.dll (API version 3944462).
LogModuleManager: Display: Found up-to-date module file ../../../Engine/Plugins/2D/Paper2D/Binaries/Win64/UE4Editor-Paper2D.dll (API version 3944462).
LogModuleManager: Display: Found up-to-date module file ../../../Engine/Plugins/2D/Paper2D/Binaries/Win64/UE4Editor-Paper2DEditor.dll (API version 3944462).
LogModuleManager: Display: Found up-to-date module file ../../../Engine/Plugins/2D/Paper2D/Binaries/Win64/UE4Editor-PaperSpriteSheetImporter.dll (API version 3944462).
LogModuleManager: Display: Found up-to-date module file ../../../Engine/Plugins/2D/Paper2D/Binaries/Win64/UE4Editor-PaperTiledImporter.dll (API version 3944462).
LogModuleManager: Display: Found up-to-date module file ../../../Engine/Plugins/2D/Paper2D/Binaries/Win64/UE4Editor-SmartSnapping.dll (API version 3944462).
LogModuleManager: Display: Found up-to-date module file ../../../Engine/Plugins/Animation/LiveLink/Binaries/Win64/UE4Editor-LiveLink.dll (API version 3944462).
LogModuleManager: Display: Found up-to-date module file ../../../Engine/Plugins/Animation/LiveLink/Binaries/Win64/UE4Editor-LiveLinkEditor.dll (API version 3944462).
LogModuleManager: Display: Found up-to-date module file ../../../Engine/Plugins/Blendables/LightPropagationVolume/Binaries/Win64/UE4Editor-LightPropagationVolumeRuntime.dll (API version 3944462).
LogModuleManager: Display: Found up-to-date module file ../../../Engine/Plugins/Blendables/LightPropagationVolume/Binaries/Win64/UE4Editor-LightPropagationVolumeEditor.dll (API version 3944462).
LogModuleManager: Display: Found up-to-date module file ../../../Engine/Plugins/Developer/CLionSourceCodeAccess/Binaries/Win64/UE4Editor-CLionSourceCodeAccess.dll (API version 3944462).
LogModuleManager: Display: Found up-to-date module file ../../../Engine/Plugins/Developer/GitSourceControl/Binaries/Win64/UE4Editor-GitSourceControl.dll (API version 3944462).
LogModuleManager: Display: Found up-to-date module file ../../../Engine/Plugins/Developer/PerforceSourceControl/Binaries/Win64/UE4Editor-PerforceSourceControl.dll (API version 3944462).
LogModuleManager: Display: Found up-to-date module file ../../../Engine/Plugins/Developer/SubversionSourceControl/Binaries/Win64/UE4Editor-SubversionSourceControl.dll (API version 3944462).
LogModuleManager: Display: Found up-to-date module file ../../../Engine/Plugins/Developer/UObjectPlugin/Binaries/Win64/UE4Editor-UObjectPlugin.dll (API version 3944462).
LogModuleManager: Display: Found up-to-date module file ../../../Engine/Plugins/Developer/VisualStudioCodeSourceCodeAccess/Binaries/Win64/UE4Editor-VisualStudioCodeSourceCodeAccess.dll (API version 3944462).
LogModuleManager: Display: Found up-to-date module file ../../../Engine/Plugins/Developer/VisualStudioSourceCodeAccess/Binaries/Win64/UE4Editor-VisualStudioSourceCodeAccess.dll (API version 3944462).
LogModuleManager: Display: Found up-to-date module file ../../../Engine/Plugins/Editor/AssetManagerEditor/Binaries/Win64/UE4Editor-AssetManagerEditor.dll (API version 3944462).
LogModuleManager: Display: Found up-to-date module file ../../../Engine/Plugins/Editor/CryptoKeys/Binaries/Win64/UE4Editor-CryptoKeys.dll (API version 3944462).
LogModuleManager: Display: Found up-to-date module file ../../../Engine/Plugins/Editor/CryptoKeys/Binaries/Win64/UE4Editor-CryptoKeysOpenSSL.dll (API version 3944462).
LogModuleManager: Display: Found up-to-date module file ../../../Engine/Plugins/Editor/DataValidation/Binaries/Win64/UE4Editor-DataValidation.dll (API version 3944462).
LogModuleManager: Display: Found up-to-date module file ../../../Engine/Plugins/Editor/FacialAnimation/Binaries/Win64/UE4Editor-FacialAnimation.dll (API version 3944462).
LogModuleManager: Display: Found up-to-date module file ../../../Engine/Plugins/Editor/FacialAnimation/Binaries/Win64/UE4Editor-FacialAnimationEditor.dll (API version 3944462).
LogModuleManager: Display: Found up-to-date module file ../../../Engine/Plugins/Editor/GameplayTagsEditor/Binaries/Win64/UE4Editor-GameplayTagsEditor.dll (API version 3944462).
LogModuleManager: Display: Found up-to-date module file ../../../Engine/Plugins/Editor/MobileLauncherProfileWizard/Binaries/Win64/UE4Editor-MobileLauncherProfileWizard.dll (API version 3944462).
LogModuleManager: Display: Found up-to-date module file ../../../Engine/Plugins/Editor/PluginBrowser/Binaries/Win64/UE4Editor-PluginBrowser.dll (API version 3944462).
LogModuleManager: Display: Found up-to-date module file ../../../Engine/Plugins/Editor/SpeedTreeImporter/Binaries/Win64/UE4Editor-SpeedTreeImporter.dll (API version 3944462).
LogModuleManager: Display: Found up-to-date module file ../../../Engine/Plugins/Enterprise/DatasmithContent/Binaries/Win64/UE4Editor-DatasmithContent.dll (API version 3944462).
LogModuleManager: Display: Found up-to-date module file ../../../Engine/Plugins/Experimental/AlembicImporter/Binaries/Win64/UE4Editor-AlembicImporter.dll (API version 3944462).
LogModuleManager: Display: Found up-to-date module file ../../../Engine/Plugins/Experimental/AlembicImporter/Binaries/Win64/UE4Editor-AlembicLibrary.dll (API version 3944462).
LogModuleManager: Display: Found up-to-date module file ../../../Engine/Plugins/Experimental/CharacterAI/Binaries/Win64/UE4Editor-CharacterAI.dll (API version 3944462).
LogModuleManager: Display: Found up-to-date module file ../../../Engine/Plugins/Experimental/HTML5Networking/Binaries/Win64/UE4Editor-HTML5Networking.dll (API version 3944462).
LogModuleManager: Display: Found up-to-date module file ../../../Engine/Plugins/Media/AndroidMedia/Binaries/Win64/UE4Editor-AndroidMediaEditor.dll (API version 3944462).
LogModuleManager: Display: Found up-to-date module file ../../../Engine/Plugins/Media/AndroidMedia/Binaries/Win64/UE4Editor-AndroidMediaFactory.dll (API version 3944462).
LogModuleManager: Display: Found up-to-date module file ../../../Engine/Plugins/Media/AvfMedia/Binaries/Win64/UE4Editor-AvfMediaEditor.dll (API version 3944462).
LogModuleManager: Display: Found up-to-date module file ../../../Engine/Plugins/Media/AvfMedia/Binaries/Win64/UE4Editor-AvfMediaFactory.dll (API version 3944462).
LogModuleManager: Display: Found up-to-date module file ../../../Engine/Plugins/Media/AvfMedia/Binaries/Win64/UE4Editor-AvfMediaFactory.dll (API version 3944462).
LogModuleManager: Display: Found up-to-date module file ../../../Engine/Plugins/Media/ImgMedia/Binaries/Win64/UE4Editor-ImgMedia.dll (API version 3944462).
LogModuleManager: Display: Found up-to-date module file ../../../Engine/Plugins/Media/ImgMedia/Binaries/Win64/UE4Editor-ImgMediaEditor.dll (API version 3944462).
LogModuleManager: Display: Found up-to-date module file ../../../Engine/Plugins/Media/ImgMedia/Binaries/Win64/UE4Editor-ImgMediaFactory.dll (API version 3944462).
LogModuleManager: Display: Found up-to-date module file ../../../Engine/Plugins/Media/ImgMedia/Binaries/Win64/UE4Editor-ImgMediaFactory.dll (API version 3944462).
LogModuleManager: Display: Found up-to-date module file ../../../Engine/Plugins/Media/ImgMedia/Binaries/Win64/UE4Editor-OpenExrWrapper.dll (API version 3944462).
LogModuleManager: Display: Found up-to-date module file ../../../Engine/Plugins/Media/LinearTimecode/Binaries/Win64/UE4Editor-LinearTimecode.dll (API version 3944462).
LogModuleManager: Display: Found up-to-date module file ../../../Engine/Plugins/Media/MediaCompositing/Binaries/Win64/UE4Editor-MediaCompositing.dll (API version 3944462).
LogModuleManager: Display: Found up-to-date module file ../../../Engine/Plugins/Media/MediaCompositing/Binaries/Win64/UE4Editor-MediaCompositingEditor.dll (API version 3944462).
LogModuleManager: Display: Found up-to-date module file ../../../Engine/Plugins/Media/MediaPlayerEditor/Binaries/Win64/UE4Editor-MediaPlayerEditor.dll (API version 3944462).
LogModuleManager: Display: Found up-to-date module file ../../../Engine/Plugins/Media/WmfMedia/Binaries/Win64/UE4Editor-WmfMedia.dll (API version 3944462).
LogModuleManager: Display: Found up-to-date module file ../../../Engine/Plugins/Media/WmfMedia/Binaries/Win64/UE4Editor-WmfMediaEditor.dll (API version 3944462).
LogModuleManager: Display: Found up-to-date module file ../../../Engine/Plugins/Media/WmfMedia/Binaries/Win64/UE4Editor-WmfMediaFactory.dll (API version 3944462).
LogModuleManager: Display: Found up-to-date module file ../../../Engine/Plugins/Media/WmfMedia/Binaries/Win64/UE4Editor-WmfMediaFactory.dll (API version 3944462).
LogModuleManager: Display: Found up-to-date module file ../../../Engine/Plugins/Messaging/TcpMessaging/Binaries/Win64/UE4Editor-TcpMessaging.dll (API version 3944462).
LogModuleManager: Display: Found up-to-date module file ../../../Engine/Plugins/Messaging/UdpMessaging/Binaries/Win64/UE4Editor-UdpMessaging.dll (API version 3944462).
LogModuleManager: Display: Found up-to-date module file ../../../Engine/Plugins/MovieScene/ActorSequence/Binaries/Win64/UE4Editor-ActorSequence.dll (API version 3944462).
LogModuleManager: Display: Found up-to-date module file ../../../Engine/Plugins/MovieScene/LevelSequenceEditor/Binaries/Win64/UE4Editor-LevelSequenceEditor.dll (API version 3944462).
LogModuleManager: Display: Found up-to-date module file ../../../Engine/Plugins/MovieScene/MatineeToLevelSequence/Binaries/Win64/UE4Editor-MatineeToLevelSequence.dll (API version 3944462).
LogModuleManager: Display: Found up-to-date module file ../../../Engine/Plugins/NetcodeUnitTest/NetcodeUnitTest/Binaries/Win64/UE4Editor-NetcodeUnitTest.dll (API version 3944462).
LogModuleManager: Display: Found up-to-date module file ../../../Engine/Plugins/NetcodeUnitTest/NUTUnrealEngine4/Binaries/Win64/UE4Editor-NUTUnrealEngine4.dll (API version 3944462).
LogModuleManager: Display: Found up-to-date module file ../../../Engine/Plugins/Online/OnlineSubsystem/Binaries/Win64/UE4Editor-OnlineSubsystem.dll (API version 3944462).
LogModuleManager: Display: Found up-to-date module file ../../../Engine/Plugins/Online/OnlineSubsystemNull/Binaries/Win64/UE4Editor-OnlineSubsystemNull.dll (API version 3944462).
LogModuleManager: Display: Found up-to-date module file ../../../Engine/Plugins/Online/OnlineSubsystemUtils/Binaries/Win64/UE4Editor-OnlineSubsystemUtils.dll (API version 3944462).
LogModuleManager: Display: Found up-to-date module file ../../../Engine/Plugins/Online/OnlineSubsystemUtils/Binaries/Win64/UE4Editor-OnlineBlueprintSupport.dll (API version 3944462).
LogModuleManager: Display: Found up-to-date module file ../../../Engine/Plugins/Runtime/AndroidDeviceProfileSelector/Binaries/Win64/UE4Editor-AndroidDeviceProfileSelector.dll (API version 3944462).
LogModuleManager: Display: Found up-to-date module file ../../../Engine/Plugins/Runtime/AndroidPermission/Binaries/Win64/UE4Editor-AndroidPermission.dll (API version 3944462).
LogModuleManager: Display: Found up-to-date module file ../../../Engine/Plugins/Runtime/AppleARKit/Binaries/Win64/UE4Editor-AppleARKit.dll (API version 3944462).
LogModuleManager: Display: Found up-to-date module file ../../../Engine/Plugins/Runtime/ArchVisCharacter/Binaries/Win64/UE4Editor-ArchVisCharacter.dll (API version 3944462).
LogModuleManager: Display: Found up-to-date module file ../../../Engine/Plugins/Runtime/AudioCapture/Binaries/Win64/UE4Editor-AudioCapture.dll (API version 3944462).
LogModuleManager: Display: Found up-to-date module file ../../../Engine/Plugins/Runtime/AudioCapture/Binaries/Win64/UE4Editor-AudioCaptureEditor.dll (API version 3944462).
LogModuleManager: Display: Found up-to-date module file ../../../Engine/Plugins/Runtime/CableComponent/Binaries/Win64/UE4Editor-CableComponent.dll (API version 3944462).
LogModuleManager: Display: Found up-to-date module file ../../../Engine/Plugins/Runtime/CustomMeshComponent/Binaries/Win64/UE4Editor-CustomMeshComponent.dll (API version 3944462).
LogModuleManager: Display: Found up-to-date module file ../../../Engine/Plugins/Runtime/ExampleDeviceProfileSelector/Binaries/Win64/UE4Editor-ExampleDeviceProfileSelector.dll (API version 3944462).
LogModuleManager: Display: Found up-to-date module file ../../../Engine/Plugins/Runtime/ImmediatePhysics/Binaries/Win64/UE4Editor-ImmediatePhysics.dll (API version 3944462).
LogModuleManager: Display: Found up-to-date module file ../../../Engine/Plugins/Runtime/ImmediatePhysics/Binaries/Win64/UE4Editor-ImmediatePhysicsEditor.dll (API version 3944462).
LogModuleManager: Display: Found up-to-date module file ../../../Engine/Plugins/Runtime/LocationServicesBPLibrary/Binaries/Win64/UE4Editor-LocationServicesBPLibrary.dll (API version 3944462).
LogModuleManager: Display: Found up-to-date module file ../../../Engine/Plugins/Runtime/MobilePatchingUtils/Binaries/Win64/UE4Editor-MobilePatchingUtils.dll (API version 3944462).
LogModuleManager: Display: Found up-to-date module file ../../../Engine/Plugins/Runtime/Oculus/OculusVR/Binaries/Win64/UE4Editor-OculusHMD.dll (API version 3944462).
LogModuleManager: Display: Found up-to-date module file ../../../Engine/Plugins/Runtime/Oculus/OculusVR/Binaries/Win64/UE4Editor-OculusInput.dll (API version 3944462).
LogModuleManager: Display: Found up-to-date module file ../../../Engine/Plugins/Runtime/Oculus/OculusVR/Binaries/Win64/UE4Editor-OculusEditor.dll (API version 3944462).
LogModuleManager: Display: Found up-to-date module file ../../../Engine/Plugins/Runtime/PhysXVehicles/Binaries/Win64/UE4Editor-PhysXVehicles.dll (API version 3944462).
LogModuleManager: Display: Found up-to-date module file ../../../Engine/Plugins/Runtime/PhysXVehicles/Binaries/Win64/UE4Editor-PhysXVehiclesEditor.dll (API version 3944462).
LogModuleManager: Display: Found up-to-date module file ../../../Engine/Plugins/Runtime/ProceduralMeshComponent/Binaries/Win64/UE4Editor-ProceduralMeshComponent.dll (API version 3944462).
LogModuleManager: Display: Found up-to-date module file ../../../Engine/Plugins/Runtime/ProceduralMeshComponent/Binaries/Win64/UE4Editor-ProceduralMeshComponentEditor.dll (API version 3944462).
LogModuleManager: Display: Found up-to-date module file ../../../Engine/Plugins/Runtime/RuntimePhysXCooking/Binaries/Win64/UE4Editor-RuntimePhysXCooking.dll (API version 3944462).
LogModuleManager: Display: Found up-to-date module file ../../../Engine/Plugins/Runtime/Steam/SteamVR/Binaries/Win64/UE4Editor-SteamVR.dll (API version 3944462).
LogModuleManager: Display: Found up-to-date module file ../../../Engine/Plugins/Runtime/Steam/SteamVR/Binaries/Win64/UE4Editor-SteamVRController.dll (API version 3944462).
LogModuleManager: Display: Found up-to-date module file ../../../Engine/Plugins/Runtime/WindowsMoviePlayer/Binaries/Win64/UE4Editor-WindowsMoviePlayer.dll (API version 3944462).
LogInit: Using libcurl 7.47.1
LogInit:  - built for x86_64-pc-win32
LogInit:  - supports SSL with OpenSSL/1.0.2g
LogInit:  - supports HTTP deflate (compression) using libz 1.2.8
LogInit:  - other features:
LogInit:      CURL_VERSION_SSL
LogInit:      CURL_VERSION_LIBZ
LogInit:      CURL_VERSION_IPV6
LogInit:      CURL_VERSION_ASYNCHDNS
LogInit:      CURL_VERSION_LARGEFILE
LogInit:      CURL_VERSION_IDN
LogInit:  CurlRequestOptions (configurable via config and command line):
LogInit:  - bVerifyPeer = false  - Libcurl will NOT verify peer certificate
LogInit:  - bUseHttpProxy = false  - Libcurl will NOT use HTTP proxy
LogInit:  - bDontReuseConnections = false  - Libcurl will reuse connections
LogInit:  - CertBundlePath = nullptr  - Libcurl will use whatever was configured at build time.
LogInit:  - MaxHostConnections = 16  - Libcurl will limit the number of connections to a host
LogInit:  - LocalHostAddr = Default
LogInit: WinSock: version 1.1 (2.2), MaxSocks=32767, MaxUdp=65467
LogInit: WinSock: I am pc-eliana (10.145.99.227:0)
LogInit: Build: ++UE4+Release-4.19-CL-3944462
LogInit: Engine Version: 4.19.0-3944462+++UE4+Release-4.19
LogInit: Compatible Engine Version: 4.19.0-3944462+++UE4+Release-4.19
LogInit: Net CL: 3944462
LogDevObjectVersion: Number of dev versions registered: 18
LogDevObjectVersion:   Dev-Blueprints (B0D832E4-1F89-4F0D-ACCF-7EB736FD4AA2): 10
LogDevObjectVersion:   Dev-Build (E1C64328-A22C-4D53-A36C-8E866417BD8C): 0
LogDevObjectVersion:   Dev-Core (375EC13C-06E4-48FB-B500-84F0262A717E): 2
LogDevObjectVersion:   Dev-Editor (E4B068ED-F494-42E9-A231-DA0B2E46BB41): 23
LogDevObjectVersion:   Dev-Framework (CFFC743F-43B0-4480-9391-14DF171D2073): 33
LogDevObjectVersion:   Dev-Mobile (B02B49B5-BB20-44E9-A304-32B752E40360): 2
LogDevObjectVersion:   Dev-Networking (A4E4105C-59A1-49B5-A7C5-40C4547EDFEE): 0
LogDevObjectVersion:   Dev-Online (39C831C9-5AE6-47DC-9A44-9C173E1C8E7C): 0
LogDevObjectVersion:   Dev-Physics (78F01B33-EBEA-4F98-B9B4-84EACCB95AA2): 0
LogDevObjectVersion:   Dev-Platform (6631380F-2D4D-43E0-8009-CF276956A95A): 0
LogDevObjectVersion:   Dev-Rendering (12F88B9F-8875-4AFC-A67C-D90C383ABD29): 25
LogDevObjectVersion:   Dev-Sequencer (7B5AE74C-D270-4C10-A958-57980B212A5A): 6
LogDevObjectVersion:   Dev-VR (D7296918-1DD6-4BDD-9DE2-64A83CC13884): 1
LogDevObjectVersion:   Dev-LoadTimes (C2A15278-BFE7-4AFE-6C17-90FF531DF755): 1
LogDevObjectVersion:   Private-Geometry (6EACA3D4-40EC-4CC1-B786-8BED09428FC5): 2
LogDevObjectVersion:   Dev-AnimPhys (29E575DD-E0A3-4627-9D10-D276232CDCEA): 16
LogDevObjectVersion:   Dev-ReflectionCapture (6B266CEC-1EC7-4B8F-A30B-E4D90942FC07): 1
LogDevObjectVersion:   Dev-Automation (0DF73D61-A23F-47EA-B727-89E90C41499A): 1
LogInit: Compiled (64-bit): Mar 13 2018 23:12:32
LogInit: Compiled with Visual C++: 19.00.24215.01
LogInit: Build Configuration: Development
LogInit: Branch Name: ++UE4+Release-4.19
LogInit: Command Line:  
LogInit: Base Directory: C:/Program Files/Epic Games/UE_4.19/Engine/Binaries/Win64/
LogInit: Installed Engine Build: 1
LogStreaming: Display: Took  0.003s to delete old logs.
LogInit: Presizing for max 8388607 objects, including 0 objects not considered by GC, pre-allocating 0 bytes for permanent pool.
LogInit: Object subsystem initialized
[2018.04.06-18.13.33:925][  0]LogInit: Selected Device Profile: [Windows]
[2018.04.06-18.13.33:925][  0]LogInit: Applying CVar settings loaded from the selected device profile: [Windows]
[2018.04.06-18.13.34:132][  0]LogInit: Computer: PC-ELIANA
[2018.04.06-18.13.34:132][  0]LogInit: User: giova000
[2018.04.06-18.13.34:132][  0]LogInit: CPU Page size=4096, Cores=2
[2018.04.06-18.13.34:132][  0]LogInit: High frequency timer resolution =2.338336 MHz
[2018.04.06-18.13.34:139][  0]LogMemory: Memory total: Physical=7.9GB (8GB approx)
[2018.04.06-18.13.34:139][  0]LogMemory: Platform Memory Stats for Windows
[2018.04.06-18.13.34:139][  0]LogMemory: Process Physical Memory: 270.76 MB used, 270.76 MB peak
[2018.04.06-18.13.34:139][  0]LogMemory: Process Virtual Memory: 261.83 MB used, 261.83 MB peak
[2018.04.06-18.13.34:139][  0]LogMemory: Physical Memory: 2825.40 MB used,  5247.56 MB free, 8072.96 MB total
[2018.04.06-18.13.34:139][  0]LogMemory: Virtual Memory: 626.31 MB used,  5247.56 MB free, 134217728.00 MB total
[2018.04.06-18.13.35:095][  0]LogInit: Using OS detected language (pt-BR).
[2018.04.06-18.13.35:095][  0]LogInit: Using OS detected locale (pt-BR).
[2018.04.06-18.13.37:224][  0]LogStreaming: Display: Took  1.948s to EndInitTextLocalization.
[2018.04.06-18.13.37:263][  0]LogInit: Setting process to per monitor DPI aware
[2018.04.06-18.13.38:161][  0]LogSlate: New Slate User Created.  User Index 0, Is Virtual User: 0
[2018.04.06-18.13.38:161][  0]LogSlate: Slate User Registered.  User Index 0, Is Virtual User: 0
[2018.04.06-18.13.40:431][  0]LogD3D11RHI: D3D11 adapters:
[2018.04.06-18.13.40:481][  0]LogD3D11RHI:    0. 'Intel(R) HD Graphics Family' (Feature Level 11_0)
[2018.04.06-18.13.40:481][  0]LogD3D11RHI:       2190/0/4036 MB DedicatedVideo/DedicatedSystem/SharedSystem, Outputs:1, VendorId:0x8086
[2018.04.06-18.13.40:486][  0]LogD3D11RHI:    1. 'Microsoft Basic Render Driver' (Feature Level 11_0)
[2018.04.06-18.13.40:486][  0]LogD3D11RHI:       0/0/256 MB DedicatedVideo/DedicatedSystem/SharedSystem, Outputs:0, VendorId:0x1414
[2018.04.06-18.13.40:486][  0]LogD3D11RHI: Chosen D3D11 Adapter: 0
[2018.04.06-18.13.40:514][  0]LogD3D11RHI: Creating new Direct3DDevice
[2018.04.06-18.13.40:514][  0]LogD3D11RHI:     GPU DeviceId: 0xa16 (for the marketing name, search the web for "GPU Device Id")
[2018.04.06-18.13.40:514][  0]LogWindows: EnumDisplayDevices:
[2018.04.06-18.13.40:515][  0]LogWindows:    0. 'Intel(R) HD Graphics Family' (P:1 D:1)
[2018.04.06-18.13.40:516][  0]LogWindows:    1. 'Intel(R) HD Graphics Family' (P:0 D:0)
[2018.04.06-18.13.40:517][  0]LogWindows:    2. 'Intel(R) HD Graphics Family' (P:0 D:0)
[2018.04.06-18.13.40:517][  0]LogWindows: DebugString: FoundDriverCount:3 
[2018.04.06-18.13.40:517][  0]LogD3D11RHI:     Adapter Name: Intel(R) HD Graphics Family
[2018.04.06-18.13.40:517][  0]LogD3D11RHI:   Driver Version: 10.18.14.4264 (internal:10.18.14.4264, unified:10.18.14.4264)
[2018.04.06-18.13.40:517][  0]LogD3D11RHI:      Driver Date: 8-4-2015
[2018.04.06-18.13.40:518][  0]LogRHI: Texture pool is 2945 MB (70% of 4208 MB)
[2018.04.06-18.13.40:563][  0]LogD3D11RHI: Async texture creation enabled
[2018.04.06-18.13.40:889][  0]LogD3D11RHI: GPU Timing Frequency: 12.500000 (Debug: 2 0)
[2018.04.06-18.13.40:994][  0]LogShaderCompilers: Guid format shader working directory is 41 characters bigger than the processId version (E:/Tetris/Intermediate/Shaders/WorkingDirectory/2524/).
[2018.04.06-18.13.41:007][  0]LogShaderCompilers: Cleaned the shader compiler working directory 'C:/Users/giova_000/AppData/Local/Temp/UnrealShaderWorkingDir/7F58F5C94E3EADA26CDBF5A446CA7542/'.
[2018.04.06-18.13.49:313][  0]LogTemp: Display: Loaded TP AllDesktopTargetPlatform
[2018.04.06-18.13.49:384][  0]LogTemp: Display: Loaded TP MacClientTargetPlatform
[2018.04.06-18.13.49:465][  0]LogTemp: Display: Loaded TP MacNoEditorTargetPlatform
[2018.04.06-18.13.49:550][  0]LogTemp: Display: Loaded TP MacServerTargetPlatform
[2018.04.06-18.13.49:635][  0]LogTemp: Display: Loaded TP MacTargetPlatform
[2018.04.06-18.13.49:711][  0]LogTemp: Display: Loaded TP WindowsClientTargetPlatform
[2018.04.06-18.13.49:776][  0]LogTemp: Display: Loaded TP WindowsNoEditorTargetPlatform
[2018.04.06-18.13.49:840][  0]LogTemp: Display: Loaded TP WindowsServerTargetPlatform
[2018.04.06-18.13.49:907][  0]LogTemp: Display: Loaded TP WindowsTargetPlatform
[2018.04.06-18.13.49:984][  0]LogTemp: Display: Loaded TP Android_ASTCTargetPlatform
[2018.04.06-18.13.50:064][  0]LogTemp: Display: Loaded TP Android_ATCTargetPlatform
[2018.04.06-18.13.50:134][  0]LogTemp: Display: Loaded TP Android_DXTTargetPlatform
[2018.04.06-18.13.50:212][  0]LogTemp: Display: Loaded TP Android_ETC1aTargetPlatform
[2018.04.06-18.13.50:270][  0]LogTemp: Display: Loaded TP Android_ETC1TargetPlatform
[2018.04.06-18.13.50:346][  0]LogTemp: Display: Loaded TP Android_ETC2TargetPlatform
[2018.04.06-18.13.50:489][  0]LogTemp: Display: Loaded TP Android_MultiTargetPlatform
[2018.04.06-18.13.50:490][  0]LogTemp: Display: Loaded TP Android_PVRTCTargetPlatform
[2018.04.06-18.13.50:579][  0]LogTemp: Display: Loaded TP AndroidTargetPlatform
[2018.04.06-18.13.50:603][  0]LogTemp: Display: Loaded TP HTML5TargetPlatform
[2018.04.06-18.13.50:792][  0]LogTemp: Display: Loaded TP IOSTargetPlatform
[2018.04.06-18.13.50:874][  0]LogTemp: Display: Loaded TP TVOSTargetPlatform
[2018.04.06-18.13.50:953][  0]LogTemp: Display: Loaded TP LinuxClientTargetPlatform
[2018.04.06-18.13.51:028][  0]LogTemp: Display: Loaded TP LinuxNoEditorTargetPlatform
[2018.04.06-18.13.51:123][  0]LogTemp: Display: Loaded TP LinuxServerTargetPlatform
[2018.04.06-18.13.51:258][  0]LogTemp: Display: Loaded TP LinuxTargetPlatform
[2018.04.06-18.13.51:258][  0]LogTargetPlatformManager: Display: Building Assets For Windows
[2018.04.06-18.13.52:730][  0]LogXGEController: Cleaning working directory: C:/Users/giova_000/AppData/Local/Temp/UnrealXGEWorkingDir/
[2018.04.06-18.13.52:731][  0]LogXGEController: Cannot use XGE Controller as Incredibuild is not installed on this machine.
[2018.04.06-18.13.52:742][  0]LogShaderCompilers: Cannot use XGE Shader Compiler as Incredibuild is not installed on this machine.
[2018.04.06-18.13.52:742][  0]LogShaderCompilers: Display: Using Local Shader Compiler.
[2018.04.06-18.13.57:676][  0]LogDerivedDataCache: Display: Max Cache Size: 512 MB
[2018.04.06-18.13.59:143][  0]LogDerivedDataCache: Loaded boot cache 1.47s 74MB C:/Users/giova_000/AppData/Local/UnrealEngine/4.19/DerivedDataCache/Boot.ddc.
[2018.04.06-18.13.59:143][  0]LogDerivedDataCache: Display: Loaded Boot cache: C:/Users/giova_000/AppData/Local/UnrealEngine/4.19/DerivedDataCache/Boot.ddc
[2018.04.06-18.13.59:144][  0]LogDerivedDataCache: FDerivedDataBackendGraph:  Pak pak cache file E:/Tetris/DerivedDataCache/DDC.ddp not found, will not use a pak cache.
[2018.04.06-18.13.59:144][  0]LogDerivedDataCache: Unable to find inner node Pak for hierarchical cache Hierarchy.
[2018.04.06-18.13.59:144][  0]LogDerivedDataCache: FDerivedDataBackendGraph:  CompressedPak pak cache file E:/Tetris/DerivedDataCache/Compressed.ddp not found, will not use a pak cache.
[2018.04.06-18.13.59:144][  0]LogDerivedDataCache: Unable to find inner node CompressedPak for hierarchical cache Hierarchy.
[2018.04.06-18.13.59:275][  0]LogDerivedDataCache: Display: Pak cache opened for reading ../../../Engine/DerivedDataCache/Compressed.ddp.
[2018.04.06-18.13.59:294][  0]LogDerivedDataCache: Using Local data cache path C:/Users/giova_000/AppData/Local/UnrealEngine/Common/DerivedDataCache: Writable
[2018.04.06-18.13.59:411][  0]LogMaterial: Verifying Global Shaders for PCD3D_SM5
[2018.04.06-18.13.59:450][  0]LogSlate: Using Freetype 2.6.0
[2018.04.06-18.13.59:491][  0]LogSlate: SlateFontCache - WITH_FREETYPE: 1, WITH_HARFBUZZ: 1
[2018.04.06-18.13.59:491][  0]LogSlate: SlateFontCache - WITH_FREETYPE: 1, WITH_HARFBUZZ: 1
[2018.04.06-18.14.03:477][  0]LogAssetRegistry: FAssetRegistry took 0.0507 seconds to start up
[2018.04.06-18.14.12:995][  0]LogInit: Selected Device Profile: [Windows]
[2018.04.06-18.14.17:992][  0]LogSimplygon: Simplygon DLL not present - disabling.
[2018.04.06-18.14.18:106][  0]LogMeshReduction: Using SimplygonSwarm for distributed automatic mesh merging
[2018.04.06-18.14.18:117][  0]LogMeshReduction: Using QuadricMeshReduction for automatic static mesh reduction
[2018.04.06-18.14.18:118][  0]LogMeshReduction: No automatic skeletal mesh reduction module available
[2018.04.06-18.14.18:118][  0]LogMeshReduction: No automatic mesh merging module available
[2018.04.06-18.14.18:118][  0]LogMeshMerging: No automatic mesh merging module available
[2018.04.06-18.14.18:887][  0]LogNetVersion: Tetris , NetCL: 3944462, EngineNetVer: 2, GameNetVer: 0 (Checksum: 2064844523)
[2018.04.06-18.14.27:409][  0]LogPackageLocalizationCache: Processed 9 localized package path(s) for 2 prioritized culture(s) in 0.617118 seconds
[2018.04.06-18.14.27:445][  0]LogUObjectArray: 36728 objects as part of root set at end of initial load.
[2018.04.06-18.14.27:445][  0]LogUObjectAllocator: 7314304 out of 0 bytes used by permanent object pool.
[2018.04.06-18.14.27:445][  0]LogUObjectArray: CloseDisregardForGC: 0/0 objects in disregard for GC pool
[2018.04.06-18.15.03:363][  0]LogTcpMessaging: Initializing TcpMessaging bridge
[2018.04.06-18.15.03:508][  0]LogUdpMessaging: Initializing bridge on interface 0.0.0.0:0 to multicast group 230.0.0.1:6666.
[2018.04.06-18.15.06:409][  0]SourceControl: Controle de origem desativado
[2018.04.06-18.15.06:409][  0]SourceControl: Controle de origem desativado
[2018.04.06-18.15.06:619][  0]SourceControl: Controle de origem desativado
[2018.04.06-18.15.06:752][  0]SourceControl: Controle de origem desativado
[2018.04.06-18.15.10:035][  0]LogAndroidPermission: UAndroidPermissionCallbackProxy::GetInstance
[2018.04.06-18.15.10:992][  0]LogOcInput: OculusInput pre-init called
[2018.04.06-18.15.12:020][  0]LogEngine: Initializing Engine...
[2018.04.06-18.15.12:071][  0]LogHMD: Failed to initialize OpenVR with code 110
[2018.04.06-18.15.12:086][  0]LogStats: UGameplayTagsManager::ConstructGameplayTagTree: Construct from data asset -  0.000 s
[2018.04.06-18.15.12:087][  0]LogStats: UGameplayTagsManager::ConstructGameplayTagTree: GameplayTagTreeChangedEvent.Broadcast -  0.000 s
[2018.04.06-18.15.14:025][  0]LogAIModule: Creating AISystem for world Untitled
[2018.04.06-18.15.14:194][  0]LogInit: XAudio2 using 'Alto-falantes (Realtek High Definition Audio)' : 2 channels at 48 kHz using 32 bits per sample (channel mask 0x3)
[2018.04.06-18.15.14:675][  0]LogInit: FAudioDevice initialized.
[2018.04.06-18.15.14:857][  0]LogDerivedDataCache: Saved boot cache 0.18s 74MB C:/Users/giova_000/AppData/Local/UnrealEngine/4.19/DerivedDataCache/Boot.ddc.
[2018.04.06-18.15.14:889][  0]LogInit: Texture streaming: Enabled
[2018.04.06-18.15.15:152][  0]LogEngineSessionManager: EngineSessionManager initialized
[2018.04.06-18.15.15:732][  0]LogInit: Transaction tracking system initialized
[2018.04.06-18.15.21:127][  0]BlueprintLog: New page: Carregar Editor
[2018.04.06-18.15.24:817][  0]LocalizationService: Localization service is disabled
[2018.04.06-18.15.27:481][  0]LogConsoleResponse: Display: 
[2018.04.06-18.15.31:658][  0]LogFileCache: Scanning file cache for directory 'E:/Tetris/Content/' took 0.02s
[2018.04.06-18.15.31:658][  0]LogCook: Display: Max memory allowance for cook 16384mb min free memory 0mb
[2018.04.06-18.15.31:672][  0]LogCook: Display: Mobile HDR setting 1
[2018.04.06-18.15.31:672][  0]LogGameplayTags: Display: UGameplayTagsManager::DoneAddingNativeTags. DelegateIsBound: 0
[2018.04.06-18.15.31:672][  0]LogStats: UGameplayTagsManager::ConstructGameplayTagTree: Construct from data asset -  0.000 s
[2018.04.06-18.15.31:672][  0]LogStats: UGameplayTagsManager::ConstructGameplayTagTree: GameplayTagTreeChangedEvent.Broadcast -  0.000 s
[2018.04.06-18.15.43:027][  0]SourceControl: Controle de origem desativado
[2018.04.06-18.15.43:167][  0]Cmd: MAP LOAD FILE="../../../Engine/Content/Maps/Templates/Template_Default.umap" TEMPLATE=1 SHOWPROGRESS=1 FEATURELEVEL=3
[2018.04.06-18.15.43:209][  0]LightingResults: New page: Compilação de Iluminação
[2018.04.06-18.15.43:708][  0]MapCheck: New page: Verificação de Mapa
[2018.04.06-18.15.43:708][  0]LightingResults: New page: Compilação de Iluminação
[2018.04.06-18.15.49:151][  0]LogAIModule: Creating AISystem for world Untitled_1
[2018.04.06-18.15.49:995][  0]LogEditorServer: Finished looking for orphan Actors (0.000 secs)
[2018.04.06-18.15.50:380][  0]Cmd: MAP CHECKDEP NOCLEARLOG
[2018.04.06-18.15.50:895][  0]MapCheck: Map check complete: 0 Error(s), 0 Warning(s), took 515,14ms to complete.
[2018.04.06-18.15.50:896][  0]LogFileHelpers: Loading map 'Template_Default' took 7.789
[2018.04.06-18.15.57:583][  0]LogCollectionManager: Loaded 0 collections in 0.009372 seconds
[2018.04.06-18.15.59:315][  0]LogFileCache: Scanning file cache for directory 'E:/Tetris/Saved/Collections/' took 0.01s
[2018.04.06-18.15.59:315][  0]LogFileCache: Scanning file cache for directory 'E:/Tetris/Content/Developers/giova000/Collections/' took 0.01s
[2018.04.06-18.15.59:316][  0]LogFileCache: Scanning file cache for directory 'E:/Tetris/Content/Collections/' took 0.01s
[2018.04.06-18.15.59:316][  0]LogCollectionManager: Rebuilt the GUID cache for 0 collections in 0.000001 seconds
[2018.04.06-18.15.59:413][  0]LogContentBrowser: Native class hierarchy populated in 0.0937 seconds. Added 2453 classes and 560 folders.
[2018.04.06-18.15.59:743][  0]LogContentBrowser: Native class hierarchy updated for 'WidgetCarousel' in 0.0043 seconds. Added 0 classes and 0 folders.
[2018.04.06-18.16.05:773][  0]LogContentBrowser: Native class hierarchy updated for 'AddContentDialog' in 0.0030 seconds. Added 0 classes and 0 folders.
[2018.04.06-18.16.06:205][  0]LogContentBrowser: Native class hierarchy updated for 'SceneOutliner' in 0.0031 seconds. Added 1 classes and 2 folders.
[2018.04.06-18.16.07:363][  0]LogSlate: Took 0.069653 seconds to synchronously load lazily loaded font '../../../Engine/Content/Slate/Fonts/Roboto-Regular.ttf' (155K)
[2018.04.06-18.16.07:451][  0]LogSlate: Took 0.081381 seconds to synchronously load lazily loaded font '../../../Engine/Content/Slate/Fonts/Roboto-Bold.ttf' (160K)
[2018.04.06-18.16.07:641][  0]LogSlate: Took 0.068574 seconds to synchronously load lazily loaded font '../../../Engine/Content/Editor/Slate/Fonts/FontAwesome.ttf' (139K)
[2018.04.06-18.16.08:624][  0]LogRenderer: Reallocating scene render targets to support 856x396 Format 10 NumSamples 1 (Frame:1).
[2018.04.06-18.16.12:145][  0]LogSlate: FSceneViewport::OnFocusLost() reason 2
[2018.04.06-18.16.12:290][  0]LogSlate: Window 'Tutoriais' being destroyed
[2018.04.06-18.16.12:622][  0]LogContentBrowser: Native class hierarchy updated for 'HierarchicalLODOutliner' in 0.0033 seconds. Added 0 classes and 0 folders.
[2018.04.06-18.16.12:622][  0]LogLoad: (Engine Initialization) Total time: 186.81 seconds
[2018.04.06-18.16.12:622][  0]LogLoad: (Engine Initialization) Total Blueprint compile time: 0.00 seconds
[2018.04.06-18.16.13:114][  0]LogContentStreaming: Texture pool size now 1000 MB
[2018.04.06-18.16.15:472][  4]LogAssetRegistry: Asset discovery search completed in 132.0184 seconds
[2018.04.06-18.16.15:478][  4]LogCollectionManager: Rebuilt the object cache for 0 collections in 0.000000 seconds (found 0 objects)
[2018.04.06-18.16.15:478][  4]LogCollectionManager: Fixed up redirectors for 0 collections in 0.000166 seconds (updated 0 objects)
[2018.04.06-18.16.17:494][ 10]LogSlate: Took 0.011569 seconds to synchronously load lazily loaded font '../../../Engine/Content/Slate/Fonts/Roboto-Light.ttf' (167K)
